{"meta": {"format": 3, "version": "7.10.7", "timestamp": "2025-11-10T16:07:51.027980", "branch_coverage": false, "show_contexts": false}, "files": {"app/__init__.py": {"executed_lines": [1, 6], "summary": {"covered_lines": 1, "num_statements": 1, "percent_covered": 100.0, "percent_covered_display": "100", "missing_lines": 0, "excluded_lines": 0}, "missing_lines": [], "excluded_lines": [], "functions": {"": {"executed_lines": [1, 6], "summary": {"covered_lines": 1, "num_statements": 1, "percent_covered": 100.0, "percent_covered_display": "100", "missing_lines": 0, "excluded_lines": 0}, "missing_lines": [], "excluded_lines": []}}, "classes": {"": {"executed_lines": [1, 6], "summary": {"covered_lines": 1, "num_statements": 1, "percent_covered": 100.0, "percent_covered_display": "100", "missing_lines": 0, "excluded_lines": 0}, "missing_lines": [], "excluded_lines": []}}}, "app/algorithms/__init__.py": {"executed_lines": [1, 4, 5, 6, 7, 9], "summary": {"covered_lines": 5, "num_statements": 5, "percent_covered": 100.0, "percent_covered_display": "100", "missing_lines": 0, "excluded_lines": 0}, "missing_lines": [], "excluded_lines": [], "functions": {"": {"executed_lines": [1, 4, 5, 6, 7, 9], "summary": {"covered_lines": 5, "num_statements": 5, "percent_covered": 100.0, "percent_covered_display": "100", "missing_lines": 0, "excluded_lines": 0}, "missing_lines": [], "excluded_lines": []}}, "classes": {"": {"executed_lines": [1, 4, 5, 6, 7, 9], "summary": {"covered_lines": 5, "num_statements": 5, "percent_covered": 100.0, "percent_covered_display": "100", "missing_lines": 0, "excluded_lines": 0}, "missing_lines": [], "excluded_lines": []}}}, "app/algorithms/iqr_detector.py": {"executed_lines": [1, 5, 6, 7, 8, 10, 13, 16, 17, 24, 41, 104, 125, 154, 179, 215], "summary": {"covered_lines": 14, "num_statements": 83, "percent_covered": 16.867469879518072, "percent_covered_display": "17", "missing_lines": 69, "excluded_lines": 0}, "missing_lines": [37, 38, 39, 56, 57, 60, 62, 64, 66, 69, 70, 71, 74, 75, 78, 79, 81, 82, 83, 85, 86, 89, 91, 93, 99, 100, 102, 114, 115, 116, 117, 118, 119, 120, 121, 123, 138, 139, 141, 142, 143, 145, 146, 148, 150, 151, 152, 172, 173, 175, 177, 189, 190, 192, 193, 194, 195, 197, 198, 200, 211, 212, 213, 226, 227, 228, 229, 230, 231], "excluded_lines": [], "functions": {"IQRDetector.__init__": {"executed_lines": [], "summary": {"covered_lines": 0, "num_statements": 3, "percent_covered": 0.0, "percent_covered_display": "0", "missing_lines": 3, "excluded_lines": 0}, "missing_lines": [37, 38, 39], "excluded_lines": []}, "IQRDetector.detect": {"executed_lines": [], "summary": {"covered_lines": 0, "num_statements": 24, "percent_covered": 0.0, "percent_covered_display": "0", "missing_lines": 24, "excluded_lines": 0}, "missing_lines": [56, 57, 60, 62, 64, 66, 69, 70, 71, 74, 75, 78, 79, 81, 82, 83, 85, 86, 89, 91, 93, 99, 100, 102], "excluded_lines": []}, "IQRDetector._calculate_severity": {"executed_lines": [], "summary": {"covered_lines": 0, "num_statements": 9, "percent_covered": 0.0, "percent_covered_display": "0", "missing_lines": 9, "excluded_lines": 0}, "missing_lines": [114, 115, 116, 117, 118, 119, 120, 121, 123], "excluded_lines": []}, "IQRDetector.calculate_expected_range": {"executed_lines": [], "summary": {"covered_lines": 0, "num_statements": 11, "percent_covered": 0.0, "percent_covered_display": "0", "missing_lines": 11, "excluded_lines": 0}, "missing_lines": [138, 139, 141, 142, 143, 145, 146, 148, 150, 151, 152], "excluded_lines": []}, "IQRDetector.calculate_confidence": {"executed_lines": [], "summary": {"covered_lines": 0, "num_statements": 4, "percent_covered": 0.0, "percent_covered_display": "0", "missing_lines": 4, "excluded_lines": 0}, "missing_lines": [172, 173, 175, 177], "excluded_lines": []}, "IQRDetector.get_statistics": {"executed_lines": [], "summary": {"covered_lines": 0, "num_statements": 12, "percent_covered": 0.0, "percent_covered_display": "0", "missing_lines": 12, "excluded_lines": 0}, "missing_lines": [189, 190, 192, 193, 194, 195, 197, 198, 200, 211, 212, 213], "excluded_lines": []}, "IQRDetector.is_outlier": {"executed_lines": [], "summary": {"covered_lines": 0, "num_statements": 6, "percent_covered": 0.0, "percent_covered_display": "0", "missing_lines": 6, "excluded_lines": 0}, "missing_lines": [226, 227, 228, 229, 230, 231], "excluded_lines": []}, "": {"executed_lines": [1, 5, 6, 7, 8, 10, 13, 16, 17, 24, 41, 104, 125, 154, 179, 215], "summary": {"covered_lines": 14, "num_statements": 14, "percent_covered": 100.0, "percent_covered_display": "100", "missing_lines": 0, "excluded_lines": 0}, "missing_lines": [], "excluded_lines": []}}, "classes": {"IQRDetector": {"executed_lines": [], "summary": {"covered_lines": 0, "num_statements": 69, "percent_covered": 0.0, "percent_covered_display": "0", "missing_lines": 69, "excluded_lines": 0}, "missing_lines": [37, 38, 39, 56, 57, 60, 62, 64, 66, 69, 70, 71, 74, 75, 78, 79, 81, 82, 83, 85, 86, 89, 91, 93, 99, 100, 102, 114, 115, 116, 117, 118, 119, 120, 121, 123, 138, 139, 141, 142, 143, 145, 146, 148, 150, 151, 152, 172, 173, 175, 177, 189, 190, 192, 193, 194, 195, 197, 198, 200, 211, 212, 213, 226, 227, 228, 229, 230, 231], "excluded_lines": []}, "": {"executed_lines": [1, 5, 6, 7, 8, 10, 13, 16, 17, 24, 41, 104, 125, 154, 179, 215], "summary": {"covered_lines": 14, "num_statements": 14, "percent_covered": 100.0, "percent_covered_display": "100", "missing_lines": 0, "excluded_lines": 0}, "missing_lines": [], "excluded_lines": []}}}, "app/algorithms/seasonal_decomposition.py": {"executed_lines": [1, 5, 6, 7, 8, 11, 14, 15, 22, 38, 97, 120, 153, 182, 211, 259, 292], "summary": {"covered_lines": 15, "num_statements": 116, "percent_covered": 12.931034482758621, "percent_covered_display": "13", "missing_lines": 101, "excluded_lines": 0}, "missing_lines": [34, 35, 36, 53, 54, 57, 64, 65, 68, 71, 74, 77, 79, 88, 89, 90, 108, 111, 113, 114, 115, 116, 118, 130, 133, 135, 136, 137, 138, 141, 144, 145, 147, 148, 149, 151, 168, 169, 170, 172, 173, 175, 176, 178, 179, 180, 197, 198, 199, 201, 202, 204, 205, 207, 208, 209, 230, 232, 233, 235, 236, 238, 241, 242, 244, 245, 248, 249, 251, 252, 254, 255, 257, 274, 275, 277, 278, 281, 282, 284, 286, 288, 289, 290, 307, 308, 310, 311, 314, 315, 317, 320, 321, 323, 324, 325, 326, 328, 330, 331, 332], "excluded_lines": [], "functions": {"SeasonalDecomposer.__init__": {"executed_lines": [], "summary": {"covered_lines": 0, "num_statements": 3, "percent_covered": 0.0, "percent_covered_display": "0", "missing_lines": 3, "excluded_lines": 0}, "missing_lines": [34, 35, 36], "excluded_lines": []}, "SeasonalDecomposer.decompose": {"executed_lines": [], "summary": {"covered_lines": 0, "num_statements": 13, "percent_covered": 0.0, "percent_covered_display": "0", "missing_lines": 13, "excluded_lines": 0}, "missing_lines": [53, 54, 57, 64, 65, 68, 71, 74, 77, 79, 88, 89, 90], "excluded_lines": []}, "SeasonalDecomposer._calculate_trend": {"executed_lines": [], "summary": {"covered_lines": 0, "num_statements": 7, "percent_covered": 0.0, "percent_covered_display": "0", "missing_lines": 7, "excluded_lines": 0}, "missing_lines": [108, 111, 113, 114, 115, 116, 118], "excluded_lines": []}, "SeasonalDecomposer._calculate_seasonal": {"executed_lines": [], "summary": {"covered_lines": 0, "num_statements": 13, "percent_covered": 0.0, "percent_covered_display": "0", "missing_lines": 13, "excluded_lines": 0}, "missing_lines": [130, 133, 135, 136, 137, 138, 141, 144, 145, 147, 148, 149, 151], "excluded_lines": []}, "SeasonalDecomposer._calculate_seasonal_strength": {"executed_lines": [], "summary": {"covered_lines": 0, "num_statements": 10, "percent_covered": 0.0, "percent_covered_display": "0", "missing_lines": 10, "excluded_lines": 0}, "missing_lines": [168, 169, 170, 172, 173, 175, 176, 178, 179, 180], "excluded_lines": []}, "SeasonalDecomposer._calculate_trend_strength": {"executed_lines": [], "summary": {"covered_lines": 0, "num_statements": 10, "percent_covered": 0.0, "percent_covered_display": "0", "missing_lines": 10, "excluded_lines": 0}, "missing_lines": [197, 198, 199, 201, 202, 204, 205, 207, 208, 209], "excluded_lines": []}, "SeasonalDecomposer.detect_seasonal_anomalies": {"executed_lines": [], "summary": {"covered_lines": 0, "num_statements": 17, "percent_covered": 0.0, "percent_covered_display": "0", "missing_lines": 17, "excluded_lines": 0}, "missing_lines": [230, 232, 233, 235, 236, 238, 241, 242, 244, 245, 248, 249, 251, 252, 254, 255, 257], "excluded_lines": []}, "SeasonalDecomposer.adjust_for_seasonality": {"executed_lines": [], "summary": {"covered_lines": 0, "num_statements": 11, "percent_covered": 0.0, "percent_covered_display": "0", "missing_lines": 11, "excluded_lines": 0}, "missing_lines": [274, 275, 277, 278, 281, 282, 284, 286, 288, 289, 290], "excluded_lines": []}, "SeasonalDecomposer.predict_seasonal_pattern": {"executed_lines": [], "summary": {"covered_lines": 0, "num_statements": 17, "percent_covered": 0.0, "percent_covered_display": "0", "missing_lines": 17, "excluded_lines": 0}, "missing_lines": [307, 308, 310, 311, 314, 315, 317, 320, 321, 323, 324, 325, 326, 328, 330, 331, 332], "excluded_lines": []}, "": {"executed_lines": [1, 5, 6, 7, 8, 11, 14, 15, 22, 38, 97, 120, 153, 182, 211, 259, 292], "summary": {"covered_lines": 15, "num_statements": 15, "percent_covered": 100.0, "percent_covered_display": "100", "missing_lines": 0, "excluded_lines": 0}, "missing_lines": [], "excluded_lines": []}}, "classes": {"SeasonalDecomposer": {"executed_lines": [], "summary": {"covered_lines": 0, "num_statements": 101, "percent_covered": 0.0, "percent_covered_display": "0", "missing_lines": 101, "excluded_lines": 0}, "missing_lines": [34, 35, 36, 53, 54, 57, 64, 65, 68, 71, 74, 77, 79, 88, 89, 90, 108, 111, 113, 114, 115, 116, 118, 130, 133, 135, 136, 137, 138, 141, 144, 145, 147, 148, 149, 151, 168, 169, 170, 172, 173, 175, 176, 178, 179, 180, 197, 198, 199, 201, 202, 204, 205, 207, 208, 209, 230, 232, 233, 235, 236, 238, 241, 242, 244, 245, 248, 249, 251, 252, 254, 255, 257, 274, 275, 277, 278, 281, 282, 284, 286, 288, 289, 290, 307, 308, 310, 311, 314, 315, 317, 320, 321, 323, 324, 325, 326, 328, 330, 331, 332], "excluded_lines": []}, "": {"executed_lines": [1, 5, 6, 7, 8, 11, 14, 15, 22, 38, 97, 120, 153, 182, 211, 259, 292], "summary": {"covered_lines": 15, "num_statements": 15, "percent_covered": 100.0, "percent_covered_display": "100", "missing_lines": 0, "excluded_lines": 0}, "missing_lines": [], "excluded_lines": []}}}, "app/algorithms/trend_analyzer.py": {"executed_lines": [1, 5, 6, 7, 8, 10, 13, 16, 17, 23, 39, 110, 147, 209, 232, 259, 282, 317, 368], "summary": {"covered_lines": 17, "num_statements": 127, "percent_covered": 13.385826771653543, "percent_covered_display": "13", "missing_lines": 110, "excluded_lines": 0}, "missing_lines": [35, 36, 37, 56, 57, 60, 66, 68, 71, 74, 77, 80, 83, 85, 101, 102, 103, 125, 127, 128, 129, 132, 133, 136, 137, 138, 139, 141, 143, 144, 145, 164, 166, 173, 174, 177, 178, 180, 181, 182, 184, 186, 188, 189, 190, 192, 194, 195, 198, 199, 201, 203, 205, 206, 207, 225, 226, 227, 228, 230, 242, 243, 244, 245, 247, 248, 251, 253, 255, 256, 257, 269, 271, 272, 273, 274, 275, 276, 277, 278, 280, 300, 303, 306, 309, 315, 334, 336, 337, 338, 341, 343, 344, 345, 348, 349, 350, 353, 354, 363, 364, 366, 385, 386, 389, 390, 392, 394, 395, 396], "excluded_lines": [], "functions": {"TrendAnalyzer.__init__": {"executed_lines": [], "summary": {"covered_lines": 0, "num_statements": 3, "percent_covered": 0.0, "percent_covered_display": "0", "missing_lines": 3, "excluded_lines": 0}, "missing_lines": [35, 36, 37], "excluded_lines": []}, "TrendAnalyzer.analyze_trend": {"executed_lines": [], "summary": {"covered_lines": 0, "num_statements": 14, "percent_covered": 0.0, "percent_covered_display": "0", "missing_lines": 14, "excluded_lines": 0}, "missing_lines": [56, 57, 60, 66, 68, 71, 74, 77, 80, 83, 85, 101, 102, 103], "excluded_lines": []}, "TrendAnalyzer._calculate_linear_trend": {"executed_lines": [], "summary": {"covered_lines": 0, "num_statements": 14, "percent_covered": 0.0, "percent_covered_display": "0", "missing_lines": 14, "excluded_lines": 0}, "missing_lines": [125, 127, 128, 129, 132, 133, 136, 137, 138, 139, 141, 143, 144, 145], "excluded_lines": []}, "TrendAnalyzer._calculate_period_change": {"executed_lines": [], "summary": {"covered_lines": 0, "num_statements": 24, "percent_covered": 0.0, "percent_covered_display": "0", "missing_lines": 24, "excluded_lines": 0}, "missing_lines": [164, 166, 173, 174, 177, 178, 180, 181, 182, 184, 186, 188, 189, 190, 192, 194, 195, 198, 199, 201, 203, 205, 206, 207], "excluded_lines": []}, "TrendAnalyzer._determine_direction": {"executed_lines": [], "summary": {"covered_lines": 0, "num_statements": 5, "percent_covered": 0.0, "percent_covered_display": "0", "missing_lines": 5, "excluded_lines": 0}, "missing_lines": [225, 226, 227, 228, 230], "excluded_lines": []}, "TrendAnalyzer._calculate_volatility": {"executed_lines": [], "summary": {"covered_lines": 0, "num_statements": 11, "percent_covered": 0.0, "percent_covered_display": "0", "missing_lines": 11, "excluded_lines": 0}, "missing_lines": [242, 243, 244, 245, 247, 248, 251, 253, 255, 256, 257], "excluded_lines": []}, "TrendAnalyzer._calculate_severity": {"executed_lines": [], "summary": {"covered_lines": 0, "num_statements": 10, "percent_covered": 0.0, "percent_covered_display": "0", "missing_lines": 10, "excluded_lines": 0}, "missing_lines": [269, 271, 272, 273, 274, 275, 276, 277, 278, 280], "excluded_lines": []}, "TrendAnalyzer._calculate_confidence": {"executed_lines": [], "summary": {"covered_lines": 0, "num_statements": 5, "percent_covered": 0.0, "percent_covered_display": "0", "missing_lines": 5, "excluded_lines": 0}, "missing_lines": [300, 303, 306, 309, 315], "excluded_lines": []}, "TrendAnalyzer.detect_trend_changes": {"executed_lines": [], "summary": {"covered_lines": 0, "num_statements": 16, "percent_covered": 0.0, "percent_covered_display": "0", "missing_lines": 16, "excluded_lines": 0}, "missing_lines": [334, 336, 337, 338, 341, 343, 344, 345, 348, 349, 350, 353, 354, 363, 364, 366], "excluded_lines": []}, "TrendAnalyzer.forecast_next_value": {"executed_lines": [], "summary": {"covered_lines": 0, "num_statements": 8, "percent_covered": 0.0, "percent_covered_display": "0", "missing_lines": 8, "excluded_lines": 0}, "missing_lines": [385, 386, 389, 390, 392, 394, 395, 396], "excluded_lines": []}, "": {"executed_lines": [1, 5, 6, 7, 8, 10, 13, 16, 17, 23, 39, 110, 147, 209, 232, 259, 282, 317, 368], "summary": {"covered_lines": 17, "num_statements": 17, "percent_covered": 100.0, "percent_covered_display": "100", "missing_lines": 0, "excluded_lines": 0}, "missing_lines": [], "excluded_lines": []}}, "classes": {"TrendAnalyzer": {"executed_lines": [], "summary": {"covered_lines": 0, "num_statements": 110, "percent_covered": 0.0, "percent_covered_display": "0", "missing_lines": 110, "excluded_lines": 0}, "missing_lines": [35, 36, 37, 56, 57, 60, 66, 68, 71, 74, 77, 80, 83, 85, 101, 102, 103, 125, 127, 128, 129, 132, 133, 136, 137, 138, 139, 141, 143, 144, 145, 164, 166, 173, 174, 177, 178, 180, 181, 182, 184, 186, 188, 189, 190, 192, 194, 195, 198, 199, 201, 203, 205, 206, 207, 225, 226, 227, 228, 230, 242, 243, 244, 245, 247, 248, 251, 253, 255, 256, 257, 269, 271, 272, 273, 274, 275, 276, 277, 278, 280, 300, 303, 306, 309, 315, 334, 336, 337, 338, 341, 343, 344, 345, 348, 349, 350, 353, 354, 363, 364, 366, 385, 386, 389, 390, 392, 394, 395, 396], "excluded_lines": []}, "": {"executed_lines": [1, 5, 6, 7, 8, 10, 13, 16, 17, 23, 39, 110, 147, 209, 232, 259, 282, 317, 368], "summary": {"covered_lines": 17, "num_statements": 17, "percent_covered": 100.0, "percent_covered_display": "100", "missing_lines": 0, "excluded_lines": 0}, "missing_lines": [], "excluded_lines": []}}}, "app/algorithms/zscore_detector.py": {"executed_lines": [1, 5, 6, 7, 8, 10, 13, 16, 17, 24, 40, 103, 124, 142, 168], "summary": {"covered_lines": 13, "num_statements": 60, "percent_covered": 21.666666666666668, "percent_covered_display": "22", "missing_lines": 47, "excluded_lines": 0}, "missing_lines": [36, 37, 38, 55, 56, 59, 61, 63, 65, 68, 69, 72, 73, 74, 77, 80, 81, 83, 84, 86, 89, 91, 93, 98, 99, 101, 113, 114, 115, 116, 117, 118, 119, 120, 122, 139, 140, 160, 161, 164, 166, 178, 179, 181, 190, 191, 192], "excluded_lines": [], "functions": {"ZScoreDetector.__init__": {"executed_lines": [], "summary": {"covered_lines": 0, "num_statements": 3, "percent_covered": 0.0, "percent_covered_display": "0", "missing_lines": 3, "excluded_lines": 0}, "missing_lines": [36, 37, 38], "excluded_lines": []}, "ZScoreDetector.detect": {"executed_lines": [], "summary": {"covered_lines": 0, "num_statements": 23, "percent_covered": 0.0, "percent_covered_display": "0", "missing_lines": 23, "excluded_lines": 0}, "missing_lines": [55, 56, 59, 61, 63, 65, 68, 69, 72, 73, 74, 77, 80, 81, 83, 84, 86, 89, 91, 93, 98, 99, 101], "excluded_lines": []}, "ZScoreDetector._calculate_severity": {"executed_lines": [], "summary": {"covered_lines": 0, "num_statements": 9, "percent_covered": 0.0, "percent_covered_display": "0", "missing_lines": 9, "excluded_lines": 0}, "missing_lines": [113, 114, 115, 116, 117, 118, 119, 120, 122], "excluded_lines": []}, "ZScoreDetector.calculate_expected_value": {"executed_lines": [], "summary": {"covered_lines": 0, "num_statements": 2, "percent_covered": 0.0, "percent_covered_display": "0", "missing_lines": 2, "excluded_lines": 0}, "missing_lines": [139, 140], "excluded_lines": []}, "ZScoreDetector.calculate_confidence": {"executed_lines": [], "summary": {"covered_lines": 0, "num_statements": 4, "percent_covered": 0.0, "percent_covered_display": "0", "missing_lines": 4, "excluded_lines": 0}, "missing_lines": [160, 161, 164, 166], "excluded_lines": []}, "ZScoreDetector.get_statistics": {"executed_lines": [], "summary": {"covered_lines": 0, "num_statements": 6, "percent_covered": 0.0, "percent_covered_display": "0", "missing_lines": 6, "excluded_lines": 0}, "missing_lines": [178, 179, 181, 190, 191, 192], "excluded_lines": []}, "": {"executed_lines": [1, 5, 6, 7, 8, 10, 13, 16, 17, 24, 40, 103, 124, 142, 168], "summary": {"covered_lines": 13, "num_statements": 13, "percent_covered": 100.0, "percent_covered_display": "100", "missing_lines": 0, "excluded_lines": 0}, "missing_lines": [], "excluded_lines": []}}, "classes": {"ZScoreDetector": {"executed_lines": [], "summary": {"covered_lines": 0, "num_statements": 47, "percent_covered": 0.0, "percent_covered_display": "0", "missing_lines": 47, "excluded_lines": 0}, "missing_lines": [36, 37, 38, 55, 56, 59, 61, 63, 65, 68, 69, 72, 73, 74, 77, 80, 81, 83, 84, 86, 89, 91, 93, 98, 99, 101, 113, 114, 115, 116, 117, 118, 119, 120, 122, 139, 140, 160, 161, 164, 166, 178, 179, 181, 190, 191, 192], "excluded_lines": []}, "": {"executed_lines": [1, 5, 6, 7, 8, 10, 13, 16, 17, 24, 40, 103, 124, 142, 168], "summary": {"covered_lines": 13, "num_statements": 13, "percent_covered": 100.0, "percent_covered_display": "100", "missing_lines": 0, "excluded_lines": 0}, "missing_lines": [], "excluded_lines": []}}}, "app/api/__init__.py": {"executed_lines": [1], "summary": {"covered_lines": 0, "num_statements": 0, "percent_covered": 100.0, "percent_covered_display": "100", "missing_lines": 0, "excluded_lines": 0}, "missing_lines": [], "excluded_lines": [], "functions": {"": {"executed_lines": [1], "summary": {"covered_lines": 0, "num_statements": 0, "percent_covered": 100.0, "percent_covered_display": "100", "missing_lines": 0, "excluded_lines": 0}, "missing_lines": [], "excluded_lines": []}}, "classes": {"": {"executed_lines": [1], "summary": {"covered_lines": 0, "num_statements": 0, "percent_covered": 100.0, "percent_covered_display": "100", "missing_lines": 0, "excluded_lines": 0}, "missing_lines": [], "excluded_lines": []}}}, "app/api/v1/__init__.py": {"executed_lines": [1, 4, 5, 7, 10, 11, 12, 13], "summary": {"covered_lines": 7, "num_statements": 7, "percent_covered": 100.0, "percent_covered_display": "100", "missing_lines": 0, "excluded_lines": 0}, "missing_lines": [], "excluded_lines": [], "functions": {"": {"executed_lines": [1, 4, 5, 7, 10, 11, 12, 13], "summary": {"covered_lines": 7, "num_statements": 7, "percent_covered": 100.0, "percent_covered_display": "100", "missing_lines": 0, "excluded_lines": 0}, "missing_lines": [], "excluded_lines": []}}, "classes": {"": {"executed_lines": [1, 4, 5, 7, 10, 11, 12, 13], "summary": {"covered_lines": 7, "num_statements": 7, "percent_covered": 100.0, "percent_covered_display": "100", "missing_lines": 0, "excluded_lines": 0}, "missing_lines": [], "excluded_lines": []}}}, "app/api/v1/agents.py": {"executed_lines": [], "summary": {"covered_lines": 0, "num_statements": 104, "percent_covered": 0.0, "percent_covered_display": "0", "missing_lines": 104, "excluded_lines": 0}, "missing_lines": [5, 6, 8, 10, 11, 12, 25, 28, 30, 33, 35, 38, 39, 49, 50, 52, 53, 55, 57, 58, 59, 60, 63, 64, 74, 75, 77, 78, 80, 82, 83, 84, 85, 88, 89, 98, 99, 101, 102, 104, 106, 107, 108, 109, 112, 113, 126, 127, 135, 137, 138, 139, 140, 143, 144, 153, 154, 156, 157, 159, 161, 162, 163, 164, 167, 168, 177, 178, 180, 181, 183, 185, 186, 187, 188, 191, 192, 201, 202, 204, 205, 207, 209, 210, 211, 212, 215, 216, 225, 226, 227, 229, 230, 231, 232, 235, 236, 245, 246, 247, 249, 250, 251, 252], "excluded_lines": [], "functions": {"get_routing_service": {"executed_lines": [], "summary": {"covered_lines": 0, "num_statements": 1, "percent_covered": 0.0, "percent_covered_display": "0", "missing_lines": 1, "excluded_lines": 0}, "missing_lines": [30], "excluded_lines": []}, "get_collaboration_service": {"executed_lines": [], "summary": {"covered_lines": 0, "num_statements": 1, "percent_covered": 0.0, "percent_covered_display": "0", "missing_lines": 1, "excluded_lines": 0}, "missing_lines": [35], "excluded_lines": []}, "route_task": {"executed_lines": [], "summary": {"covered_lines": 0, "num_statements": 9, "percent_covered": 0.0, "percent_covered_display": "0", "missing_lines": 9, "excluded_lines": 0}, "missing_lines": [49, 50, 52, 53, 55, 57, 58, 59, 60], "excluded_lines": []}, "initiate_collaboration": {"executed_lines": [], "summary": {"covered_lines": 0, "num_statements": 9, "percent_covered": 0.0, "percent_covered_display": "0", "missing_lines": 9, "excluded_lines": 0}, "missing_lines": [74, 75, 77, 78, 80, 82, 83, 84, 85], "excluded_lines": []}, "get_task": {"executed_lines": [], "summary": {"covered_lines": 0, "num_statements": 9, "percent_covered": 0.0, "percent_covered_display": "0", "missing_lines": 9, "excluded_lines": 0}, "missing_lines": [98, 99, 101, 102, 104, 106, 107, 108, 109], "excluded_lines": []}, "list_tasks": {"executed_lines": [], "summary": {"covered_lines": 0, "num_statements": 7, "percent_covered": 0.0, "percent_covered_display": "0", "missing_lines": 7, "excluded_lines": 0}, "missing_lines": [126, 127, 135, 137, 138, 139, 140], "excluded_lines": []}, "cancel_task": {"executed_lines": [], "summary": {"covered_lines": 0, "num_statements": 9, "percent_covered": 0.0, "percent_covered_display": "0", "missing_lines": 9, "excluded_lines": 0}, "missing_lines": [153, 154, 156, 157, 159, 161, 162, 163, 164], "excluded_lines": []}, "retry_task": {"executed_lines": [], "summary": {"covered_lines": 0, "num_statements": 9, "percent_covered": 0.0, "percent_covered_display": "0", "missing_lines": 9, "excluded_lines": 0}, "missing_lines": [177, 178, 180, 181, 183, 185, 186, 187, 188], "excluded_lines": []}, "get_collaboration": {"executed_lines": [], "summary": {"covered_lines": 0, "num_statements": 9, "percent_covered": 0.0, "percent_covered_display": "0", "missing_lines": 9, "excluded_lines": 0}, "missing_lines": [201, 202, 204, 205, 207, 209, 210, 211, 212], "excluded_lines": []}, "get_agent_health": {"executed_lines": [], "summary": {"covered_lines": 0, "num_statements": 7, "percent_covered": 0.0, "percent_covered_display": "0", "missing_lines": 7, "excluded_lines": 0}, "missing_lines": [225, 226, 227, 229, 230, 231, 232], "excluded_lines": []}, "get_agent_metrics": {"executed_lines": [], "summary": {"covered_lines": 0, "num_statements": 7, "percent_covered": 0.0, "percent_covered_display": "0", "missing_lines": 7, "excluded_lines": 0}, "missing_lines": [245, 246, 247, 249, 250, 251, 252], "excluded_lines": []}, "": {"executed_lines": [], "summary": {"covered_lines": 0, "num_statements": 27, "percent_covered": 0.0, "percent_covered_display": "0", "missing_lines": 27, "excluded_lines": 0}, "missing_lines": [5, 6, 8, 10, 11, 12, 25, 28, 33, 38, 39, 63, 64, 88, 89, 112, 113, 143, 144, 167, 168, 191, 192, 215, 216, 235, 236], "excluded_lines": []}}, "classes": {"": {"executed_lines": [], "summary": {"covered_lines": 0, "num_statements": 104, "percent_covered": 0.0, "percent_covered_display": "0", "missing_lines": 104, "excluded_lines": 0}, "missing_lines": [5, 6, 8, 10, 11, 12, 25, 28, 30, 33, 35, 38, 39, 49, 50, 52, 53, 55, 57, 58, 59, 60, 63, 64, 74, 75, 77, 78, 80, 82, 83, 84, 85, 88, 89, 98, 99, 101, 102, 104, 106, 107, 108, 109, 112, 113, 126, 127, 135, 137, 138, 139, 140, 143, 144, 153, 154, 156, 157, 159, 161, 162, 163, 164, 167, 168, 177, 178, 180, 181, 183, 185, 186, 187, 188, 191, 192, 201, 202, 204, 205, 207, 209, 210, 211, 212, 215, 216, 225, 226, 227, 229, 230, 231, 232, 235, 236, 245, 246, 247, 249, 250, 251, 252], "excluded_lines": []}}}, "app/api/v1/briefings.py": {"executed_lines": [], "summary": {"covered_lines": 0, "num_statements": 120, "percent_covered": 0.0, "percent_covered_display": "0", "missing_lines": 120, "excluded_lines": 0}, "missing_lines": [5, 6, 7, 9, 11, 12, 24, 27, 29, 32, 33, 44, 45, 49, 50, 52, 54, 55, 57, 59, 60, 61, 62, 65, 66, 75, 76, 84, 85, 87, 89, 90, 91, 92, 95, 96, 107, 108, 109, 112, 113, 115, 123, 124, 127, 133, 134, 136, 138, 139, 140, 141, 144, 145, 156, 157, 158, 160, 161, 163, 171, 172, 174, 180, 181, 183, 185, 186, 187, 188, 191, 192, 203, 204, 206, 207, 209, 211, 219, 220, 222, 230, 231, 233, 235, 236, 237, 238, 241, 242, 251, 252, 256, 257, 259, 261, 262, 263, 264, 267, 268, 284, 285, 289, 290, 292, 293, 295, 296, 298, 299, 301, 302, 304, 305, 307, 309, 311, 320, 321], "excluded_lines": [], "functions": {"get_briefing_service": {"executed_lines": [], "summary": {"covered_lines": 0, "num_statements": 1, "percent_covered": 0.0, "percent_covered_display": "0", "missing_lines": 1, "excluded_lines": 0}, "missing_lines": [29], "excluded_lines": []}, "get_latest_briefing": {"executed_lines": [], "summary": {"covered_lines": 0, "num_statements": 12, "percent_covered": 0.0, "percent_covered_display": "0", "missing_lines": 12, "excluded_lines": 0}, "missing_lines": [44, 45, 49, 50, 52, 54, 55, 57, 59, 60, 61, 62], "excluded_lines": []}, "generate_briefing": {"executed_lines": [], "summary": {"covered_lines": 0, "num_statements": 9, "percent_covered": 0.0, "percent_covered_display": "0", "missing_lines": 9, "excluded_lines": 0}, "missing_lines": [75, 76, 84, 85, 87, 89, 90, 91, 92], "excluded_lines": []}, "get_morning_brief": {"executed_lines": [], "summary": {"covered_lines": 0, "num_statements": 16, "percent_covered": 0.0, "percent_covered_display": "0", "missing_lines": 16, "excluded_lines": 0}, "missing_lines": [107, 108, 109, 112, 113, 115, 123, 124, 127, 133, 134, 136, 138, 139, 140, 141], "excluded_lines": []}, "get_evening_wrap": {"executed_lines": [], "summary": {"covered_lines": 0, "num_statements": 16, "percent_covered": 0.0, "percent_covered_display": "0", "missing_lines": 16, "excluded_lines": 0}, "missing_lines": [156, 157, 158, 160, 161, 163, 171, 172, 174, 180, 181, 183, 185, 186, 187, 188], "excluded_lines": []}, "get_investor_summary": {"executed_lines": [], "summary": {"covered_lines": 0, "num_statements": 16, "percent_covered": 0.0, "percent_covered_display": "0", "missing_lines": 16, "excluded_lines": 0}, "missing_lines": [203, 204, 206, 207, 209, 211, 219, 220, 222, 230, 231, 233, 235, 236, 237, 238], "excluded_lines": []}, "schedule_briefing": {"executed_lines": [], "summary": {"covered_lines": 0, "num_statements": 9, "percent_covered": 0.0, "percent_covered_display": "0", "missing_lines": 9, "excluded_lines": 0}, "missing_lines": [251, 252, 256, 257, 259, 261, 262, 263, 264], "excluded_lines": []}, "list_briefings": {"executed_lines": [], "summary": {"covered_lines": 0, "num_statements": 19, "percent_covered": 0.0, "percent_covered_display": "0", "missing_lines": 19, "excluded_lines": 0}, "missing_lines": [284, 285, 289, 290, 292, 293, 295, 296, 298, 299, 301, 302, 304, 305, 307, 309, 311, 320, 321], "excluded_lines": []}, "": {"executed_lines": [], "summary": {"covered_lines": 0, "num_statements": 22, "percent_covered": 0.0, "percent_covered_display": "0", "missing_lines": 22, "excluded_lines": 0}, "missing_lines": [5, 6, 7, 9, 11, 12, 24, 27, 32, 33, 65, 66, 95, 96, 144, 145, 191, 192, 241, 242, 267, 268], "excluded_lines": []}}, "classes": {"": {"executed_lines": [], "summary": {"covered_lines": 0, "num_statements": 120, "percent_covered": 0.0, "percent_covered_display": "0", "missing_lines": 120, "excluded_lines": 0}, "missing_lines": [5, 6, 7, 9, 11, 12, 24, 27, 29, 32, 33, 44, 45, 49, 50, 52, 54, 55, 57, 59, 60, 61, 62, 65, 66, 75, 76, 84, 85, 87, 89, 90, 91, 92, 95, 96, 107, 108, 109, 112, 113, 115, 123, 124, 127, 133, 134, 136, 138, 139, 140, 141, 144, 145, 156, 157, 158, 160, 161, 163, 171, 172, 174, 180, 181, 183, 185, 186, 187, 188, 191, 192, 203, 204, 206, 207, 209, 211, 219, 220, 222, 230, 231, 233, 235, 236, 237, 238, 241, 242, 251, 252, 256, 257, 259, 261, 262, 263, 264, 267, 268, 284, 285, 289, 290, 292, 293, 295, 296, 298, 299, 301, 302, 304, 305, 307, 309, 311, 320, 321], "excluded_lines": []}}}, "app/api/v1/discord.py": {"executed_lines": [], "summary": {"covered_lines": 0, "num_statements": 41, "percent_covered": 0.0, "percent_covered_display": "0", "missing_lines": 41, "excluded_lines": 0}, "missing_lines": [5, 6, 8, 10, 11, 18, 21, 23, 26, 27, 37, 38, 40, 41, 43, 45, 46, 47, 48, 51, 52, 62, 63, 65, 66, 68, 70, 71, 72, 73, 76, 77, 86, 87, 89, 90, 92, 94, 95, 96, 97], "excluded_lines": [], "functions": {"get_discord_service": {"executed_lines": [], "summary": {"covered_lines": 0, "num_statements": 1, "percent_covered": 0.0, "percent_covered_display": "0", "missing_lines": 1, "excluded_lines": 0}, "missing_lines": [23], "excluded_lines": []}, "post_status_update": {"executed_lines": [], "summary": {"covered_lines": 0, "num_statements": 9, "percent_covered": 0.0, "percent_covered_display": "0", "missing_lines": 9, "excluded_lines": 0}, "missing_lines": [37, 38, 40, 41, 43, 45, 46, 47, 48], "excluded_lines": []}, "send_briefing": {"executed_lines": [], "summary": {"covered_lines": 0, "num_statements": 9, "percent_covered": 0.0, "percent_covered_display": "0", "missing_lines": 9, "excluded_lines": 0}, "missing_lines": [62, 63, 65, 66, 68, 70, 71, 72, 73], "excluded_lines": []}, "get_message": {"executed_lines": [], "summary": {"covered_lines": 0, "num_statements": 9, "percent_covered": 0.0, "percent_covered_display": "0", "missing_lines": 9, "excluded_lines": 0}, "missing_lines": [86, 87, 89, 90, 92, 94, 95, 96, 97], "excluded_lines": []}, "": {"executed_lines": [], "summary": {"covered_lines": 0, "num_statements": 13, "percent_covered": 0.0, "percent_covered_display": "0", "missing_lines": 13, "excluded_lines": 0}, "missing_lines": [5, 6, 8, 10, 11, 18, 21, 26, 27, 51, 52, 76, 77], "excluded_lines": []}}, "classes": {"": {"executed_lines": [], "summary": {"covered_lines": 0, "num_statements": 41, "percent_covered": 0.0, "percent_covered_display": "0", "missing_lines": 41, "excluded_lines": 0}, "missing_lines": [5, 6, 8, 10, 11, 18, 21, 23, 26, 27, 37, 38, 40, 41, 43, 45, 46, 47, 48, 51, 52, 62, 63, 65, 66, 68, 70, 71, 72, 73, 76, 77, 86, 87, 89, 90, 92, 94, 95, 96, 97], "excluded_lines": []}}}, "app/api/v1/feedback.py": {"executed_lines": [], "summary": {"covered_lines": 0, "num_statements": 70, "percent_covered": 0.0, "percent_covered_display": "0", "missing_lines": 70, "excluded_lines": 0}, "missing_lines": [5, 6, 8, 10, 11, 23, 26, 28, 31, 32, 42, 43, 45, 46, 48, 50, 51, 52, 53, 56, 57, 66, 67, 69, 70, 72, 74, 75, 76, 77, 80, 81, 96, 97, 107, 121, 122, 123, 124, 127, 128, 139, 140, 146, 147, 149, 151, 152, 153, 154, 157, 158, 167, 168, 170, 171, 173, 175, 176, 177, 178, 181, 182, 193, 194, 199, 201, 202, 203, 204], "excluded_lines": [], "functions": {"get_feedback_service": {"executed_lines": [], "summary": {"covered_lines": 0, "num_statements": 1, "percent_covered": 0.0, "percent_covered_display": "0", "missing_lines": 1, "excluded_lines": 0}, "missing_lines": [28], "excluded_lines": []}, "submit_feedback": {"executed_lines": [], "summary": {"covered_lines": 0, "num_statements": 9, "percent_covered": 0.0, "percent_covered_display": "0", "missing_lines": 9, "excluded_lines": 0}, "missing_lines": [42, 43, 45, 46, 48, 50, 51, 52, 53], "excluded_lines": []}, "get_feedback": {"executed_lines": [], "summary": {"covered_lines": 0, "num_statements": 9, "percent_covered": 0.0, "percent_covered_display": "0", "missing_lines": 9, "excluded_lines": 0}, "missing_lines": [66, 67, 69, 70, 72, 74, 75, 76, 77], "excluded_lines": []}, "list_feedback": {"executed_lines": [], "summary": {"covered_lines": 0, "num_statements": 7, "percent_covered": 0.0, "percent_covered_display": "0", "missing_lines": 7, "excluded_lines": 0}, "missing_lines": [96, 97, 107, 121, 122, 123, 124], "excluded_lines": []}, "update_feedback_status": {"executed_lines": [], "summary": {"covered_lines": 0, "num_statements": 9, "percent_covered": 0.0, "percent_covered_display": "0", "missing_lines": 9, "excluded_lines": 0}, "missing_lines": [139, 140, 146, 147, 149, 151, 152, 153, 154], "excluded_lines": []}, "upvote_feedback": {"executed_lines": [], "summary": {"covered_lines": 0, "num_statements": 9, "percent_covered": 0.0, "percent_covered_display": "0", "missing_lines": 9, "excluded_lines": 0}, "missing_lines": [167, 168, 170, 171, 173, 175, 176, 177, 178], "excluded_lines": []}, "get_feedback_analytics": {"executed_lines": [], "summary": {"covered_lines": 0, "num_statements": 7, "percent_covered": 0.0, "percent_covered_display": "0", "missing_lines": 7, "excluded_lines": 0}, "missing_lines": [193, 194, 199, 201, 202, 203, 204], "excluded_lines": []}, "": {"executed_lines": [], "summary": {"covered_lines": 0, "num_statements": 19, "percent_covered": 0.0, "percent_covered_display": "0", "missing_lines": 19, "excluded_lines": 0}, "missing_lines": [5, 6, 8, 10, 11, 23, 26, 31, 32, 56, 57, 80, 81, 127, 128, 157, 158, 181, 182], "excluded_lines": []}}, "classes": {"": {"executed_lines": [], "summary": {"covered_lines": 0, "num_statements": 70, "percent_covered": 0.0, "percent_covered_display": "0", "missing_lines": 70, "excluded_lines": 0}, "missing_lines": [5, 6, 8, 10, 11, 23, 26, 28, 31, 32, 42, 43, 45, 46, 48, 50, 51, 52, 53, 56, 57, 66, 67, 69, 70, 72, 74, 75, 76, 77, 80, 81, 96, 97, 107, 121, 122, 123, 124, 127, 128, 139, 140, 146, 147, 149, 151, 152, 153, 154, 157, 158, 167, 168, 170, 171, 173, 175, 176, 177, 178, 181, 182, 193, 194, 199, 201, 202, 203, 204], "excluded_lines": []}}}, "app/api/v1/health.py": {"executed_lines": [1, 5, 6, 7, 9, 10, 12, 15, 16, 17, 18, 19, 20, 21, 24, 25, 26, 27, 28, 31, 32, 57, 58, 76, 77], "summary": {"covered_lines": 22, "num_statements": 26, "percent_covered": 84.61538461538461, "percent_covered_display": "85", "missing_lines": 4, "excluded_lines": 0}, "missing_lines": [46, 48, 69, 84], "excluded_lines": [], "functions": {"health_check": {"executed_lines": [], "summary": {"covered_lines": 0, "num_statements": 2, "percent_covered": 0.0, "percent_covered_display": "0", "missing_lines": 2, "excluded_lines": 0}, "missing_lines": [46, 48], "excluded_lines": []}, "get_version": {"executed_lines": [], "summary": {"covered_lines": 0, "num_statements": 1, "percent_covered": 0.0, "percent_covered_display": "0", "missing_lines": 1, "excluded_lines": 0}, "missing_lines": [69], "excluded_lines": []}, "ping": {"executed_lines": [], "summary": {"covered_lines": 0, "num_statements": 1, "percent_covered": 0.0, "percent_covered_display": "0", "missing_lines": 1, "excluded_lines": 0}, "missing_lines": [84], "excluded_lines": []}, "": {"executed_lines": [1, 5, 6, 7, 9, 10, 12, 15, 16, 17, 18, 19, 20, 21, 24, 25, 26, 27, 28, 31, 32, 57, 58, 76, 77], "summary": {"covered_lines": 22, "num_statements": 22, "percent_covered": 100.0, "percent_covered_display": "100", "missing_lines": 0, "excluded_lines": 0}, "missing_lines": [], "excluded_lines": []}}, "classes": {"HealthResponse": {"executed_lines": [], "summary": {"covered_lines": 0, "num_statements": 0, "percent_covered": 100.0, "percent_covered_display": "100", "missing_lines": 0, "excluded_lines": 0}, "missing_lines": [], "excluded_lines": []}, "VersionResponse": {"executed_lines": [], "summary": {"covered_lines": 0, "num_statements": 0, "percent_covered": 100.0, "percent_covered_display": "100", "missing_lines": 0, "excluded_lines": 0}, "missing_lines": [], "excluded_lines": []}, "": {"executed_lines": [1, 5, 6, 7, 9, 10, 12, 15, 16, 17, 18, 19, 20, 21, 24, 25, 26, 27, 28, 31, 32, 57, 58, 76, 77], "summary": {"covered_lines": 22, "num_statements": 26, "percent_covered": 84.61538461538461, "percent_covered_display": "85", "missing_lines": 4, "excluded_lines": 0}, "missing_lines": [46, 48, 69, 84], "excluded_lines": []}}}, "app/api/v1/insights.py": {"executed_lines": [], "summary": {"covered_lines": 0, "num_statements": 72, "percent_covered": 0.0, "percent_covered_display": "0", "missing_lines": 72, "excluded_lines": 0}, "missing_lines": [5, 6, 7, 9, 11, 12, 26, 29, 31, 34, 35, 50, 51, 53, 57, 58, 60, 61, 63, 64, 67, 68, 71, 73, 75, 86, 87, 90, 91, 106, 107, 109, 113, 114, 116, 117, 119, 120, 122, 123, 125, 127, 129, 139, 140, 143, 144, 160, 161, 168, 170, 171, 174, 175, 187, 189, 190, 194, 198, 200, 207, 208, 209, 211, 218, 219, 220, 222, 223, 225, 227, 228], "excluded_lines": [], "functions": {"get_anomaly_service": {"executed_lines": [], "summary": {"covered_lines": 0, "num_statements": 1, "percent_covered": 0.0, "percent_covered_display": "0", "missing_lines": 1, "excluded_lines": 0}, "missing_lines": [31], "excluded_lines": []}, "list_anomalies": {"executed_lines": [], "summary": {"covered_lines": 0, "num_statements": 16, "percent_covered": 0.0, "percent_covered_display": "0", "missing_lines": 16, "excluded_lines": 0}, "missing_lines": [50, 51, 53, 57, 58, 60, 61, 63, 64, 67, 68, 71, 73, 75, 86, 87], "excluded_lines": []}, "list_trends": {"executed_lines": [], "summary": {"covered_lines": 0, "num_statements": 16, "percent_covered": 0.0, "percent_covered_display": "0", "missing_lines": 16, "excluded_lines": 0}, "missing_lines": [106, 107, 109, 113, 114, 116, 117, 119, 120, 122, 123, 125, 127, 129, 139, 140], "excluded_lines": []}, "analyze_metric": {"executed_lines": [], "summary": {"covered_lines": 0, "num_statements": 5, "percent_covered": 0.0, "percent_covered_display": "0", "missing_lines": 5, "excluded_lines": 0}, "missing_lines": [160, 161, 168, 170, 171], "excluded_lines": []}, "trigger_analysis": {"executed_lines": [], "summary": {"covered_lines": 0, "num_statements": 18, "percent_covered": 0.0, "percent_covered_display": "0", "missing_lines": 18, "excluded_lines": 0}, "missing_lines": [187, 189, 190, 194, 198, 200, 207, 208, 209, 211, 218, 219, 220, 222, 223, 225, 227, 228], "excluded_lines": []}, "": {"executed_lines": [], "summary": {"covered_lines": 0, "num_statements": 16, "percent_covered": 0.0, "percent_covered_display": "0", "missing_lines": 16, "excluded_lines": 0}, "missing_lines": [5, 6, 7, 9, 11, 12, 26, 29, 34, 35, 90, 91, 143, 144, 174, 175], "excluded_lines": []}}, "classes": {"": {"executed_lines": [], "summary": {"covered_lines": 0, "num_statements": 72, "percent_covered": 0.0, "percent_covered_display": "0", "missing_lines": 72, "excluded_lines": 0}, "missing_lines": [5, 6, 7, 9, 11, 12, 26, 29, 31, 34, 35, 50, 51, 53, 57, 58, 60, 61, 63, 64, 67, 68, 71, 73, 75, 86, 87, 90, 91, 106, 107, 109, 113, 114, 116, 117, 119, 120, 122, 123, 125, 127, 129, 139, 140, 143, 144, 160, 161, 168, 170, 171, 174, 175, 187, 189, 190, 194, 198, 200, 207, 208, 209, 211, 218, 219, 220, 222, 223, 225, 227, 228], "excluded_lines": []}}}, "app/api/v1/integrations.py": {"executed_lines": [1, 5, 6, 8, 9, 11, 12, 13, 14, 23, 25, 28, 33, 39, 91, 96, 125, 130, 155, 160, 180, 185, 213, 218, 244, 249, 276, 281, 318, 322], "summary": {"covered_lines": 29, "num_statements": 50, "percent_covered": 58.0, "percent_covered_display": "58", "missing_lines": 21, "excluded_lines": 0}, "missing_lines": [30, 79, 88, 122, 149, 177, 210, 241, 272, 273, 303, 306, 308, 310, 315, 348, 349, 351, 352, 354, 355], "excluded_lines": [], "functions": {"get_integration_service": {"executed_lines": [], "summary": {"covered_lines": 0, "num_statements": 1, "percent_covered": 0.0, "percent_covered_display": "0", "missing_lines": 1, "excluded_lines": 0}, "missing_lines": [30], "excluded_lines": []}, "connect_integration": {"executed_lines": [], "summary": {"covered_lines": 0, "num_statements": 2, "percent_covered": 0.0, "percent_covered_display": "0", "missing_lines": 2, "excluded_lines": 0}, "missing_lines": [79, 88], "excluded_lines": []}, "get_integration_status": {"executed_lines": [], "summary": {"covered_lines": 0, "num_statements": 1, "percent_covered": 0.0, "percent_covered_display": "0", "missing_lines": 1, "excluded_lines": 0}, "missing_lines": [122], "excluded_lines": []}, "list_integrations": {"executed_lines": [], "summary": {"covered_lines": 0, "num_statements": 1, "percent_covered": 0.0, "percent_covered_display": "0", "missing_lines": 1, "excluded_lines": 0}, "missing_lines": [149], "excluded_lines": []}, "get_integration": {"executed_lines": [], "summary": {"covered_lines": 0, "num_statements": 1, "percent_covered": 0.0, "percent_covered_display": "0", "missing_lines": 1, "excluded_lines": 0}, "missing_lines": [177], "excluded_lines": []}, "check_integration_health": {"executed_lines": [], "summary": {"covered_lines": 0, "num_statements": 1, "percent_covered": 0.0, "percent_covered_display": "0", "missing_lines": 1, "excluded_lines": 0}, "missing_lines": [210], "excluded_lines": []}, "update_integration": {"executed_lines": [], "summary": {"covered_lines": 0, "num_statements": 1, "percent_covered": 0.0, "percent_covered_display": "0", "missing_lines": 1, "excluded_lines": 0}, "missing_lines": [241], "excluded_lines": []}, "disconnect_integration": {"executed_lines": [], "summary": {"covered_lines": 0, "num_statements": 2, "percent_covered": 0.0, "percent_covered_display": "0", "missing_lines": 2, "excluded_lines": 0}, "missing_lines": [272, 273], "excluded_lines": []}, "refresh_integration": {"executed_lines": [], "summary": {"covered_lines": 0, "num_statements": 5, "percent_covered": 0.0, "percent_covered_display": "0", "missing_lines": 5, "excluded_lines": 0}, "missing_lines": [303, 306, 308, 310, 315], "excluded_lines": []}, "get_health_dashboard": {"executed_lines": [], "summary": {"covered_lines": 0, "num_statements": 6, "percent_covered": 0.0, "percent_covered_display": "0", "missing_lines": 6, "excluded_lines": 0}, "missing_lines": [348, 349, 351, 352, 354, 355], "excluded_lines": []}, "": {"executed_lines": [1, 5, 6, 8, 9, 11, 12, 13, 14, 23, 25, 28, 33, 39, 91, 96, 125, 130, 155, 160, 180, 185, 213, 218, 244, 249, 276, 281, 318, 322], "summary": {"covered_lines": 29, "num_statements": 29, "percent_covered": 100.0, "percent_covered_display": "100", "missing_lines": 0, "excluded_lines": 0}, "missing_lines": [], "excluded_lines": []}}, "classes": {"": {"executed_lines": [1, 5, 6, 8, 9, 11, 12, 13, 14, 23, 25, 28, 33, 39, 91, 96, 125, 130, 155, 160, 180, 185, 213, 218, 244, 249, 276, 281, 318, 322], "summary": {"covered_lines": 29, "num_statements": 50, "percent_covered": 58.0, "percent_covered_display": "58", "missing_lines": 21, "excluded_lines": 0}, "missing_lines": [30, 79, 88, 122, 149, 177, 210, 241, 272, 273, 303, 306, 308, 310, 315, 348, 349, 351, 352, 354, 355], "excluded_lines": []}}}, "app/api/v1/kpis.py": {"executed_lines": [], "summary": {"covered_lines": 0, "num_statements": 74, "percent_covered": 0.0, "percent_covered_display": "0", "missing_lines": 74, "excluded_lines": 0}, "missing_lines": [5, 6, 7, 9, 10, 12, 13, 23, 26, 28, 31, 32, 43, 44, 48, 49, 51, 53, 55, 56, 59, 60, 74, 76, 80, 81, 83, 86, 96, 97, 98, 99, 108, 109, 110, 115, 117, 118, 120, 131, 132, 133, 134, 137, 138, 147, 148, 149, 151, 152, 155, 156, 166, 168, 172, 173, 178, 181, 187, 194, 195, 196, 197, 200, 201, 210, 211, 215, 216, 218, 220, 221, 222, 223], "excluded_lines": [], "functions": {"get_kpi_service": {"executed_lines": [], "summary": {"covered_lines": 0, "num_statements": 1, "percent_covered": 0.0, "percent_covered_display": "0", "missing_lines": 1, "excluded_lines": 0}, "missing_lines": [28], "excluded_lines": []}, "list_kpis": {"executed_lines": [], "summary": {"covered_lines": 0, "num_statements": 8, "percent_covered": 0.0, "percent_covered_display": "0", "missing_lines": 8, "excluded_lines": 0}, "missing_lines": [43, 44, 48, 49, 51, 53, 55, 56], "excluded_lines": []}, "get_metric_history": {"executed_lines": [], "summary": {"covered_lines": 0, "num_statements": 21, "percent_covered": 0.0, "percent_covered_display": "0", "missing_lines": 21, "excluded_lines": 0}, "missing_lines": [74, 76, 80, 81, 83, 86, 96, 97, 98, 99, 108, 109, 110, 115, 117, 118, 120, 131, 132, 133, 134], "excluded_lines": []}, "get_current_snapshot": {"executed_lines": [], "summary": {"covered_lines": 0, "num_statements": 5, "percent_covered": 0.0, "percent_covered_display": "0", "missing_lines": 5, "excluded_lines": 0}, "missing_lines": [147, 148, 149, 151, 152], "excluded_lines": []}, "trigger_manual_sync": {"executed_lines": [], "summary": {"covered_lines": 0, "num_statements": 11, "percent_covered": 0.0, "percent_covered_display": "0", "missing_lines": 11, "excluded_lines": 0}, "missing_lines": [166, 168, 172, 173, 178, 181, 187, 194, 195, 196, 197], "excluded_lines": []}, "get_sync_status": {"executed_lines": [], "summary": {"covered_lines": 0, "num_statements": 9, "percent_covered": 0.0, "percent_covered_display": "0", "missing_lines": 9, "excluded_lines": 0}, "missing_lines": [210, 211, 215, 216, 218, 220, 221, 222, 223], "excluded_lines": []}, "": {"executed_lines": [], "summary": {"covered_lines": 0, "num_statements": 19, "percent_covered": 0.0, "percent_covered_display": "0", "missing_lines": 19, "excluded_lines": 0}, "missing_lines": [5, 6, 7, 9, 10, 12, 13, 23, 26, 31, 32, 59, 60, 137, 138, 155, 156, 200, 201], "excluded_lines": []}}, "classes": {"": {"executed_lines": [], "summary": {"covered_lines": 0, "num_statements": 74, "percent_covered": 0.0, "percent_covered_display": "0", "missing_lines": 74, "excluded_lines": 0}, "missing_lines": [5, 6, 7, 9, 10, 12, 13, 23, 26, 28, 31, 32, 43, 44, 48, 49, 51, 53, 55, 56, 59, 60, 74, 76, 80, 81, 83, 86, 96, 97, 98, 99, 108, 109, 110, 115, 117, 118, 120, 131, 132, 133, 134, 137, 138, 147, 148, 149, 151, 152, 155, 156, 166, 168, 172, 173, 178, 181, 187, 194, 195, 196, 197, 200, 201, 210, 211, 215, 216, 218, 220, 221, 222, 223], "excluded_lines": []}}}, "app/api/v1/loom.py": {"executed_lines": [], "summary": {"covered_lines": 0, "num_statements": 50, "percent_covered": 0.0, "percent_covered_display": "0", "missing_lines": 50, "excluded_lines": 0}, "missing_lines": [5, 6, 8, 10, 11, 21, 24, 26, 29, 30, 40, 41, 43, 44, 46, 48, 49, 50, 51, 54, 55, 66, 67, 69, 70, 72, 74, 75, 76, 77, 80, 81, 90, 91, 93, 94, 96, 98, 99, 100, 101, 104, 105, 118, 119, 127, 139, 140, 141, 142], "excluded_lines": [], "functions": {"get_loom_service": {"executed_lines": [], "summary": {"covered_lines": 0, "num_statements": 1, "percent_covered": 0.0, "percent_covered_display": "0", "missing_lines": 1, "excluded_lines": 0}, "missing_lines": [26], "excluded_lines": []}, "ingest_video": {"executed_lines": [], "summary": {"covered_lines": 0, "num_statements": 9, "percent_covered": 0.0, "percent_covered_display": "0", "missing_lines": 9, "excluded_lines": 0}, "missing_lines": [40, 41, 43, 44, 46, 48, 49, 50, 51], "excluded_lines": []}, "summarize_video": {"executed_lines": [], "summary": {"covered_lines": 0, "num_statements": 9, "percent_covered": 0.0, "percent_covered_display": "0", "missing_lines": 9, "excluded_lines": 0}, "missing_lines": [66, 67, 69, 70, 72, 74, 75, 76, 77], "excluded_lines": []}, "get_video": {"executed_lines": [], "summary": {"covered_lines": 0, "num_statements": 9, "percent_covered": 0.0, "percent_covered_display": "0", "missing_lines": 9, "excluded_lines": 0}, "missing_lines": [90, 91, 93, 94, 96, 98, 99, 100, 101], "excluded_lines": []}, "list_videos": {"executed_lines": [], "summary": {"covered_lines": 0, "num_statements": 7, "percent_covered": 0.0, "percent_covered_display": "0", "missing_lines": 7, "excluded_lines": 0}, "missing_lines": [118, 119, 127, 139, 140, 141, 142], "excluded_lines": []}, "": {"executed_lines": [], "summary": {"covered_lines": 0, "num_statements": 15, "percent_covered": 0.0, "percent_covered_display": "0", "missing_lines": 15, "excluded_lines": 0}, "missing_lines": [5, 6, 8, 10, 11, 21, 24, 29, 30, 54, 55, 80, 81, 104, 105], "excluded_lines": []}}, "classes": {"": {"executed_lines": [], "summary": {"covered_lines": 0, "num_statements": 50, "percent_covered": 0.0, "percent_covered_display": "0", "missing_lines": 50, "excluded_lines": 0}, "missing_lines": [5, 6, 8, 10, 11, 21, 24, 26, 29, 30, 40, 41, 43, 44, 46, 48, 49, 50, 51, 54, 55, 66, 67, 69, 70, 72, 74, 75, 76, 77, 80, 81, 90, 91, 93, 94, 96, 98, 99, 100, 101, 104, 105, 118, 119, 127, 139, 140, 141, 142], "excluded_lines": []}}}, "app/api/v1/meetings.py": {"executed_lines": [], "summary": {"covered_lines": 0, "num_statements": 146, "percent_covered": 0.0, "percent_covered_display": "0", "missing_lines": 146, "excluded_lines": 0}, "missing_lines": [5, 6, 7, 8, 10, 11, 13, 17, 18, 19, 20, 21, 22, 25, 26, 30, 32, 35, 37, 40, 41, 54, 55, 56, 59, 62, 68, 69, 75, 76, 82, 83, 90, 93, 99, 100, 109, 111, 119, 120, 121, 124, 125, 133, 134, 135, 138, 139, 140, 142, 143, 146, 149, 159, 161, 170, 171, 172, 173, 174, 177, 178, 183, 184, 185, 187, 191, 192, 194, 196, 197, 198, 199, 200, 203, 204, 209, 210, 211, 213, 217, 219, 220, 221, 224, 225, 230, 231, 232, 234, 238, 240, 241, 242, 245, 246, 251, 252, 253, 254, 256, 266, 267, 268, 269, 270, 273, 274, 282, 283, 286, 289, 292, 300, 302, 309, 310, 311, 314, 315, 324, 325, 328, 337, 343, 344, 345, 350, 352, 353, 355, 359, 362, 365, 368, 376, 377, 378, 384, 385, 388, 396, 397, 398, 403, 404], "excluded_lines": [], "functions": {"get_supabase_client": {"executed_lines": [], "summary": {"covered_lines": 0, "num_statements": 1, "percent_covered": 0.0, "percent_covered_display": "0", "missing_lines": 1, "excluded_lines": 0}, "missing_lines": [32], "excluded_lines": []}, "get_api_keys": {"executed_lines": [], "summary": {"covered_lines": 0, "num_statements": 1, "percent_covered": 0.0, "percent_covered_display": "0", "missing_lines": 1, "excluded_lines": 0}, "missing_lines": [37], "excluded_lines": []}, "ingest_meeting": {"executed_lines": [], "summary": {"covered_lines": 0, "num_statements": 20, "percent_covered": 0.0, "percent_covered_display": "0", "missing_lines": 20, "excluded_lines": 0}, "missing_lines": [54, 55, 56, 59, 62, 68, 69, 75, 76, 82, 83, 90, 93, 99, 100, 109, 111, 119, 120, 121], "excluded_lines": []}, "summarize_meeting": {"executed_lines": [], "summary": {"covered_lines": 0, "num_statements": 17, "percent_covered": 0.0, "percent_covered_display": "0", "missing_lines": 17, "excluded_lines": 0}, "missing_lines": [133, 134, 135, 138, 139, 140, 142, 143, 146, 149, 159, 161, 170, 171, 172, 173, 174], "excluded_lines": []}, "get_meeting_summary": {"executed_lines": [], "summary": {"covered_lines": 0, "num_statements": 12, "percent_covered": 0.0, "percent_covered_display": "0", "missing_lines": 12, "excluded_lines": 0}, "missing_lines": [183, 184, 185, 187, 191, 192, 194, 196, 197, 198, 199, 200], "excluded_lines": []}, "get_meeting_action_items": {"executed_lines": [], "summary": {"covered_lines": 0, "num_statements": 8, "percent_covered": 0.0, "percent_covered_display": "0", "missing_lines": 8, "excluded_lines": 0}, "missing_lines": [209, 210, 211, 213, 217, 219, 220, 221], "excluded_lines": []}, "get_meeting_decisions": {"executed_lines": [], "summary": {"covered_lines": 0, "num_statements": 8, "percent_covered": 0.0, "percent_covered_display": "0", "missing_lines": 8, "excluded_lines": 0}, "missing_lines": [230, 231, 232, 234, 238, 240, 241, 242], "excluded_lines": []}, "get_meeting_status": {"executed_lines": [], "summary": {"covered_lines": 0, "num_statements": 10, "percent_covered": 0.0, "percent_covered_display": "0", "missing_lines": 10, "excluded_lines": 0}, "missing_lines": [251, 252, 253, 254, 256, 266, 267, 268, 269, 270], "excluded_lines": []}, "create_tasks_from_meeting": {"executed_lines": [], "summary": {"covered_lines": 0, "num_statements": 10, "percent_covered": 0.0, "percent_covered_display": "0", "missing_lines": 10, "excluded_lines": 0}, "missing_lines": [282, 283, 286, 289, 292, 300, 302, 309, 310, 311], "excluded_lines": []}, "batch_summarize_meetings": {"executed_lines": [], "summary": {"covered_lines": 0, "num_statements": 7, "percent_covered": 0.0, "percent_covered_display": "0", "missing_lines": 7, "excluded_lines": 0}, "missing_lines": [324, 325, 328, 337, 343, 344, 345], "excluded_lines": []}, "_get_meeting": {"executed_lines": [], "summary": {"covered_lines": 0, "num_statements": 4, "percent_covered": 0.0, "percent_covered_display": "0", "missing_lines": 4, "excluded_lines": 0}, "missing_lines": [352, 353, 355, 359], "excluded_lines": []}, "_get_platform_credentials": {"executed_lines": [], "summary": {"covered_lines": 0, "num_statements": 1, "percent_covered": 0.0, "percent_covered_display": "0", "missing_lines": 1, "excluded_lines": 0}, "missing_lines": [365], "excluded_lines": []}, "_trigger_summarization": {"executed_lines": [], "summary": {"covered_lines": 0, "num_statements": 5, "percent_covered": 0.0, "percent_covered_display": "0", "missing_lines": 5, "excluded_lines": 0}, "missing_lines": [376, 377, 378, 384, 385], "excluded_lines": []}, "_batch_summarize": {"executed_lines": [], "summary": {"covered_lines": 0, "num_statements": 5, "percent_covered": 0.0, "percent_covered_display": "0", "missing_lines": 5, "excluded_lines": 0}, "missing_lines": [396, 397, 398, 403, 404], "excluded_lines": []}, "": {"executed_lines": [], "summary": {"covered_lines": 0, "num_statements": 37, "percent_covered": 0.0, "percent_covered_display": "0", "missing_lines": 37, "excluded_lines": 0}, "missing_lines": [5, 6, 7, 8, 10, 11, 13, 17, 18, 19, 20, 21, 22, 25, 26, 30, 35, 40, 41, 124, 125, 177, 178, 203, 204, 224, 225, 245, 246, 273, 274, 314, 315, 350, 362, 368, 388], "excluded_lines": []}}, "classes": {"": {"executed_lines": [], "summary": {"covered_lines": 0, "num_statements": 146, "percent_covered": 0.0, "percent_covered_display": "0", "missing_lines": 146, "excluded_lines": 0}, "missing_lines": [5, 6, 7, 8, 10, 11, 13, 17, 18, 19, 20, 21, 22, 25, 26, 30, 32, 35, 37, 40, 41, 54, 55, 56, 59, 62, 68, 69, 75, 76, 82, 83, 90, 93, 99, 100, 109, 111, 119, 120, 121, 124, 125, 133, 134, 135, 138, 139, 140, 142, 143, 146, 149, 159, 161, 170, 171, 172, 173, 174, 177, 178, 183, 184, 185, 187, 191, 192, 194, 196, 197, 198, 199, 200, 203, 204, 209, 210, 211, 213, 217, 219, 220, 221, 224, 225, 230, 231, 232, 234, 238, 240, 241, 242, 245, 246, 251, 252, 253, 254, 256, 266, 267, 268, 269, 270, 273, 274, 282, 283, 286, 289, 292, 300, 302, 309, 310, 311, 314, 315, 324, 325, 328, 337, 343, 344, 345, 350, 352, 353, 355, 359, 362, 365, 368, 376, 377, 378, 384, 385, 388, 396, 397, 398, 403, 404], "excluded_lines": []}}}, "app/api/v1/oauth.py": {"executed_lines": [1, 5, 6, 7, 9, 10, 11, 12, 14, 15, 16, 17, 18, 19, 20, 27, 29, 30, 31, 34, 39, 44, 45, 46, 47, 49, 50, 58, 59, 60, 61, 62, 64, 65, 74, 79, 193, 197, 326, 331, 389, 394], "summary": {"covered_lines": 39, "num_statements": 134, "percent_covered": 29.104477611940297, "percent_covered_display": "29", "missing_lines": 95, "excluded_lines": 0}, "missing_lines": [36, 41, 118, 120, 121, 122, 128, 129, 131, 132, 133, 134, 135, 136, 137, 139, 140, 143, 144, 150, 151, 153, 154, 157, 170, 171, 172, 173, 175, 177, 183, 184, 185, 186, 187, 236, 238, 239, 241, 247, 248, 249, 255, 262, 265, 273, 282, 283, 284, 285, 288, 296, 305, 307, 310, 315, 316, 317, 318, 320, 359, 361, 366, 367, 373, 375, 377, 379, 380, 381, 382, 383, 425, 427, 430, 431, 432, 439, 440, 441, 444, 445, 449, 450, 459, 460, 469, 470, 475, 477, 479, 480, 481, 482, 483], "excluded_lines": [], "functions": {"get_oauth_service": {"executed_lines": [], "summary": {"covered_lines": 0, "num_statements": 1, "percent_covered": 0.0, "percent_covered_display": "0", "missing_lines": 1, "excluded_lines": 0}, "missing_lines": [36], "excluded_lines": []}, "get_integration_service": {"executed_lines": [], "summary": {"covered_lines": 0, "num_statements": 1, "percent_covered": 0.0, "percent_covered_display": "0", "missing_lines": 1, "excluded_lines": 0}, "missing_lines": [41], "excluded_lines": []}, "initiate_oauth": {"executed_lines": [], "summary": {"covered_lines": 0, "num_statements": 33, "percent_covered": 0.0, "percent_covered_display": "0", "missing_lines": 33, "excluded_lines": 0}, "missing_lines": [118, 120, 121, 122, 128, 129, 131, 132, 133, 134, 135, 136, 137, 139, 140, 143, 144, 150, 151, 153, 154, 157, 170, 171, 172, 173, 175, 177, 183, 184, 185, 186, 187], "excluded_lines": []}, "oauth_callback": {"executed_lines": [], "summary": {"covered_lines": 0, "num_statements": 25, "percent_covered": 0.0, "percent_covered_display": "0", "missing_lines": 25, "excluded_lines": 0}, "missing_lines": [236, 238, 239, 241, 247, 248, 249, 255, 262, 265, 273, 282, 283, 284, 285, 288, 296, 305, 307, 310, 315, 316, 317, 318, 320], "excluded_lines": []}, "refresh_oauth_token": {"executed_lines": [], "summary": {"covered_lines": 0, "num_statements": 12, "percent_covered": 0.0, "percent_covered_display": "0", "missing_lines": 12, "excluded_lines": 0}, "missing_lines": [359, 361, 366, 367, 373, 375, 377, 379, 380, 381, 382, 383], "excluded_lines": []}, "revoke_oauth_token": {"executed_lines": [], "summary": {"covered_lines": 0, "num_statements": 23, "percent_covered": 0.0, "percent_covered_display": "0", "missing_lines": 23, "excluded_lines": 0}, "missing_lines": [425, 427, 430, 431, 432, 439, 440, 441, 444, 445, 449, 450, 459, 460, 469, 470, 475, 477, 479, 480, 481, 482, 483], "excluded_lines": []}, "": {"executed_lines": [1, 5, 6, 7, 9, 10, 11, 12, 14, 15, 16, 17, 18, 19, 20, 27, 29, 30, 31, 34, 39, 44, 45, 46, 47, 49, 50, 58, 59, 60, 61, 62, 64, 65, 74, 79, 193, 197, 326, 331, 389, 394], "summary": {"covered_lines": 39, "num_statements": 39, "percent_covered": 100.0, "percent_covered_display": "100", "missing_lines": 0, "excluded_lines": 0}, "missing_lines": [], "excluded_lines": []}}, "classes": {"OAuthInitiateRequest": {"executed_lines": [], "summary": {"covered_lines": 0, "num_statements": 0, "percent_covered": 100.0, "percent_covered_display": "100", "missing_lines": 0, "excluded_lines": 0}, "missing_lines": [], "excluded_lines": []}, "OAuthInitiateRequest.Config": {"executed_lines": [], "summary": {"covered_lines": 0, "num_statements": 0, "percent_covered": 100.0, "percent_covered_display": "100", "missing_lines": 0, "excluded_lines": 0}, "missing_lines": [], "excluded_lines": []}, "OAuthInitiateResponse": {"executed_lines": [], "summary": {"covered_lines": 0, "num_statements": 0, "percent_covered": 100.0, "percent_covered_display": "100", "missing_lines": 0, "excluded_lines": 0}, "missing_lines": [], "excluded_lines": []}, "OAuthInitiateResponse.Config": {"executed_lines": [], "summary": {"covered_lines": 0, "num_statements": 0, "percent_covered": 100.0, "percent_covered_display": "100", "missing_lines": 0, "excluded_lines": 0}, "missing_lines": [], "excluded_lines": []}, "": {"executed_lines": [1, 5, 6, 7, 9, 10, 11, 12, 14, 15, 16, 17, 18, 19, 20, 27, 29, 30, 31, 34, 39, 44, 45, 46, 47, 49, 50, 58, 59, 60, 61, 62, 64, 65, 74, 79, 193, 197, 326, 331, 389, 394], "summary": {"covered_lines": 39, "num_statements": 134, "percent_covered": 29.104477611940297, "percent_covered_display": "29", "missing_lines": 95, "excluded_lines": 0}, "missing_lines": [36, 41, 118, 120, 121, 122, 128, 129, 131, 132, 133, 134, 135, 136, 137, 139, 140, 143, 144, 150, 151, 153, 154, 157, 170, 171, 172, 173, 175, 177, 183, 184, 185, 186, 187, 236, 238, 239, 241, 247, 248, 249, 255, 262, 265, 273, 282, 283, 284, 285, 288, 296, 305, 307, 310, 315, 316, 317, 318, 320, 359, 361, 366, 367, 373, 375, 377, 379, 380, 381, 382, 383, 425, 427, 430, 431, 432, 439, 440, 441, 444, 445, 449, 450, 459, 460, 469, 470, 475, 477, 479, 480, 481, 482, 483], "excluded_lines": []}}}, "app/api/v1/recommendations.py": {"executed_lines": [], "summary": {"covered_lines": 0, "num_statements": 57, "percent_covered": 0.0, "percent_covered_display": "0", "missing_lines": 57, "excluded_lines": 0}, "missing_lines": [5, 6, 7, 9, 11, 12, 25, 28, 30, 33, 34, 50, 51, 55, 56, 58, 59, 61, 62, 64, 65, 67, 68, 70, 71, 73, 75, 77, 87, 88, 91, 92, 102, 103, 105, 118, 119, 122, 123, 133, 135, 140, 141, 146, 152, 153, 156, 157, 166, 167, 171, 172, 174, 176, 177, 178, 179], "excluded_lines": [], "functions": {"get_recommendation_service": {"executed_lines": [], "summary": {"covered_lines": 0, "num_statements": 1, "percent_covered": 0.0, "percent_covered_display": "0", "missing_lines": 1, "excluded_lines": 0}, "missing_lines": [30], "excluded_lines": []}, "list_recommendations": {"executed_lines": [], "summary": {"covered_lines": 0, "num_statements": 19, "percent_covered": 0.0, "percent_covered_display": "0", "missing_lines": 19, "excluded_lines": 0}, "missing_lines": [50, 51, 55, 56, 58, 59, 61, 62, 64, 65, 67, 68, 70, 71, 73, 75, 77, 87, 88], "excluded_lines": []}, "generate_recommendations": {"executed_lines": [], "summary": {"covered_lines": 0, "num_statements": 5, "percent_covered": 0.0, "percent_covered_display": "0", "missing_lines": 5, "excluded_lines": 0}, "missing_lines": [102, 103, 105, 118, 119], "excluded_lines": []}, "submit_feedback": {"executed_lines": [], "summary": {"covered_lines": 0, "num_statements": 7, "percent_covered": 0.0, "percent_covered_display": "0", "missing_lines": 7, "excluded_lines": 0}, "missing_lines": [133, 135, 140, 141, 146, 152, 153], "excluded_lines": []}, "get_impact_tracking": {"executed_lines": [], "summary": {"covered_lines": 0, "num_statements": 9, "percent_covered": 0.0, "percent_covered_display": "0", "missing_lines": 9, "excluded_lines": 0}, "missing_lines": [166, 167, 171, 172, 174, 176, 177, 178, 179], "excluded_lines": []}, "": {"executed_lines": [], "summary": {"covered_lines": 0, "num_statements": 16, "percent_covered": 0.0, "percent_covered_display": "0", "missing_lines": 16, "excluded_lines": 0}, "missing_lines": [5, 6, 7, 9, 11, 12, 25, 28, 33, 34, 91, 92, 122, 123, 156, 157], "excluded_lines": []}}, "classes": {"": {"executed_lines": [], "summary": {"covered_lines": 0, "num_statements": 57, "percent_covered": 0.0, "percent_covered_display": "0", "missing_lines": 57, "excluded_lines": 0}, "missing_lines": [5, 6, 7, 9, 11, 12, 25, 28, 30, 33, 34, 50, 51, 55, 56, 58, 59, 61, 62, 64, 65, 67, 68, 70, 71, 73, 75, 77, 87, 88, 91, 92, 102, 103, 105, 118, 119, 122, 123, 133, 135, 140, 141, 146, 152, 153, 156, 157, 166, 167, 171, 172, 174, 176, 177, 178, 179], "excluded_lines": []}}}, "app/api/v1/voice.py": {"executed_lines": [], "summary": {"covered_lines": 0, "num_statements": 55, "percent_covered": 0.0, "percent_covered_display": "0", "missing_lines": 55, "excluded_lines": 0}, "missing_lines": [5, 6, 8, 10, 11, 22, 25, 27, 30, 31, 41, 42, 44, 45, 47, 49, 50, 51, 52, 55, 56, 66, 67, 69, 70, 72, 74, 75, 76, 77, 80, 81, 94, 95, 102, 103, 105, 106, 108, 120, 121, 122, 123, 126, 127, 137, 139, 145, 147, 148, 150, 152, 153, 154, 155], "excluded_lines": [], "functions": {"get_voice_service": {"executed_lines": [], "summary": {"covered_lines": 0, "num_statements": 1, "percent_covered": 0.0, "percent_covered_display": "0", "missing_lines": 1, "excluded_lines": 0}, "missing_lines": [27], "excluded_lines": []}, "process_voice_command": {"executed_lines": [], "summary": {"covered_lines": 0, "num_statements": 9, "percent_covered": 0.0, "percent_covered_display": "0", "missing_lines": 9, "excluded_lines": 0}, "missing_lines": [41, 42, 44, 45, 47, 49, 50, 51, 52], "excluded_lines": []}, "transcribe_audio": {"executed_lines": [], "summary": {"covered_lines": 0, "num_statements": 9, "percent_covered": 0.0, "percent_covered_display": "0", "missing_lines": 9, "excluded_lines": 0}, "missing_lines": [66, 67, 69, 70, 72, 74, 75, 76, 77], "excluded_lines": []}, "get_command_history": {"executed_lines": [], "summary": {"covered_lines": 0, "num_statements": 11, "percent_covered": 0.0, "percent_covered_display": "0", "missing_lines": 11, "excluded_lines": 0}, "missing_lines": [94, 95, 102, 103, 105, 106, 108, 120, 121, 122, 123], "excluded_lines": []}, "get_command_detail": {"executed_lines": [], "summary": {"covered_lines": 0, "num_statements": 10, "percent_covered": 0.0, "percent_covered_display": "0", "missing_lines": 10, "excluded_lines": 0}, "missing_lines": [137, 139, 145, 147, 148, 150, 152, 153, 154, 155], "excluded_lines": []}, "": {"executed_lines": [], "summary": {"covered_lines": 0, "num_statements": 15, "percent_covered": 0.0, "percent_covered_display": "0", "missing_lines": 15, "excluded_lines": 0}, "missing_lines": [5, 6, 8, 10, 11, 22, 25, 30, 31, 55, 56, 80, 81, 126, 127], "excluded_lines": []}}, "classes": {"": {"executed_lines": [], "summary": {"covered_lines": 0, "num_statements": 55, "percent_covered": 0.0, "percent_covered_display": "0", "missing_lines": 55, "excluded_lines": 0}, "missing_lines": [5, 6, 8, 10, 11, 22, 25, 27, 30, 31, 41, 42, 44, 45, 47, 49, 50, 51, 52, 55, 56, 66, 67, 69, 70, 72, 74, 75, 76, 77, 80, 81, 94, 95, 102, 103, 105, 106, 108, 120, 121, 122, 123, 126, 127, 137, 139, 145, 147, 148, 150, 152, 153, 154, 155], "excluded_lines": []}}}, "app/api/v1/workspaces.py": {"executed_lines": [1, 5, 6, 8, 9, 11, 12, 13, 14, 20, 22, 25, 30, 36, 58, 63, 89, 94, 122, 127, 152, 157], "summary": {"covered_lines": 21, "num_statements": 30, "percent_covered": 70.0, "percent_covered_display": "70", "missing_lines": 9, "excluded_lines": 0}, "missing_lines": [27, 55, 85, 86, 114, 119, 149, 183, 184], "excluded_lines": [], "functions": {"get_workspace_service": {"executed_lines": [], "summary": {"covered_lines": 0, "num_statements": 1, "percent_covered": 0.0, "percent_covered_display": "0", "missing_lines": 1, "excluded_lines": 0}, "missing_lines": [27], "excluded_lines": []}, "create_workspace": {"executed_lines": [], "summary": {"covered_lines": 0, "num_statements": 1, "percent_covered": 0.0, "percent_covered_display": "0", "missing_lines": 1, "excluded_lines": 0}, "missing_lines": [55], "excluded_lines": []}, "get_workspace": {"executed_lines": [], "summary": {"covered_lines": 0, "num_statements": 2, "percent_covered": 0.0, "percent_covered_display": "0", "missing_lines": 2, "excluded_lines": 0}, "missing_lines": [85, 86], "excluded_lines": []}, "list_workspaces": {"executed_lines": [], "summary": {"covered_lines": 0, "num_statements": 2, "percent_covered": 0.0, "percent_covered_display": "0", "missing_lines": 2, "excluded_lines": 0}, "missing_lines": [114, 119], "excluded_lines": []}, "update_workspace": {"executed_lines": [], "summary": {"covered_lines": 0, "num_statements": 1, "percent_covered": 0.0, "percent_covered_display": "0", "missing_lines": 1, "excluded_lines": 0}, "missing_lines": [149], "excluded_lines": []}, "delete_workspace": {"executed_lines": [], "summary": {"covered_lines": 0, "num_statements": 2, "percent_covered": 0.0, "percent_covered_display": "0", "missing_lines": 2, "excluded_lines": 0}, "missing_lines": [183, 184], "excluded_lines": []}, "": {"executed_lines": [1, 5, 6, 8, 9, 11, 12, 13, 14, 20, 22, 25, 30, 36, 58, 63, 89, 94, 122, 127, 152, 157], "summary": {"covered_lines": 21, "num_statements": 21, "percent_covered": 100.0, "percent_covered_display": "100", "missing_lines": 0, "excluded_lines": 0}, "missing_lines": [], "excluded_lines": []}}, "classes": {"": {"executed_lines": [1, 5, 6, 8, 9, 11, 12, 13, 14, 20, 22, 25, 30, 36, 58, 63, 89, 94, 122, 127, 152, 157], "summary": {"covered_lines": 21, "num_statements": 30, "percent_covered": 70.0, "percent_covered_display": "70", "missing_lines": 9, "excluded_lines": 0}, "missing_lines": [27, 55, 85, 86, 114, 119, 149, 183, 184], "excluded_lines": []}}}, "app/api/webhooks/__init__.py": {"executed_lines": [], "summary": {"covered_lines": 0, "num_statements": 0, "percent_covered": 100.0, "percent_covered_display": "100", "missing_lines": 0, "excluded_lines": 0}, "missing_lines": [], "excluded_lines": [], "functions": {"": {"executed_lines": [], "summary": {"covered_lines": 0, "num_statements": 0, "percent_covered": 100.0, "percent_covered_display": "100", "missing_lines": 0, "excluded_lines": 0}, "missing_lines": [], "excluded_lines": []}}, "classes": {"": {"executed_lines": [], "summary": {"covered_lines": 0, "num_statements": 0, "percent_covered": 100.0, "percent_covered_display": "100", "missing_lines": 0, "excluded_lines": 0}, "missing_lines": [], "excluded_lines": []}}}, "app/api/webhooks/fireflies_webhook.py": {"executed_lines": [], "summary": {"covered_lines": 0, "num_statements": 68, "percent_covered": 0.0, "percent_covered_display": "0", "missing_lines": 68, "excluded_lines": 0}, "missing_lines": [5, 6, 7, 8, 9, 11, 13, 16, 17, 20, 23, 24, 25, 26, 28, 30, 31, 36, 37, 38, 39, 41, 43, 44, 45, 48, 49, 50, 53, 60, 66, 67, 68, 70, 71, 72, 74, 75, 76, 78, 79, 82, 85, 87, 90, 91, 97, 98, 100, 101, 104, 107, 108, 110, 111, 113, 115, 116, 120, 122, 124, 125, 126, 127, 128, 131, 132, 133], "excluded_lines": [], "functions": {"FirefliesWebhookHandler.__init__": {"executed_lines": [], "summary": {"covered_lines": 0, "num_statements": 3, "percent_covered": 0.0, "percent_covered_display": "0", "missing_lines": 3, "excluded_lines": 0}, "missing_lines": [24, 25, 26], "excluded_lines": []}, "FirefliesWebhookHandler.verify_signature": {"executed_lines": [], "summary": {"covered_lines": 0, "num_statements": 6, "percent_covered": 0.0, "percent_covered_display": "0", "missing_lines": 6, "excluded_lines": 0}, "missing_lines": [30, 31, 36, 37, 38, 39], "excluded_lines": []}, "FirefliesWebhookHandler.handle_transcript_ready": {"executed_lines": [], "summary": {"covered_lines": 0, "num_statements": 11, "percent_covered": 0.0, "percent_covered_display": "0", "missing_lines": 11, "excluded_lines": 0}, "missing_lines": [43, 44, 45, 48, 49, 50, 53, 60, 66, 67, 68], "excluded_lines": []}, "FirefliesWebhookHandler._get_workspace_for_fireflies_account": {"executed_lines": [], "summary": {"covered_lines": 0, "num_statements": 2, "percent_covered": 0.0, "percent_covered_display": "0", "missing_lines": 2, "excluded_lines": 0}, "missing_lines": [71, 72], "excluded_lines": []}, "FirefliesWebhookHandler._get_founder_for_workspace": {"executed_lines": [], "summary": {"covered_lines": 0, "num_statements": 2, "percent_covered": 0.0, "percent_covered_display": "0", "missing_lines": 2, "excluded_lines": 0}, "missing_lines": [75, 76], "excluded_lines": []}, "FirefliesWebhookHandler._get_fireflies_credentials": {"executed_lines": [], "summary": {"covered_lines": 0, "num_statements": 1, "percent_covered": 0.0, "percent_covered_display": "0", "missing_lines": 1, "excluded_lines": 0}, "missing_lines": [79], "excluded_lines": []}, "init_webhook_handler": {"executed_lines": [], "summary": {"covered_lines": 0, "num_statements": 1, "percent_covered": 0.0, "percent_covered_display": "0", "missing_lines": 1, "excluded_lines": 0}, "missing_lines": [87], "excluded_lines": []}, "fireflies_webhook": {"executed_lines": [], "summary": {"covered_lines": 0, "num_statements": 19, "percent_covered": 0.0, "percent_covered_display": "0", "missing_lines": 19, "excluded_lines": 0}, "missing_lines": [97, 98, 100, 101, 104, 107, 108, 110, 111, 113, 115, 116, 120, 122, 124, 125, 126, 127, 128], "excluded_lines": []}, "webhook_status": {"executed_lines": [], "summary": {"covered_lines": 0, "num_statements": 1, "percent_covered": 0.0, "percent_covered_display": "0", "missing_lines": 1, "excluded_lines": 0}, "missing_lines": [133], "excluded_lines": []}, "": {"executed_lines": [], "summary": {"covered_lines": 0, "num_statements": 22, "percent_covered": 0.0, "percent_covered_display": "0", "missing_lines": 22, "excluded_lines": 0}, "missing_lines": [5, 6, 7, 8, 9, 11, 13, 16, 17, 20, 23, 28, 41, 70, 74, 78, 82, 85, 90, 91, 131, 132], "excluded_lines": []}}, "classes": {"FirefliesWebhookHandler": {"executed_lines": [], "summary": {"covered_lines": 0, "num_statements": 25, "percent_covered": 0.0, "percent_covered_display": "0", "missing_lines": 25, "excluded_lines": 0}, "missing_lines": [24, 25, 26, 30, 31, 36, 37, 38, 39, 43, 44, 45, 48, 49, 50, 53, 60, 66, 67, 68, 71, 72, 75, 76, 79], "excluded_lines": []}, "": {"executed_lines": [], "summary": {"covered_lines": 0, "num_statements": 43, "percent_covered": 0.0, "percent_covered_display": "0", "missing_lines": 43, "excluded_lines": 0}, "missing_lines": [5, 6, 7, 8, 9, 11, 13, 16, 17, 20, 23, 28, 41, 70, 74, 78, 82, 85, 87, 90, 91, 97, 98, 100, 101, 104, 107, 108, 110, 111, 113, 115, 116, 120, 122, 124, 125, 126, 127, 128, 131, 132, 133], "excluded_lines": []}}}, "app/api/webhooks/otter_webhook.py": {"executed_lines": [], "summary": {"covered_lines": 0, "num_statements": 68, "percent_covered": 0.0, "percent_covered_display": "0", "missing_lines": 68, "excluded_lines": 0}, "missing_lines": [5, 6, 7, 8, 9, 11, 13, 16, 17, 20, 23, 24, 25, 26, 28, 30, 31, 36, 37, 38, 39, 41, 43, 44, 45, 47, 48, 49, 51, 58, 64, 65, 66, 68, 69, 70, 72, 73, 74, 76, 77, 80, 83, 85, 88, 89, 95, 96, 98, 99, 101, 104, 105, 107, 108, 110, 112, 113, 117, 119, 121, 122, 123, 124, 125, 128, 129, 130], "excluded_lines": [], "functions": {"OtterWebhookHandler.__init__": {"executed_lines": [], "summary": {"covered_lines": 0, "num_statements": 3, "percent_covered": 0.0, "percent_covered_display": "0", "missing_lines": 3, "excluded_lines": 0}, "missing_lines": [24, 25, 26], "excluded_lines": []}, "OtterWebhookHandler.verify_signature": {"executed_lines": [], "summary": {"covered_lines": 0, "num_statements": 6, "percent_covered": 0.0, "percent_covered_display": "0", "missing_lines": 6, "excluded_lines": 0}, "missing_lines": [30, 31, 36, 37, 38, 39], "excluded_lines": []}, "OtterWebhookHandler.handle_speech_created": {"executed_lines": [], "summary": {"covered_lines": 0, "num_statements": 11, "percent_covered": 0.0, "percent_covered_display": "0", "missing_lines": 11, "excluded_lines": 0}, "missing_lines": [43, 44, 45, 47, 48, 49, 51, 58, 64, 65, 66], "excluded_lines": []}, "OtterWebhookHandler._get_workspace_for_otter_account": {"executed_lines": [], "summary": {"covered_lines": 0, "num_statements": 2, "percent_covered": 0.0, "percent_covered_display": "0", "missing_lines": 2, "excluded_lines": 0}, "missing_lines": [69, 70], "excluded_lines": []}, "OtterWebhookHandler._get_founder_for_workspace": {"executed_lines": [], "summary": {"covered_lines": 0, "num_statements": 2, "percent_covered": 0.0, "percent_covered_display": "0", "missing_lines": 2, "excluded_lines": 0}, "missing_lines": [73, 74], "excluded_lines": []}, "OtterWebhookHandler._get_otter_credentials": {"executed_lines": [], "summary": {"covered_lines": 0, "num_statements": 1, "percent_covered": 0.0, "percent_covered_display": "0", "missing_lines": 1, "excluded_lines": 0}, "missing_lines": [77], "excluded_lines": []}, "init_webhook_handler": {"executed_lines": [], "summary": {"covered_lines": 0, "num_statements": 1, "percent_covered": 0.0, "percent_covered_display": "0", "missing_lines": 1, "excluded_lines": 0}, "missing_lines": [85], "excluded_lines": []}, "otter_webhook": {"executed_lines": [], "summary": {"covered_lines": 0, "num_statements": 19, "percent_covered": 0.0, "percent_covered_display": "0", "missing_lines": 19, "excluded_lines": 0}, "missing_lines": [95, 96, 98, 99, 101, 104, 105, 107, 108, 110, 112, 113, 117, 119, 121, 122, 123, 124, 125], "excluded_lines": []}, "webhook_status": {"executed_lines": [], "summary": {"covered_lines": 0, "num_statements": 1, "percent_covered": 0.0, "percent_covered_display": "0", "missing_lines": 1, "excluded_lines": 0}, "missing_lines": [130], "excluded_lines": []}, "": {"executed_lines": [], "summary": {"covered_lines": 0, "num_statements": 22, "percent_covered": 0.0, "percent_covered_display": "0", "missing_lines": 22, "excluded_lines": 0}, "missing_lines": [5, 6, 7, 8, 9, 11, 13, 16, 17, 20, 23, 28, 41, 68, 72, 76, 80, 83, 88, 89, 128, 129], "excluded_lines": []}}, "classes": {"OtterWebhookHandler": {"executed_lines": [], "summary": {"covered_lines": 0, "num_statements": 25, "percent_covered": 0.0, "percent_covered_display": "0", "missing_lines": 25, "excluded_lines": 0}, "missing_lines": [24, 25, 26, 30, 31, 36, 37, 38, 39, 43, 44, 45, 47, 48, 49, 51, 58, 64, 65, 66, 69, 70, 73, 74, 77], "excluded_lines": []}, "": {"executed_lines": [], "summary": {"covered_lines": 0, "num_statements": 43, "percent_covered": 0.0, "percent_covered_display": "0", "missing_lines": 43, "excluded_lines": 0}, "missing_lines": [5, 6, 7, 8, 9, 11, 13, 16, 17, 20, 23, 28, 41, 68, 72, 76, 80, 83, 85, 88, 89, 95, 96, 98, 99, 101, 104, 105, 107, 108, 110, 112, 113, 117, 119, 121, 122, 123, 124, 125, 128, 129, 130], "excluded_lines": []}}}, "app/api/webhooks/zoom_webhook.py": {"executed_lines": [], "summary": {"covered_lines": 0, "num_statements": 96, "percent_covered": 0.0, "percent_covered_display": "0", "missing_lines": 96, "excluded_lines": 0}, "missing_lines": [5, 6, 7, 8, 9, 11, 12, 14, 17, 18, 21, 23, 24, 25, 28, 37, 45, 46, 47, 49, 66, 68, 71, 78, 79, 81, 82, 83, 85, 98, 100, 101, 102, 103, 105, 109, 110, 111, 112, 114, 117, 120, 127, 134, 135, 136, 141, 154, 155, 156, 158, 162, 167, 168, 169, 174, 178, 179, 181, 183, 184, 186, 189, 195, 198, 201, 204, 205, 219, 221, 224, 225, 227, 230, 231, 234, 235, 237, 240, 241, 247, 249, 253, 255, 256, 259, 262, 263, 265, 266, 267, 268, 269, 272, 273, 275], "excluded_lines": [], "functions": {"ZoomWebhookHandler.__init__": {"executed_lines": [], "summary": {"covered_lines": 0, "num_statements": 3, "percent_covered": 0.0, "percent_covered_display": "0", "missing_lines": 3, "excluded_lines": 0}, "missing_lines": [45, 46, 47], "excluded_lines": []}, "ZoomWebhookHandler.verify_signature": {"executed_lines": [], "summary": {"covered_lines": 0, "num_statements": 8, "percent_covered": 0.0, "percent_covered_display": "0", "missing_lines": 8, "excluded_lines": 0}, "missing_lines": [66, 68, 71, 78, 79, 81, 82, 83], "excluded_lines": []}, "ZoomWebhookHandler.handle_recording_completed": {"executed_lines": [], "summary": {"covered_lines": 0, "num_statements": 17, "percent_covered": 0.0, "percent_covered_display": "0", "missing_lines": 17, "excluded_lines": 0}, "missing_lines": [98, 100, 101, 102, 103, 105, 109, 110, 111, 112, 114, 117, 120, 127, 134, 135, 136], "excluded_lines": []}, "ZoomWebhookHandler.handle_meeting_ended": {"executed_lines": [], "summary": {"covered_lines": 0, "num_statements": 8, "percent_covered": 0.0, "percent_covered_display": "0", "missing_lines": 8, "excluded_lines": 0}, "missing_lines": [154, 155, 156, 158, 162, 167, 168, 169], "excluded_lines": []}, "ZoomWebhookHandler._get_workspace_for_zoom_account": {"executed_lines": [], "summary": {"covered_lines": 0, "num_statements": 2, "percent_covered": 0.0, "percent_covered_display": "0", "missing_lines": 2,
[...]
 194, 203, 212, 220, 221, 225, 226], "excluded_lines": []}, "": {"executed_lines": [], "summary": {"covered_lines": 0, "num_statements": 20, "percent_covered": 0.0, "percent_covered_display": "0", "missing_lines": 20, "excluded_lines": 0}, "missing_lines": [5, 6, 7, 8, 10, 11, 12, 15, 18, 21, 27, 70, 110, 154, 176, 181, 186, 191, 223, 230], "excluded_lines": []}}}, "app/tasks/discord_scheduler.py": {"executed_lines": [], "summary": {"covered_lines": 0, "num_statements": 103, "percent_covered": 0.0, "percent_covered_display": "0", "missing_lines": 103, "excluded_lines": 0}, "missing_lines": [5, 6, 7, 8, 10, 11, 12, 13, 14, 15, 18, 21, 24, 25, 26, 27, 28, 29, 30, 32, 34, 35, 37, 38, 39, 41, 42, 43, 44, 46, 48, 49, 51, 53, 54, 57, 58, 61, 62, 64, 76, 77, 79, 81, 83, 84, 87, 89, 90, 92, 97, 100, 106, 107, 110, 113, 123, 125, 129, 130, 134, 135, 137, 139, 140, 143, 145, 146, 148, 153, 156, 162, 163, 166, 169, 179, 181, 185, 186, 190, 191, 193, 200, 201, 202, 217, 218, 219, 226, 228, 229, 230, 232, 239, 240, 242, 243, 262, 263, 265, 266, 267, 271], "excluded_lines": [], "functions": {"DiscordScheduler.__init__": {"executed_lines": [], "summary": {"covered_lines": 0, "num_statements": 6, "percent_covered": 0.0, "percent_covered_display": "0", "missing_lines": 6, "excluded_lines": 0}, "missing_lines": [25, 26, 27, 28, 29, 30], "excluded_lines": []}, "DiscordScheduler.start": {"executed_lines": [], "summary": {"covered_lines": 0, "num_statements": 9, "percent_covered": 0.0, "percent_covered_display": "0", "missing_lines": 9, "excluded_lines": 0}, "missing_lines": [34, 35, 37, 38, 39, 41, 42, 43, 44], "excluded_lines": []}, "DiscordScheduler.stop": {"executed_lines": [], "summary": {"covered_lines": 0, "num_statements": 2, "percent_covered": 0.0, "percent_covered_display": "0", "missing_lines": 2, "excluded_lines": 0}, "missing_lines": [48, 49], "excluded_lines": []}, "DiscordScheduler._check_and_send_briefings": {"executed_lines": [], "summary": {"covered_lines": 0, "num_statements": 6, "percent_covered": 0.0, "percent_covered_display": "0", "missing_lines": 6, "excluded_lines": 0}, "missing_lines": [53, 54, 57, 58, 61, 62], "excluded_lines": []}, "DiscordScheduler._is_time_to_send": {"executed_lines": [], "summary": {"covered_lines": 0, "num_statements": 3, "percent_covered": 0.0, "percent_covered_display": "0", "missing_lines": 3, "excluded_lines": 0}, "missing_lines": [76, 77, 79], "excluded_lines": []}, "DiscordScheduler._send_all_morning_briefings": {"executed_lines": [], "summary": {"covered_lines": 0, "num_statements": 18, "percent_covered": 0.0, "percent_covered_display": "0", "missing_lines": 18, "excluded_lines": 0}, "missing_lines": [83, 84, 87, 89, 90, 92, 97, 100, 106, 107, 110, 113, 123, 125, 129, 130, 134, 135], "excluded_lines": []}, "DiscordScheduler._send_all_evening_briefings": {"executed_lines": [], "summary": {"covered_lines": 0, "num_statements": 18, "percent_covered": 0.0, "percent_covered_display": "0", "missing_lines": 18, "excluded_lines": 0}, "missing_lines": [139, 140, 143, 145, 146, 148, 153, 156, 162, 163, 166, 169, 179, 181, 185, 186, 190, 191], "excluded_lines": []}, "DiscordScheduler._get_active_schedules": {"executed_lines": [], "summary": {"covered_lines": 0, "num_statements": 10, "percent_covered": 0.0, "percent_covered_display": "0", "missing_lines": 10, "excluded_lines": 0}, "missing_lines": [200, 201, 202, 217, 218, 219, 226, 228, 229, 230], "excluded_lines": []}, "DiscordScheduler._already_sent_today": {"executed_lines": [], "summary": {"covered_lines": 0, "num_statements": 9, "percent_covered": 0.0, "percent_covered_display": "0", "missing_lines": 9, "excluded_lines": 0}, "missing_lines": [239, 240, 242, 243, 262, 263, 265, 266, 267], "excluded_lines": []}, "": {"executed_lines": [], "summary": {"covered_lines": 0, "num_statements": 22, "percent_covered": 0.0, "percent_covered_display": "0", "missing_lines": 22, "excluded_lines": 0}, "missing_lines": [5, 6, 7, 8, 10, 11, 12, 13, 14, 15, 18, 21, 24, 32, 46, 51, 64, 81, 137, 193, 232, 271], "excluded_lines": []}}, "classes": {"DiscordScheduler": {"executed_lines": [], "summary": {"covered_lines": 0, "num_statements": 81, "percent_covered": 0.0, "percent_covered_display": "0", "missing_lines": 81, "excluded_lines": 0}, "missing_lines": [25, 26, 27, 28, 29, 30, 34, 35, 37, 38, 39, 41, 42, 43, 44, 48, 49, 53, 54, 57, 58, 61, 62, 76, 77, 79, 83, 84, 87, 89, 90, 92, 97, 100, 106, 107, 110, 113, 123, 125, 129, 130, 134, 135, 139, 140, 143, 145, 146, 148, 153, 156, 162, 163, 166, 169, 179, 181, 185, 186, 190, 191, 200, 201, 202, 217, 218, 219, 226, 228, 229, 230, 239, 240, 242, 243, 262, 263, 265, 266, 267], "excluded_lines": []}, "": {"executed_lines": [], "summary": {"covered_lines": 0, "num_statements": 22, "percent_covered": 0.0, "percent_covered_display": "0", "missing_lines": 22, "excluded_lines": 0}, "missing_lines": [5, 6, 7, 8, 10, 11, 12, 13, 14, 15, 18, 21, 24, 32, 46, 51, 64, 81, 137, 193, 232, 271], "excluded_lines": []}}}, "app/tasks/integration_health.py": {"executed_lines": [], "summary": {"covered_lines": 0, "num_statements": 85, "percent_covered": 0.0, "percent_covered_display": "0", "missing_lines": 85, "excluded_lines": 0}, "missing_lines": [5, 6, 7, 8, 9, 11, 12, 14, 15, 18, 21, 24, 31, 32, 35, 38, 41, 44, 45, 47, 53, 54, 55, 60, 61, 64, 69, 70, 71, 74, 77, 79, 80, 81, 83, 86, 87, 88, 89, 92, 95, 96, 101, 102, 105, 114, 115, 118, 128, 129, 130, 132, 135, 139, 140, 141, 142, 145, 155, 156, 159, 162, 165, 167, 168, 170, 171, 172, 176, 181, 184, 187, 189, 190, 191, 192, 193, 195, 196, 201, 206, 208, 209, 210, 211], "excluded_lines": [], "functions": {"run_workspace_health_check": {"executed_lines": [], "summary": {"covered_lines": 0, "num_statements": 13, "percent_covered": 0.0, "percent_covered_display": "0", "missing_lines": 13, "excluded_lines": 0}, "missing_lines": [31, 32, 35, 38, 41, 44, 45, 47, 53, 54, 55, 60, 61], "excluded_lines": []}, "run_all_workspaces_health_check": {"executed_lines": [], "summary": {"covered_lines": 0, "num_statements": 18, "percent_covered": 0.0, "percent_covered_display": "0", "missing_lines": 18, "excluded_lines": 0}, "missing_lines": [69, 70, 71, 74, 77, 79, 80, 81, 83, 86, 87, 88, 89, 92, 95, 96, 101, 102], "excluded_lines": []}, "schedule_health_checks": {"executed_lines": [], "summary": {"covered_lines": 0, "num_statements": 7, "percent_covered": 0.0, "percent_covered_display": "0", "missing_lines": 7, "excluded_lines": 0}, "missing_lines": [114, 115, 118, 128, 129, 130, 132], "excluded_lines": []}, "stop_health_checks": {"executed_lines": [], "summary": {"covered_lines": 0, "num_statements": 4, "percent_covered": 0.0, "percent_covered_display": "0", "missing_lines": 4, "excluded_lines": 0}, "missing_lines": [139, 140, 141, 142], "excluded_lines": []}, "run_immediate_health_check_for_workspace": {"executed_lines": [], "summary": {"covered_lines": 0, "num_statements": 10, "percent_covered": 0.0, "percent_covered_display": "0", "missing_lines": 10, "excluded_lines": 0}, "missing_lines": [155, 156, 159, 162, 165, 167, 168, 170, 171, 172], "excluded_lines": []}, "test_health_check_task": {"executed_lines": [], "summary": {"covered_lines": 0, "num_statements": 10, "percent_covered": 0.0, "percent_covered_display": "0", "missing_lines": 10, "excluded_lines": 0}, "missing_lines": [181, 184, 187, 189, 190, 191, 192, 193, 195, 196], "excluded_lines": []}, "init_scheduler": {"executed_lines": [], "summary": {"covered_lines": 0, "num_statements": 5, "percent_covered": 0.0, "percent_covered_display": "0", "missing_lines": 5, "excluded_lines": 0}, "missing_lines": [206, 208, 209, 210, 211], "excluded_lines": []}, "": {"executed_lines": [], "summary": {"covered_lines": 0, "num_statements": 18, "percent_covered": 0.0, "percent_covered_display": "0", "missing_lines": 18, "excluded_lines": 0}, "missing_lines": [5, 6, 7, 8, 9, 11, 12, 14, 15, 18, 21, 24, 64, 105, 135, 145, 176, 201], "excluded_lines": []}}, "classes": {"": {"executed_lines": [], "summary": {"covered_lines": 0, "num_statements": 85, "percent_covered": 0.0, "percent_covered_display": "0", "missing_lines": 85, "excluded_lines": 0}, "missing_lines": [5, 6, 7, 8, 9, 11, 12, 14, 15, 18, 21, 24, 31, 32, 35, 38, 41, 44, 45, 47, 53, 54, 55, 60, 61, 64, 69, 70, 71, 74, 77, 79, 80, 81, 83, 86, 87, 88, 89, 92, 95, 96, 101, 102, 105, 114, 115, 118, 128, 129, 130, 132, 135, 139, 140, 141, 142, 145, 155, 156, 159, 162, 165, 167, 168, 170, 171, 172, 176, 181, 184, 187, 189, 190, 191, 192, 193, 195, 196, 201, 206, 208, 209, 210, 211], "excluded_lines": []}}}, "app/tasks/kpi_sync.py": {"executed_lines": [], "summary": {"covered_lines": 0, "num_statements": 48, "percent_covered": 0.0, "percent_covered_display": "0", "missing_lines": 48, "excluded_lines": 0}, "missing_lines": [5, 6, 7, 8, 10, 11, 14, 17, 20, 21, 22, 23, 24, 26, 28, 30, 32, 36, 38, 39, 40, 41, 43, 46, 52, 53, 58, 64, 66, 67, 69, 71, 72, 74, 76, 77, 88, 90, 91, 93, 96, 105, 111, 112, 114, 116, 117, 121], "excluded_lines": [], "functions": {"KPISyncJob.__init__": {"executed_lines": [], "summary": {"covered_lines": 0, "num_statements": 4, "percent_covered": 0.0, "percent_covered_display": "0", "missing_lines": 4, "excluded_lines": 0}, "missing_lines": [21, 22, 23, 24], "excluded_lines": []}, "KPISyncJob.sync_all_workspaces": {"executed_lines": [], "summary": {"covered_lines": 0, "num_statements": 19, "percent_covered": 0.0, "percent_covered_display": "0", "missing_lines": 19, "excluded_lines": 0}, "missing_lines": [28, 30, 32, 36, 38, 39, 40, 41, 43, 46, 52, 53, 58, 64, 66, 67, 69, 71, 72], "excluded_lines": []}, "KPISyncJob._log_sync_event": {"executed_lines": [], "summary": {"covered_lines": 0, "num_statements": 5, "percent_covered": 0.0, "percent_covered_display": "0", "missing_lines": 5, "excluded_lines": 0}, "missing_lines": [76, 77, 88, 90, 91], "excluded_lines": []}, "KPISyncJob.start": {"executed_lines": [], "summary": {"covered_lines": 0, "num_statements": 4, "percent_covered": 0.0, "percent_covered_display": "0", "missing_lines": 4, "excluded_lines": 0}, "missing_lines": [96, 105, 111, 112], "excluded_lines": []}, "KPISyncJob.stop": {"executed_lines": [], "summary": {"covered_lines": 0, "num_statements": 2, "percent_covered": 0.0, "percent_covered_display": "0", "missing_lines": 2, "excluded_lines": 0}, "missing_lines": [116, 117], "excluded_lines": []}, "": {"executed_lines": [], "summary": {"covered_lines": 0, "num_statements": 14, "percent_covered": 0.0, "percent_covered_display": "0", "missing_lines": 14, "excluded_lines": 0}, "missing_lines": [5, 6, 7, 8, 10, 11, 14, 17, 20, 26, 74, 93, 114, 121], "excluded_lines": []}}, "classes": {"KPISyncJob": {"executed_lines": [], "summary": {"covered_lines": 0, "num_statements": 34, "percent_covered": 0.0, "percent_covered_display": "0", "missing_lines": 34, "excluded_lines": 0}, "missing_lines": [21, 22, 23, 24, 28, 30, 32, 36, 38, 39, 40, 41, 43, 46, 52, 53, 58, 64, 66, 67, 69, 71, 72, 76, 77, 88, 90, 91, 96, 105, 111, 112, 116, 117], "excluded_lines": []}, "": {"executed_lines": [], "summary": {"covered_lines": 0, "num_statements": 14, "percent_covered": 0.0, "percent_covered_display": "0", "missing_lines": 14, "excluded_lines": 0}, "missing_lines": [5, 6, 7, 8, 10, 11, 14, 17, 20, 26, 74, 93, 114, 121], "excluded_lines": []}}}, "app/zerodb_client.py": {"executed_lines": [1, 14, 15, 16, 17, 19, 21, 24, 25, 30, 32, 33, 34, 35, 36, 37, 39, 40, 41, 43, 45, 74, 84, 123, 165, 201, 240, 270, 306, 317, 330, 351, 367, 388, 405, 418, 441, 464, 475, 486, 493, 496], "summary": {"covered_lines": 40, "num_statements": 146, "percent_covered": 27.397260273972602, "percent_covered_display": "27", "missing_lines": 106, "excluded_lines": 0}, "missing_lines": [50, 51, 52, 55, 60, 64, 66, 67, 68, 69, 71, 72, 76, 105, 107, 115, 120, 121, 144, 146, 150, 151, 152, 153, 154, 155, 157, 162, 163, 182, 184, 188, 189, 191, 196, 197, 220, 221, 223, 225, 232, 237, 238, 255, 257, 262, 267, 268, 289, 291, 298, 303, 304, 308, 310, 314, 315, 319, 321, 325, 326, 336, 338, 343, 348, 349, 357, 359, 364, 365, 374, 376, 377, 378, 380, 385, 386, 395, 397, 402, 403, 407, 409, 413, 414, 425, 427, 433, 438, 439, 447, 449, 454, 459, 460, 466, 468, 472, 473, 477, 479, 483, 484, 488, 489, 505], "excluded_lines": [], "functions": {"ZeroDBClient.__init__": {"executed_lines": [32, 33, 34, 35, 36, 37, 39, 40, 41, 43], "summary": {"covered_lines": 10, "num_statements": 10, "percent_covered": 100.0, "percent_covered_display": "100", "missing_lines": 0, "excluded_lines": 0}, "missing_lines": [], "excluded_lines": []}, "ZeroDBClient._ensure_authenticated": {"executed_lines": [], "summary": {"covered_lines": 0, "num_statements": 12, "percent_covered": 0.0, "percent_covered_display": "0", "missing_lines": 12, "excluded_lines": 0}, "missing_lines": [50, 51, 52, 55, 60, 64, 66, 67, 68, 69, 71, 72], "excluded_lines": []}, "ZeroDBClient._get_headers": {"executed_lines": [], "summary": {"covered_lines": 0, "num_statements": 1, "percent_covered": 0.0, "percent_covered_display": "0", "missing_lines": 1, "excluded_lines": 0}, "missing_lines": [76], "excluded_lines": []}, "ZeroDBClient.store_memory": {"executed_lines": [], "summary": {"covered_lines": 0, "num_statements": 5, "percent_covered": 0.0, "percent_covered_display": "0", "missing_lines": 5, "excluded_lines": 0}, "missing_lines": [105, 107, 115, 120, 121], "excluded_lines": []}, "ZeroDBClient.search_memory": {"executed_lines": [], "summary": {"covered_lines": 0, "num_statements": 11, "percent_covered": 0.0, "percent_covered_display": "0", "missing_lines": 11, "excluded_lines": 0}, "missing_lines": [144, 146, 150, 151, 152, 153, 154, 155, 157, 162, 163], "excluded_lines": []}, "ZeroDBClient.get_context": {"executed_lines": [], "summary": {"covered_lines": 0, "num_statements": 7, "percent_covered": 0.0, "percent_covered_display": "0", "missing_lines": 7, "excluded_lines": 0}, "missing_lines": [182, 184, 188, 189, 191, 196, 197], "excluded_lines": []}, "ZeroDBClient.store_vector": {"executed_lines": [], "summary": {"covered_lines": 0, "num_statements": 7, "percent_covered": 0.0, "percent_covered_display": "0", "missing_lines": 7, "excluded_lines": 0}, "missing_lines": [220, 221, 223, 225, 232, 237, 238], "excluded_lines": []}, "ZeroDBClient.batch_upsert_vectors": {"executed_lines": [], "summary": {"covered_lines": 0, "num_statements": 5, "percent_covered": 0.0, "percent_covered_display": "0", "missing_lines": 5, "excluded_lines": 0}, "missing_lines": [255, 257, 262, 267, 268], "excluded_lines": []}, "ZeroDBClient.search_vectors": {"executed_lines": [], "summary": {"covered_lines": 0, "num_statements": 5, "percent_covered": 0.0, "percent_covered_display": "0", "missing_lines": 5, "excluded_lines": 0}, "missing_lines": [289, 291, 298, 303, 304], "excluded_lines": []}, "ZeroDBClient.delete_vector": {"executed_lines": [], "summary": {"covered_lines": 0, "num_statements": 4, "percent_covered": 0.0, "percent_covered_display": "0", "missing_lines": 4, "excluded_lines": 0}, "missing_lines": [308, 310, 314, 315], "excluded_lines": []}, "ZeroDBClient.get_vector": {"executed_lines": [], "summary": {"covered_lines": 0, "num_statements": 4, "percent_covered": 0.0, "percent_covered_display": "0", "missing_lines": 4, "excluded_lines": 0}, "missing_lines": [319, 321, 325, 326], "excluded_lines": []}, "ZeroDBClient.create_table": {"executed_lines": [], "summary": {"covered_lines": 0, "num_statements": 5, "percent_covered": 0.0, "percent_covered_display": "0", "missing_lines": 5, "excluded_lines": 0}, "missing_lines": [336, 338, 343, 348, 349], "excluded_lines": []}, "ZeroDBClient.insert_row": {"executed_lines": [], "summary": {"covered_lines": 0, "num_statements": 4, "percent_covered": 0.0, "percent_covered_display": "0", "missing_lines": 4, "excluded_lines": 0}, "missing_lines": [357, 359, 364, 365], "excluded_lines": []}, "ZeroDBClient.query_table": {"executed_lines": [], "summary": {"covered_lines": 0, "num_statements": 7, "percent_covered": 0.0, "percent_covered_display": "0", "missing_lines": 7, "excluded_lines": 0}, "missing_lines": [374, 376, 377, 378, 380, 385, 386], "excluded_lines": []}, "ZeroDBClient.update_row": {"executed_lines": [], "summary": {"covered_lines": 0, "num_statements": 4, "percent_covered": 0.0, "percent_covered_display": "0", "missing_lines": 4, "excluded_lines": 0}, "missing_lines": [395, 397, 402, 403], "excluded_lines": []}, "ZeroDBClient.delete_row": {"executed_lines": [], "summary": {"covered_lines": 0, "num_statements": 4, "percent_covered": 0.0, "percent_covered_display": "0", "missing_lines": 4, "excluded_lines": 0}, "missing_lines": [407, 409, 413, 414], "excluded_lines": []}, "ZeroDBClient.publish_event": {"executed_lines": [], "summary": {"covered_lines": 0, "num_statements": 5, "percent_covered": 0.0, "percent_covered_display": "0", "missing_lines": 5, "excluded_lines": 0}, "missing_lines": [425, 427, 433, 438, 439], "excluded_lines": []}, "ZeroDBClient.subscribe_to_events": {"executed_lines": [], "summary": {"covered_lines": 0, "num_statements": 5, "percent_covered": 0.0, "percent_covered_display": "0", "missing_lines": 5, "excluded_lines": 0}, "missing_lines": [447, 449, 454, 459, 460], "excluded_lines": []}, "ZeroDBClient.health_check": {"executed_lines": [], "summary": {"covered_lines": 0, "num_statements": 4, "percent_covered": 0.0, "percent_covered_display": "0", "missing_lines": 4, "excluded_lines": 0}, "missing_lines": [466, 468, 472, 473], "excluded_lines": []}, "ZeroDBClient.get_project_usage": {"executed_lines": [], "summary": {"covered_lines": 0, "num_statements": 4, "percent_covered": 0.0, "percent_covered_display": "0", "missing_lines": 4, "excluded_lines": 0}, "missing_lines": [477, 479, 483, 484], "excluded_lines": []}, "ZeroDBClient.close": {"executed_lines": [], "summary": {"covered_lines": 0, "num_statements": 2, "percent_covered": 0.0, "percent_covered_display": "0", "missing_lines": 2, "excluded_lines": 0}, "missing_lines": [488, 489], "excluded_lines": []}, "get_zerodb": {"executed_lines": [], "summary": {"covered_lines": 0, "num_statements": 1, "percent_covered": 0.0, "percent_covered_display": "0", "missing_lines": 1, "excluded_lines": 0}, "missing_lines": [505], "excluded_lines": []}, "": {"executed_lines": [1, 14, 15, 16, 17, 19, 21, 24, 25, 30, 45, 74, 84, 123, 165, 201, 240, 270, 306, 317, 330, 351, 367, 388, 405, 418, 441, 464, 475, 486, 493, 496], "summary": {"covered_lines": 30, "num_statements": 30, "percent_covered": 100.0, "percent_covered_display": "100", "missing_lines": 0, "excluded_lines": 0}, "missing_lines": [], "excluded_lines": []}}, "classes": {"ZeroDBClient": {"executed_lines": [32, 33, 34, 35, 36, 37, 39, 40, 41, 43], "summary": {"covered_lines": 10, "num_statements": 115, "percent_covered": 8.695652173913043, "percent_covered_display": "9", "missing_lines": 105, "excluded_lines": 0}, "missing_lines": [50, 51, 52, 55, 60, 64, 66, 67, 68, 69, 71, 72, 76, 105, 107, 115, 120, 121, 144, 146, 150, 151, 152, 153, 154, 155, 157, 162, 163, 182, 184, 188, 189, 191, 196, 197, 220, 221, 223, 225, 232, 237, 238, 255, 257, 262, 267, 268, 289, 291, 298, 303, 304, 308, 310, 314, 315, 319, 321, 325, 326, 336, 338, 343, 348, 349, 357, 359, 364, 365, 374, 376, 377, 378, 380, 385, 386, 395, 397, 402, 403, 407, 409, 413, 414, 425, 427, 433, 438, 439, 447, 449, 454, 459, 460, 466, 468, 472, 473, 477, 479, 483, 484, 488, 489], "excluded_lines": []}, "": {"executed_lines": [1, 14, 15, 16, 17, 19, 21, 24, 25, 30, 45, 74, 84, 123, 165, 201, 240, 270, 306, 317, 330, 351, 367, 388, 405, 418, 441, 464, 475, 486, 493, 496], "summary": {"covered_lines": 30, "num_statements": 31, "percent_covered": 96.7741935483871, "percent_covered_display": "97", "missing_lines": 1, "excluded_lines": 0}, "missing_lines": [505], "excluded_lines": []}}}}, "totals": {"covered_lines": 2757, "num_statements": 8345, "percent_covered": 33.03774715398442, "percent_covered_display": "33", "missing_lines": 5588, "excluded_lines": 0}}