{"meta": {"format": 3, "version": "7.10.7", "timestamp": "2025-11-11T14:05:26.967289", "branch_coverage": false, "show_contexts": false}, "files": {"app/__init__.py": {"executed_lines": [1, 6], "summary": {"covered_lines": 1, "num_statements": 1, "percent_covered": 100.0, "percent_covered_display": "100", "missing_lines": 0, "excluded_lines": 0}, "missing_lines": [], "excluded_lines": [], "functions": {"": {"executed_lines": [1, 6], "summary": {"covered_lines": 1, "num_statements": 1, "percent_covered": 100.0, "percent_covered_display": "100", "missing_lines": 0, "excluded_lines": 0}, "missing_lines": [], "excluded_lines": []}}, "classes": {"": {"executed_lines": [1, 6], "summary": {"covered_lines": 1, "num_statements": 1, "percent_covered": 100.0, "percent_covered_display": "100", "missing_lines": 0, "excluded_lines": 0}, "missing_lines": [], "excluded_lines": []}}}, "app/algorithms/__init__.py": {"executed_lines": [1, 4, 5, 6, 7, 9], "summary": {"covered_lines": 5, "num_statements": 5, "percent_covered": 100.0, "percent_covered_display": "100", "missing_lines": 0, "excluded_lines": 0}, "missing_lines": [], "excluded_lines": [], "functions": {"": {"executed_lines": [1, 4, 5, 6, 7, 9], "summary": {"covered_lines": 5, "num_statements": 5, "percent_covered": 100.0, "percent_covered_display": "100", "missing_lines": 0, "excluded_lines": 0}, "missing_lines": [], "excluded_lines": []}}, "classes": {"": {"executed_lines": [1, 4, 5, 6, 7, 9], "summary": {"covered_lines": 5, "num_statements": 5, "percent_covered": 100.0, "percent_covered_display": "100", "missing_lines": 0, "excluded_lines": 0}, "missing_lines": [], "excluded_lines": []}}}, "app/algorithms/iqr_detector.py": {"executed_lines": [1, 5, 6, 7, 8, 10, 13, 16, 17, 24, 37, 38, 39, 41, 56, 57, 60, 62, 64, 66, 69, 70, 71, 74, 75, 78, 79, 81, 82, 83, 85, 86, 89, 91, 93, 102, 104, 114, 115, 116, 117, 118, 119, 120, 121, 123, 125, 138, 139, 141, 142, 143, 145, 146, 148, 154, 172, 173, 175, 177, 179, 189, 190, 192, 193, 194, 195, 197, 198, 200, 215, 226, 227, 228], "summary": {"covered_lines": 72, "num_statements": 83, "percent_covered": 86.74698795180723, "percent_covered_display": "87", "missing_lines": 11, "excluded_lines": 0}, "missing_lines": [99, 100, 150, 151, 152, 211, 212, 213, 229, 230, 231], "excluded_lines": [], "functions": {"IQRDetector.__init__": {"executed_lines": [37, 38, 39], "summary": {"covered_lines": 3, "num_statements": 3, "percent_covered": 100.0, "percent_covered_display": "100", "missing_lines": 0, "excluded_lines": 0}, "missing_lines": [], "excluded_lines": []}, "IQRDetector.detect": {"executed_lines": [56, 57, 60, 62, 64, 66, 69, 70, 71, 74, 75, 78, 79, 81, 82, 83, 85, 86, 89, 91, 93, 102], "summary": {"covered_lines": 22, "num_statements": 24, "percent_covered": 91.66666666666667, "percent_covered_display": "92", "missing_lines": 2, "excluded_lines": 0}, "missing_lines": [99, 100], "excluded_lines": []}, "IQRDetector._calculate_severity": {"executed_lines": [114, 115, 116, 117, 118, 119, 120, 121, 123], "summary": {"covered_lines": 9, "num_statements": 9, "percent_covered": 100.0, "percent_covered_display": "100", "missing_lines": 0, "excluded_lines": 0}, "missing_lines": [], "excluded_lines": []}, "IQRDetector.calculate_expected_range": {"executed_lines": [138, 139, 141, 142, 143, 145, 146, 148], "summary": {"covered_lines": 8, "num_statements": 11, "percent_covered": 72.72727272727273, "percent_covered_display": "73", "missing_lines": 3, "excluded_lines": 0}, "missing_lines": [150, 151, 152], "excluded_lines": []}, "IQRDetector.calculate_confidence": {"executed_lines": [172, 173, 175, 177], "summary": {"covered_lines": 4, "num_statements": 4, "percent_covered": 100.0, "percent_covered_display": "100", "missing_lines": 0, "excluded_lines": 0}, "missing_lines": [], "excluded_lines": []}, "IQRDetector.get_statistics": {"executed_lines": [189, 190, 192, 193, 194, 195, 197, 198, 200], "summary": {"covered_lines": 9, "num_statements": 12, "percent_covered": 75.0, "percent_covered_display": "75", "missing_lines": 3, "excluded_lines": 0}, "missing_lines": [211, 212, 213], "excluded_lines": []}, "IQRDetector.is_outlier": {"executed_lines": [226, 227, 228], "summary": {"covered_lines": 3, "num_statements": 6, "percent_covered": 50.0, "percent_covered_display": "50", "missing_lines": 3, "excluded_lines": 0}, "missing_lines": [229, 230, 231], "excluded_lines": []}, "": {"executed_lines": [1, 5, 6, 7, 8, 10, 13, 16, 17, 24, 41, 104, 125, 154, 179, 215], "summary": {"covered_lines": 14, "num_statements": 14, "percent_covered": 100.0, "percent_covered_display": "100", "missing_lines": 0, "excluded_lines": 0}, "missing_lines": [], "excluded_lines": []}}, "classes": {"IQRDetector": {"executed_lines": [37, 38, 39, 56, 57, 60, 62, 64, 66, 69, 70, 71, 74, 75, 78, 79, 81, 82, 83, 85, 86, 89, 91, 93, 102, 114, 115, 116, 117, 118, 119, 120, 121, 123, 138, 139, 141, 142, 143, 145, 146, 148, 172, 173, 175, 177, 189, 190, 192, 193, 194, 195, 197, 198, 200, 226, 227, 228], "summary": {"covered_lines": 58, "num_statements": 69, "percent_covered": 84.05797101449275, "percent_covered_display": "84", "missing_lines": 11, "excluded_lines": 0}, "missing_lines": [99, 100, 150, 151, 152, 211, 212, 213, 229, 230, 231], "excluded_lines": []}, "": {"executed_lines": [1, 5, 6, 7, 8, 10, 13, 16, 17, 24, 41, 104, 125, 154, 179, 215], "summary": {"covered_lines": 14, "num_statements": 14, "percent_covered": 100.0, "percent_covered_display": "100", "missing_lines": 0, "excluded_lines": 0}, "missing_lines": [], "excluded_lines": []}}}, "app/algorithms/seasonal_decomposition.py": {"executed_lines": [1, 5, 6, 7, 8, 11, 14, 15, 22, 34, 35, 36, 38, 53, 64, 65, 68, 71, 74, 77, 79, 97, 108, 111, 113, 114, 115, 116, 118, 120, 130, 133, 135, 136, 137, 138, 141, 144, 145, 147, 148, 149, 151, 153, 168, 169, 170, 172, 175, 176, 182, 197, 198, 199, 201, 204, 205, 211, 230, 232, 233, 235, 238, 241, 242, 244, 248, 249, 251, 252, 257, 259, 292], "summary": {"covered_lines": 71, "num_statements": 116, "percent_covered": 61.206896551724135, "percent_covered_display": "61", "missing_lines": 45, "excluded_lines": 0}, "missing_lines": [54, 57, 88, 89, 90, 173, 178, 179, 180, 202, 207, 208, 209, 236, 245, 254, 255, 274, 275, 277, 278, 281, 282, 284, 286, 288, 289, 290, 307, 308, 310, 311, 314, 315, 317, 320, 321, 323, 324, 325, 326, 328, 330, 331, 332], "excluded_lines": [], "functions": {"SeasonalDecomposer.__init__": {"executed_lines": [34, 35, 36], "summary": {"covered_lines": 3, "num_statements": 3, "percent_covered": 100.0, "percent_covered_display": "100", "missing_lines": 0, "excluded_lines": 0}, "missing_lines": [], "excluded_lines": []}, "SeasonalDecomposer.decompose": {"executed_lines": [53, 64, 65, 68, 71, 74, 77, 79], "summary": {"covered_lines": 8, "num_statements": 13, "percent_covered": 61.53846153846154, "percent_covered_display": "62", "missing_lines": 5, "excluded_lines": 0}, "missing_lines": [54, 57, 88, 89, 90], "excluded_lines": []}, "SeasonalDecomposer._calculate_trend": {"executed_lines": [108, 111, 113, 114, 115, 116, 118], "summary": {"covered_lines": 7, "num_statements": 7, "percent_covered": 100.0, "percent_covered_display": "100", "missing_lines": 0, "excluded_lines": 0}, "missing_lines": [], "excluded_lines": []}, "SeasonalDecomposer._calculate_seasonal": {"executed_lines": [130, 133, 135, 136, 137, 138, 141, 144, 145, 147, 148, 149, 151], "summary": {"covered_lines": 13, "num_statements": 13, "percent_covered": 100.0, "percent_covered_display": "100", "missing_lines": 0, "excluded_lines": 0}, "missing_lines": [], "excluded_lines": []}, "SeasonalDecomposer._calculate_seasonal_strength": {"executed_lines": [168, 169, 170, 172, 175, 176], "summary": {"covered_lines": 6, "num_statements": 10, "percent_covered": 60.0, "percent_covered_display": "60", "missing_lines": 4, "excluded_lines": 0}, "missing_lines": [173, 178, 179, 180], "excluded_lines": []}, "SeasonalDecomposer._calculate_trend_strength": {"executed_lines": [197, 198, 199, 201, 204, 205], "summary": {"covered_lines": 6, "num_statements": 10, "percent_covered": 60.0, "percent_covered_display": "60", "missing_lines": 4, "excluded_lines": 0}, "missing_lines": [202, 207, 208, 209], "excluded_lines": []}, "SeasonalDecomposer.detect_seasonal_anomalies": {"executed_lines": [230, 232, 233, 235, 238, 241, 242, 244, 248, 249, 251, 252, 257], "summary": {"covered_lines": 13, "num_statements": 17, "percent_covered": 76.47058823529412, "percent_covered_display": "76", "missing_lines": 4, "excluded_lines": 0}, "missing_lines": [236, 245, 254, 255], "excluded_lines": []}, "SeasonalDecomposer.adjust_for_seasonality": {"executed_lines": [], "summary": {"covered_lines": 0, "num_statements": 11, "percent_covered": 0.0, "percent_covered_display": "0", "missing_lines": 11, "excluded_lines": 0}, "missing_lines": [274, 275, 277, 278, 281, 282, 284, 286, 288, 289, 290], "excluded_lines": []}, "SeasonalDecomposer.predict_seasonal_pattern": {"executed_lines": [], "summary": {"covered_lines": 0, "num_statements": 17, "percent_covered": 0.0, "percent_covered_display": "0", "missing_lines": 17, "excluded_lines": 0}, "missing_lines": [307, 308, 310, 311, 314, 315, 317, 320, 321, 323, 324, 325, 326, 328, 330, 331, 332], "excluded_lines": []}, "": {"executed_lines": [1, 5, 6, 7, 8, 11, 14, 15, 22, 38, 97, 120, 153, 182, 211, 259, 292], "summary": {"covered_lines": 15, "num_statements": 15, "percent_covered": 100.0, "percent_covered_display": "100", "missing_lines": 0, "excluded_lines": 0}, "missing_lines": [], "excluded_lines": []}}, "classes": {"SeasonalDecomposer": {"executed_lines": [34, 35, 36, 53, 64, 65, 68, 71, 74, 77, 79, 108, 111, 113, 114, 115, 116, 118, 130, 133, 135, 136, 137, 138, 141, 144, 145, 147, 148, 149, 151, 168, 169, 170, 172, 175, 176, 197, 198, 199, 201, 204, 205, 230, 232, 233, 235, 238, 241, 242, 244, 248, 249, 251, 252, 257], "summary": {"covered_lines": 56, "num_statements": 101, "percent_covered": 55.445544554455445, "percent_covered_display": "55", "missing_lines": 45, "excluded_lines": 0}, "missing_lines": [54, 57, 88, 89, 90, 173, 178, 179, 180, 202, 207, 208, 209, 236, 245, 254, 255, 274, 275, 277, 278, 281, 282, 284, 286, 288, 289, 290, 307, 308, 310, 311, 314, 315, 317, 320, 321, 323, 324, 325, 326, 328, 330, 331, 332], "excluded_lines": []}, "": {"executed_lines": [1, 5, 6, 7, 8, 11, 14, 15, 22, 38, 97, 120, 153, 182, 211, 259, 292], "summary": {"covered_lines": 15, "num_statements": 15, "percent_covered": 100.0, "percent_covered_display": "100", "missing_lines": 0, "excluded_lines": 0}, "missing_lines": [], "excluded_lines": []}}}, "app/algorithms/trend_analyzer.py": {"executed_lines": [1, 5, 6, 7, 8, 10, 13, 16, 17, 23, 35, 36, 37, 39, 56, 57, 60, 66, 68, 71, 74, 77, 80, 83, 85, 110, 125, 127, 128, 129, 132, 133, 136, 137, 138, 139, 141, 147, 164, 166, 173, 174, 177, 178, 180, 181, 182, 184, 186, 188, 189, 190, 194, 195, 198, 201, 203, 209, 225, 226, 227, 228, 230, 232, 242, 243, 244, 245, 247, 251, 253, 259, 269, 271, 272, 273, 274, 275, 276, 277, 280, 282, 300, 303, 306, 309, 315, 317, 368], "summary": {"covered_lines": 87, "num_statements": 127, "percent_covered": 68.50393700787401, "percent_covered_display": "69", "missing_lines": 40, "excluded_lines": 0}, "missing_lines": [101, 102, 103, 143, 144, 145, 192, 199, 205, 206, 207, 248, 255, 256, 257, 278, 334, 336, 337, 338, 341, 343, 344, 345, 348, 349, 350, 353, 354, 363, 364, 366, 385, 386, 389, 390, 392, 394, 395, 396], "excluded_lines": [], "functions": {"TrendAnalyzer.__init__": {"executed_lines": [35, 36, 37], "summary": {"covered_lines": 3, "num_statements": 3, "percent_covered": 100.0, "percent_covered_display": "100", "missing_lines": 0, "excluded_lines": 0}, "missing_lines": [], "excluded_lines": []}, "TrendAnalyzer.analyze_trend": {"executed_lines": [56, 57, 60, 66, 68, 71, 74, 77, 80, 83, 85], "summary": {"covered_lines": 11, "num_statements": 14, "percent_covered": 78.57142857142857, "percent_covered_display": "79", "missing_lines": 3, "excluded_lines": 0}, "missing_lines": [101, 102, 103], "excluded_lines": []}, "TrendAnalyzer._calculate_linear_trend": {"executed_lines": [125, 127, 128, 129, 132, 133, 136, 137, 138, 139, 141], "summary": {"covered_lines": 11, "num_statements": 14, "percent_covered": 78.57142857142857, "percent_covered_display": "79", "missing_lines": 3, "excluded_lines": 0}, "missing_lines": [143, 144, 145], "excluded_lines": []}, "TrendAnalyzer._calculate_period_change": {"executed_lines": [164, 166, 173, 174, 177, 178, 180, 181, 182, 184, 186, 188, 189, 190, 194, 195, 198, 201, 203], "summary": {"covered_lines": 19, "num_statements": 24, "percent_covered": 79.16666666666667, "percent_covered_display": "79", "missing_lines": 5, "excluded_lines": 0}, "missing_lines": [192, 199, 205, 206, 207], "excluded_lines": []}, "TrendAnalyzer._determine_direction": {"executed_lines": [225, 226, 227, 228, 230], "summary": {"covered_lines": 5, "num_statements": 5, "percent_covered": 100.0, "percent_covered_display": "100", "missing_lines": 0, "excluded_lines": 0}, "missing_lines": [], "excluded_lines": []}, "TrendAnalyzer._calculate_volatility": {"executed_lines": [242, 243, 244, 245, 247, 251, 253], "summary": {"covered_lines": 7, "num_statements": 11, "percent_covered": 63.63636363636363, "percent_covered_display": "64", "missing_lines": 4, "excluded_lines": 0}, "missing_lines": [248, 255, 256, 257], "excluded_lines": []}, "TrendAnalyzer._calculate_severity": {"executed_lines": [269, 271, 272, 273, 274, 275, 276, 277, 280], "summary": {"covered_lines": 9, "num_statements": 10, "percent_covered": 90.0, "percent_covered_display": "90", "missing_lines": 1, "excluded_lines": 0}, "missing_lines": [278], "excluded_lines": []}, "TrendAnalyzer._calculate_confidence": {"executed_lines": [300, 303, 306, 309, 315], "summary": {"covered_lines": 5, "num_statements": 5, "percent_covered": 100.0, "percent_covered_display": "100", "missing_lines": 0, "excluded_lines": 0}, "missing_lines": [], "excluded_lines": []}, "TrendAnalyzer.detect_trend_changes": {"executed_lines": [], "summary": {"covered_lines": 0, "num_statements": 16, "percent_covered": 0.0, "percent_covered_display": "0", "missing_lines": 16, "excluded_lines": 0}, "missing_lines": [334, 336, 337, 338, 341, 343, 344, 345, 348, 349, 350, 353, 354, 363, 364, 366], "excluded_lines": []}, "TrendAnalyzer.forecast_next_value": {"executed_lines": [], "summary": {"covered_lines": 0, "num_statements": 8, "percent_covered": 0.0, "percent_covered_display": "0", "missing_lines": 8, "excluded_lines": 0}, "missing_lines": [385, 386, 389, 390, 392, 394, 395, 396], "excluded_lines": []}, "": {"executed_lines": [1, 5, 6, 7, 8, 10, 13, 16, 17, 23, 39, 110, 147, 209, 232, 259, 282, 317, 368], "summary": {"covered_lines": 17, "num_statements": 17, "percent_covered": 100.0, "percent_covered_display": "100", "missing_lines": 0, "excluded_lines": 0}, "missing_lines": [], "excluded_lines": []}}, "classes": {"TrendAnalyzer": {"executed_lines": [35, 36, 37, 56, 57, 60, 66, 68, 71, 74, 77, 80, 83, 85, 125, 127, 128, 129, 132, 133, 136, 137, 138, 139, 141, 164, 166, 173, 174, 177, 178, 180, 181, 182, 184, 186, 188, 189, 190, 194, 195, 198, 201, 203, 225, 226, 227, 228, 230, 242, 243, 244, 245, 247, 251, 253, 269, 271, 272, 273, 274, 275, 276, 277, 280, 300, 303, 306, 309, 315], "summary": {"covered_lines": 70, "num_statements": 110, "percent_covered": 63.63636363636363, "percent_covered_display": "64", "missing_lines": 40, "excluded_lines": 0}, "missing_lines": [101, 102, 103, 143, 144, 145, 192, 199, 205, 206, 207, 248, 255, 256, 257, 278, 334, 336, 337, 338, 341, 343, 344, 345, 348, 349, 350, 353, 354, 363, 364, 366, 385, 386, 389, 390, 392, 394, 395, 396], "excluded_lines": []}, "": {"executed_lines": [1, 5, 6, 7, 8, 10, 13, 16, 17, 23, 39, 110, 147, 209, 232, 259, 282, 317, 368], "summary": {"covered_lines": 17, "num_statements": 17, "percent_covered": 100.0, "percent_covered_display": "100", "missing_lines": 0, "excluded_lines": 0}, "missing_lines": [], "excluded_lines": []}}}, "app/algorithms/zscore_detector.py": {"executed_lines": [1, 5, 6, 7, 8, 10, 13, 16, 17, 24, 36, 37, 38, 40, 55, 56, 59, 61, 63, 65, 68, 69, 72, 73, 74, 77, 80, 81, 83, 84, 86, 89, 91, 93, 101, 103, 113, 114, 115, 116, 117, 118, 119, 120, 122, 124, 139, 140, 142, 160, 161, 164, 166, 168, 178, 179, 181], "summary": {"covered_lines": 55, "num_statements": 60, "percent_covered": 91.66666666666667, "percent_covered_display": "92", "missing_lines": 5, "excluded_lines": 0}, "missing_lines": [98, 99, 190, 191, 192], "excluded_lines": [], "functions": {"ZScoreDetector.__init__": {"executed_lines": [36, 37, 38], "summary": {"covered_lines": 3, "num_statements": 3, "percent_covered": 100.0, "percent_covered_display": "100", "missing_lines": 0, "excluded_lines": 0}, "missing_lines": [], "excluded_lines": []}, "ZScoreDetector.detect": {"executed_lines": [55, 56, 59, 61, 63, 65, 68, 69, 72, 73, 74, 77, 80, 81, 83, 84, 86, 89, 91, 93, 101], "summary": {"covered_lines": 21, "num_statements": 23, "percent_covered": 91.30434782608695, "percent_covered_display": "91", "missing_lines": 2, "excluded_lines": 0}, "missing_lines": [98, 99], "excluded_lines": []}, "ZScoreDetector._calculate_severity": {"executed_lines": [113, 114, 115, 116, 117, 118, 119, 120, 122], "summary": {"covered_lines": 9, "num_statements": 9, "percent_covered": 100.0, "percent_covered_display": "100", "missing_lines": 0, "excluded_lines": 0}, "missing_lines": [], "excluded_lines": []}, "ZScoreDetector.calculate_expected_value": {"executed_lines": [139, 140], "summary": {"covered_lines": 2, "num_statements": 2, "percent_covered": 100.0, "percent_covered_display": "100", "missing_lines": 0, "excluded_lines": 0}, "missing_lines": [], "excluded_lines": []}, "ZScoreDetector.calculate_confidence": {"executed_lines": [160, 161, 164, 166], "summary": {"covered_lines": 4, "num_statements": 4, "percent_covered": 100.0, "percent_covered_display": "100", "missing_lines": 0, "excluded_lines": 0}, "missing_lines": [], "excluded_lines": []}, "ZScoreDetector.get_statistics": {"executed_lines": [178, 179, 181], "summary": {"covered_lines": 3, "num_statements": 6, "percent_covered": 50.0, "percent_covered_display": "50", "missing_lines": 3, "excluded_lines": 0}, "missing_lines": [190, 191, 192], "excluded_lines": []}, "": {"executed_lines": [1, 5, 6, 7, 8, 10, 13, 16, 17, 24, 40, 103, 124, 142, 168], "summary": {"covered_lines": 13, "num_statements": 13, "percent_covered": 100.0, "percent_covered_display": "100", "missing_lines": 0, "excluded_lines": 0}, "missing_lines": [], "excluded_lines": []}}, "classes": {"ZScoreDetector": {"executed_lines": [36, 37, 38, 55, 56, 59, 61, 63, 65, 68, 69, 72, 73, 74, 77, 80, 81, 83, 84, 86, 89, 91, 93, 101, 113, 114, 115, 116, 117, 118, 119, 120, 122, 139, 140, 160, 161, 164, 166, 178, 179, 181], "summary": {"covered_lines": 42, "num_statements": 47, "percent_covered": 89.36170212765957, "percent_covered_display": "89", "missing_lines": 5, "excluded_lines": 0}, "missing_lines": [98, 99, 190, 191, 192], "excluded_lines": []}, "": {"executed_lines": [1, 5, 6, 7, 8, 10, 13, 16, 17, 24, 40, 103, 124, 142, 168], "summary": {"covered_lines": 13, "num_statements": 13, "percent_covered": 100.0, "percent_covered_display": "100", "missing_lines": 0, "excluded_lines": 0}, "missing_lines": [], "excluded_lines": []}}}, "app/api/__init__.py": {"executed_lines": [1], "summary": {"covered_lines": 0, "num_statements": 0, "percent_covered": 100.0, "percent_covered_display": "100", "missing_lines": 0, "excluded_lines": 0}, "missing_lines": [], "excluded_lines": [], "functions": {"": {"executed_lines": [1], "summary": {"covered_lines": 0, "num_statements": 0, "percent_covered": 100.0, "percent_covered_display": "100", "missing_lines": 0, "excluded_lines": 0}, "missing_lines": [], "excluded_lines": []}}, "classes": {"": {"executed_lines": [1], "summary": {"covered_lines": 0, "num_statements": 0, "percent_covered": 100.0, "percent_covered_display": "100", "missing_lines": 0, "excluded_lines": 0}, "missing_lines": [], "excluded_lines": []}}}, "app/api/v1/__init__.py": {"executed_lines": [1, 4, 5, 22, 25, 26, 27, 28, 29, 30, 31, 32, 33, 34, 35, 36, 37, 38], "summary": {"covered_lines": 17, "num_statements": 17, "percent_covered": 100.0, "percent_covered_display": "100", "missing_lines": 0, "excluded_lines": 0}, "missing_lines": [], "excluded_lines": [], "functions": {"": {"executed_lines": [1, 4, 5, 22, 25, 26, 27, 28, 29, 30, 31, 32, 33, 34, 35, 36, 37, 38], "summary": {"covered_lines": 17, "num_statements": 17, "percent_covered": 100.0, "percent_covered_display": "100", "missing_lines": 0, "excluded_lines": 0}, "missing_lines": [], "excluded_lines": []}}, "classes": {"": {"executed_lines": [1, 4, 5, 22, 25, 26, 27, 28, 29, 30, 31, 32, 33, 34, 35, 36, 37, 38], "summary": {"covered_lines": 17, "num_statements": 17, "percent_covered": 100.0, "percent_covered_display": "100", "missing_lines": 0, "excluded_lines": 0}, "missing_lines": [], "excluded_lines": []}}}, "app/api/v1/agents.py": {"executed_lines": [1, 5, 6, 8, 10, 11, 12, 13, 26, 29, 34, 39, 44, 45, 69, 70, 94, 95, 118, 119, 149, 150, 173, 174, 197, 198, 221, 222, 241, 242, 261, 262, 306, 307], "summary": {"covered_lines": 33, "num_statements": 129, "percent_covered": 25.58139534883721, "percent_covered_display": "26", "missing_lines": 96, "excluded_lines": 0}, "missing_lines": [31, 36, 41, 55, 56, 58, 59, 61, 63, 64, 65, 66, 80, 81, 83, 84, 86, 88, 89, 90, 91, 104, 105, 107, 108, 110, 112, 113, 114, 115, 132, 133, 141, 143, 144, 145, 146, 159, 160, 162, 163, 165, 167, 168, 169, 170, 183, 184, 186, 187, 189, 191, 192, 193, 194, 207, 208, 210, 211, 213, 215, 216, 217, 218, 231, 232, 233, 235, 236, 237, 238, 251, 252, 253, 255, 256, 257, 258, 285, 286, 295, 296, 298, 300, 301, 302, 303, 319, 320, 322, 323, 325, 327, 328, 329, 330], "excluded_lines": [], "functions": {"get_routing_service": {"executed_lines": [], "summary": {"covered_lines": 0, "num_statements": 1, "percent_covered": 0.0, "percent_covered_display": "0", "missing_lines": 1, "excluded_lines": 0}, "missing_lines": [31], "excluded_lines": []}, "get_collaboration_service": {"executed_lines": [], "summary": {"covered_lines": 0, "num_statements": 1, "percent_covered": 0.0, "percent_covered_display": "0", "missing_lines": 1, "excluded_lines": 0}, "missing_lines": [36], "excluded_lines": []}, "get_orchestration_service": {"executed_lines": [], "summary": {"covered_lines": 0, "num_statements": 1, "percent_covered": 0.0, "percent_covered_display": "0", "missing_lines": 1, "excluded_lines": 0}, "missing_lines": [41], "excluded_lines": []}, "route_task": {"executed_lines": [], "summary": {"covered_lines": 0, "num_statements": 9, "percent_covered": 0.0, "percent_covered_display": "0", "missing_lines": 9, "excluded_lines": 0}, "missing_lines": [55, 56, 58, 59, 61, 63, 64, 65, 66], "excluded_lines": []}, "initiate_collaboration": {"executed_lines": [], "summary": {"covered_lines": 0, "num_statements": 9, "percent_covered": 0.0, "percent_covered_display": "0", "missing_lines": 9, "excluded_lines": 0}, "missing_lines": [80, 81, 83, 84, 86, 88, 89, 90, 91], "excluded_lines": []}, "get_task": {"executed_lines": [], "summary": {"covered_lines": 0, "num_statements": 9, "percent_covered": 0.0, "percent_covered_display": "0", "missing_lines": 9, "excluded_lines": 0}, "missing_lines": [104, 105, 107, 108, 110, 112, 113, 114, 115], "excluded_lines": []}, "list_tasks": {"executed_lines": [], "summary": {"covered_lines": 0, "num_statements": 7, "percent_covered": 0.0, "percent_covered_display": "0", "missing_lines": 7, "excluded_lines": 0}, "missing_lines": [132, 133, 141, 143, 144, 145, 146], "excluded_lines": []}, "cancel_task": {"executed_lines": [], "summary": {"covered_lines": 0, "num_statements": 9, "percent_covered": 0.0, "percent_covered_display": "0", "missing_lines": 9, "excluded_lines": 0}, "missing_lines": [159, 160, 162, 163, 165, 167, 168, 169, 170], "excluded_lines": []}, "retry_task": {"executed_lines": [], "summary": {"covered_lines": 0, "num_statements": 9, "percent_covered": 0.0, "percent_covered_display": "0", "missing_lines": 9, "excluded_lines": 0}, "missing_lines": [183, 184, 186, 187, 189, 191, 192, 193, 194], "excluded_lines": []}, "get_collaboration": {"executed_lines": [], "summary": {"covered_lines": 0, "num_statements": 9, "percent_covered": 0.0, "percent_covered_display": "0", "missing_lines": 9, "excluded_lines": 0}, "missing_lines": [207, 208, 210, 211, 213, 215, 216, 217, 218], "excluded_lines": []}, "get_agent_health": {"executed_lines": [], "summary": {"covered_lines": 0, "num_statements": 7, "percent_covered": 0.0, "percent_covered_display": "0", "missing_lines": 7, "excluded_lines": 0}, "missing_lines": [231, 232, 233, 235, 236, 237, 238], "excluded_lines": []}, "get_agent_metrics": {"executed_lines": [], "summary": {"covered_lines": 0, "num_statements": 7, "percent_covered": 0.0, "percent_covered_display": "0", "missing_lines": 7, "excluded_lines": 0}, "missing_lines": [251, 252, 253, 255, 256, 257, 258], "excluded_lines": []}, "orchestrate_workflow": {"executed_lines": [], "summary": {"covered_lines": 0, "num_statements": 9, "percent_covered": 0.0, "percent_covered_display": "0", "missing_lines": 9, "excluded_lines": 0}, "missing_lines": [285, 286, 295, 296, 298, 300, 301, 302, 303], "excluded_lines": []}, "get_workflow_execution": {"executed_lines": [], "summary": {"covered_lines": 0, "num_statements": 9, "percent_covered": 0.0, "percent_covered_display": "0", "missing_lines": 9, "excluded_lines": 0}, "missing_lines": [319, 320, 322, 323, 325, 327, 328, 329, 330], "excluded_lines": []}, "": {"executed_lines": [1, 5, 6, 8, 10, 11, 12, 13, 26, 29, 34, 39, 44, 45, 69, 70, 94, 95, 118, 119, 149, 150, 173, 174, 197, 198, 221, 222, 241, 242, 261, 262, 306, 307], "summary": {"covered_lines": 33, "num_statements": 33, "percent_covered": 100.0, "percent_covered_display": "100", "missing_lines": 0, "excluded_lines": 0}, "missing_lines": [], "excluded_lines": []}}, "classes": {"": {"executed_lines": [1, 5, 6, 8, 10, 11, 12, 13, 26, 29, 34, 39, 44, 45, 69, 70, 94, 95, 118, 119, 149, 150, 173, 174, 197, 198, 221, 222, 241, 242, 261, 262, 306, 307], "summary": {"covered_lines": 33, "num_statements": 129, "percent_covered": 25.58139534883721, "percent_covered_display": "26", "missing_lines": 96, "excluded_lines": 0}, "missing_lines": [31, 36, 41, 55, 56, 58, 59, 61, 63, 64, 65, 66, 80, 81, 83, 84, 86, 88, 89, 90, 91, 104, 105, 107, 108, 110, 112, 113, 114, 115, 132, 133, 141, 143, 144, 145, 146, 159, 160, 162, 163, 165, 167, 168, 169, 170, 183, 184, 186, 187, 189, 191, 192, 193, 194, 207, 208, 210, 211, 213, 215, 216, 217, 218, 231, 232, 233, 235, 236, 237, 238, 251, 252, 253, 255, 256, 257, 258, 285, 286, 295, 296, 298, 300, 301, 302, 303, 319, 320, 322, 323, 325, 327, 328, 329, 330], "excluded_lines": []}}}, "app/api/v1/briefings.py": {"executed_lines": [1, 5, 6, 7, 9, 11, 12, 24, 27, 29, 32, 33, 44, 45, 59, 61, 62, 65, 66, 75, 76, 84, 85, 89, 90, 95, 96, 144, 145, 191, 192, 241, 242, 251, 252, 261, 263, 264, 267, 268], "summary": {"covered_lines": 39, "num_statements": 120, "percent_covered": 32.5, "percent_covered_display": "32", "missing_lines": 81, "excluded_lines": 0}, "missing_lines": [49, 50, 52, 54, 55, 57, 60, 87, 91, 92, 107, 108, 109, 112, 113, 115, 123, 124, 127, 133, 134, 136, 138, 139, 140, 141, 156, 157, 158, 160, 161, 163, 171, 172, 174, 180, 181, 183, 185, 186, 187, 188, 203, 204, 206, 207, 209, 211, 219, 220, 222, 230, 231, 233, 235, 236, 237, 238, 256, 257, 259, 262, 284, 285, 289, 290, 292, 293, 295, 296, 298, 299, 301, 302, 304, 305, 307, 309, 311, 320, 321], "excluded_lines": [], "functions": {"get_briefing_service": {"executed_lines": [29], "summary": {"covered_lines": 1, "num_statements": 1, "percent_covered": 100.0, "percent_covered_display": "100", "missing_lines": 0, "excluded_lines": 0}, "missing_lines": [], "excluded_lines": []}, "get_latest_briefing": {"executed_lines": [44, 45, 59, 61, 62], "summary": {"covered_lines": 5, "num_statements": 12, "percent_covered": 41.666666666666664, "percent_covered_display": "42", "missing_lines": 7, "excluded_lines": 0}, "missing_lines": [49, 50, 52, 54, 55, 57, 60], "excluded_lines": []}, "generate_briefing": {"executed_lines": [75, 76, 84, 85, 89, 90], "summary": {"covered_lines": 6, "num_statements": 9, "percent_covered": 66.66666666666667, "percent_covered_display": "67", "missing_lines": 3, "excluded_lines": 0}, "missing_lines": [87, 91, 92], "excluded_lines": []}, "get_morning_brief": {"executed_lines": [], "summary": {"covered_lines": 0, "num_statements": 16, "percent_covered": 0.0, "percent_covered_display": "0", "missing_lines": 16, "excluded_lines": 0}, "missing_lines": [107, 108, 109, 112, 113, 115, 123, 124, 127, 133, 134, 136, 138, 139, 140, 141], "excluded_lines": []}, "get_evening_wrap": {"executed_lines": [], "summary": {"covered_lines": 0, "num_statements": 16, "percent_covered": 0.0, "percent_covered_display": "0", "missing_lines": 16, "excluded_lines": 0}, "missing_lines": [156, 157, 158, 160, 161, 163, 171, 172, 174, 180, 181, 183, 185, 186, 187, 188], "excluded_lines": []}, "get_investor_summary": {"executed_lines": [], "summary": {"covered_lines": 0, "num_statements": 16, "percent_covered": 0.0, "percent_covered_display": "0", "missing_lines": 16, "excluded_lines": 0}, "missing_lines": [203, 204, 206, 207, 209, 211, 219, 220, 222, 230, 231, 233, 235, 236, 237, 238], "excluded_lines": []}, "schedule_briefing": {"executed_lines": [251, 252, 261, 263, 264], "summary": {"covered_lines": 5, "num_statements": 9, "percent_covered": 55.55555555555556, "percent_covered_display": "56", "missing_lines": 4, "excluded_lines": 0}, "missing_lines": [256, 257, 259, 262], "excluded_lines": []}, "list_briefings": {"executed_lines": [], "summary": {"covered_lines": 0, "num_statements": 19, "percent_covered": 0.0, "percent_covered_display": "0", "missing_lines": 19, "excluded_lines": 0}, "missing_lines": [284, 285, 289, 290, 292, 293, 295, 296, 298, 299, 301, 302, 304, 305, 307, 309, 311, 320, 321], "excluded_lines": []}, "": {"executed_lines": [1, 5, 6, 7, 9, 11, 12, 24, 27, 32, 33, 65, 66, 95, 96, 144, 145, 191, 192, 241, 242, 267, 268], "summary": {"covered_lines": 22, "num_statements": 22, "percent_covered": 100.0, "percent_covered_display": "100", "missing_lines": 0, "excluded_lines": 0}, "missing_lines": [], "excluded_lines": []}}, "classes": {"": {"executed_lines": [1, 5, 6, 7, 9, 11, 12, 24, 27, 29, 32, 33, 44, 45, 59, 61, 62, 65, 66, 75, 76, 84, 85, 89, 90, 95, 96, 144, 145, 191, 192, 241, 242, 251, 252, 261, 263, 264, 267, 268], "summary": {"covered_lines": 39, "num_statements": 120, "percent_covered": 32.5, "percent_covered_display": "32", "missing_lines": 81, "excluded_lines": 0}, "missing_lines": [49, 50, 52, 54, 55, 57, 60, 87, 91, 92, 107, 108, 109, 112, 113, 115, 123, 124, 127, 133, 134, 136, 138, 139, 140, 141, 156, 157, 158, 160, 161, 163, 171, 172, 174, 180, 181, 183, 185, 186, 187, 188, 203, 204, 206, 207, 209, 211, 219, 220, 222, 230, 231, 233, 235, 236, 237, 238, 256, 257, 259, 262, 284, 285, 289, 290, 292, 293, 295, 296, 298, 299, 301, 302, 304, 305, 307, 309, 311, 320, 321], "excluded_lines": []}}}, "app/api/v1/discord.py": {"executed_lines": [1, 6, 7, 8, 10, 11, 13, 14, 19, 20, 21, 22, 25, 28, 29, 30, 31, 32, 33, 34, 35, 36, 37, 40, 41, 42, 43, 44, 45, 46, 47, 48, 49, 50, 53, 58, 59, 83, 84, 108, 109, 132, 133, 147, 149, 150, 151, 152, 153, 156, 195, 196, 197, 198, 199, 202, 203, 212, 213, 241, 242, 245, 246, 256, 257, 273, 275, 276, 277, 280, 281, 290, 291, 302, 304, 305, 306], "summary": {"covered_lines": 74, "num_statements": 121, "percent_covered": 61.15702479338843, "percent_covered_display": "61", "missing_lines": 47, "excluded_lines": 0}, "missing_lines": [55, 69, 70, 72, 73, 75, 77, 78, 79, 80, 94, 95, 97, 98, 100, 102, 103, 104, 105, 118, 119, 121, 122, 124, 126, 127, 128, 129, 177, 179, 180, 181, 183, 225, 226, 227, 239, 266, 268, 269, 271, 274, 295, 297, 298, 300, 303], "excluded_lines": [], "functions": {"get_discord_service": {"executed_lines": [], "summary": {"covered_lines": 0, "num_statements": 1, "percent_covered": 0.0, "percent_covered_display": "0", "missing_lines": 1, "excluded_lines": 0}, "missing_lines": [55], "excluded_lines": []}, "post_status_update": {"executed_lines": [], "summary": {"covered_lines": 0, "num_statements": 9, "percent_covered": 0.0, "percent_covered_display": "0", "missing_lines": 9, "excluded_lines": 0}, "missing_lines": [69, 70, 72, 73, 75, 77, 78, 79, 80], "excluded_lines": []}, "send_briefing": {"executed_lines": [], "summary": {"covered_lines": 0, "num_statements": 9, "percent_covered": 0.0, "percent_covered_display": "0", "missing_lines": 9, "excluded_lines": 0}, "missing_lines": [94, 95, 97, 98, 100, 102, 103, 104, 105], "excluded_lines": []}, "get_message": {"executed_lines": [], "summary": {"covered_lines": 0, "num_statements": 9, "percent_covered": 0.0, "percent_covered_display": "0", "missing_lines": 9, "excluded_lines": 0}, "missing_lines": [118, 119, 121, 122, 124, 126, 127, 128, 129], "excluded_lines": []}, "create_briefing_schedule": {"executed_lines": [147, 149, 150, 151, 152, 153, 156, 195, 196, 197, 198, 199], "summary": {"covered_lines": 12, "num_statements": 17, "percent_covered": 70.58823529411765, "percent_covered_display": "71", "missing_lines": 5, "excluded_lines": 0}, "missing_lines": [177, 179, 180, 181, 183], "excluded_lines": []}, "get_briefing_schedules": {"executed_lines": [212, 213, 241, 242], "summary": {"covered_lines": 4, "num_statements": 8, "percent_covered": 50.0, "percent_covered_display": "50", "missing_lines": 4, "excluded_lines": 0}, "missing_lines": [225, 226, 227, 239], "excluded_lines": []}, "update_briefing_schedule": {"executed_lines": [256, 257, 273, 275, 276, 277], "summary": {"covered_lines": 6, "num_statements": 11, "percent_covered": 54.54545454545455, "percent_covered_display": "55", "missing_lines": 5, "excluded_lines": 0}, "missing_lines": [266, 268, 269, 271, 274], "excluded_lines": []}, "delete_briefing_schedule": {"executed_lines": [290, 291, 302, 304, 305, 306], "summary": {"covered_lines": 6, "num_statements": 11, "percent_covered": 54.54545454545455, "percent_covered_display": "55", "missing_lines": 5, "excluded_lines": 0}, "missing_lines": [295, 297, 298, 300, 303], "excluded_lines": []}, "": {"executed_lines": [1, 6, 7, 8, 10, 11, 13, 14, 19, 20, 21, 22, 25, 28, 29, 30, 31, 32, 33, 34, 35, 36, 37, 40, 41, 42, 43, 44, 45, 46, 47, 48, 49, 50, 53, 58, 59, 83, 84, 108, 109, 132, 133, 202, 203, 245, 246, 280, 281], "summary": {"covered_lines": 46, "num_statements": 46, "percent_covered": 100.0, "percent_covered_display": "100", "missing_lines": 0, "excluded_lines": 0}, "missing_lines": [], "excluded_lines": []}}, "classes": {"BriefingScheduleCreate": {"executed_lines": [], "summary": {"covered_lines": 0, "num_statements": 0, "percent_covered": 100.0, "percent_covered_display": "100", "missing_lines": 0, "excluded_lines": 0}, "missing_lines": [], "excluded_lines": []}, "BriefingScheduleResponse": {"executed_lines": [], "summary": {"covered_lines": 0, "num_statements": 0, "percent_covered": 100.0, "percent_covered_display": "100", "missing_lines": 0, "excluded_lines": 0}, "missing_lines": [], "excluded_lines": []}, "": {"executed_lines": [1, 6, 7, 8, 10, 11, 13, 14, 19, 20, 21, 22, 25, 28, 29, 30, 31, 32, 33, 34, 35, 36, 37, 40, 41, 42, 43, 44, 45, 46, 47, 48, 49, 50, 53, 58, 59, 83, 84, 108, 109, 132, 133, 147, 149, 150, 151, 152, 153, 156, 195, 196, 197, 198, 199, 202, 203, 212, 213, 241, 242, 245, 246, 256, 257, 273, 275, 276, 277, 280, 281, 290, 291, 302, 304, 305, 306], "summary": {"covered_lines": 74, "num_statements": 121, "percent_covered": 61.15702479338843, "percent_covered_display": "61", "missing_lines": 47, "excluded_lines": 0}, "missing_lines": [55, 69, 70, 72, 73, 75, 77, 78, 79, 80, 94, 95, 97, 98, 100, 102, 103, 104, 105, 118, 119, 121, 122, 124, 126, 127, 128, 129, 177, 179, 180, 181, 183, 225, 226, 227, 239, 266, 268, 269, 271, 274, 295, 297, 298, 300, 303], "excluded_lines": []}}}, "app/api/v1/feedback.py": {"executed_lines": [1, 5, 6, 8, 10, 11, 23, 26, 28, 31, 32, 56, 57, 66, 67, 69, 70, 74, 75, 80, 81, 96, 97, 107, 127, 128, 139, 140, 146, 147, 151, 152, 157, 158, 167, 168, 170, 171, 175, 176, 181, 182, 193, 194, 199], "summary": {"covered_lines": 44, "num_statements": 70, "percent_covered": 62.857142857142854, "percent_covered_display": "63", "missing_lines": 26, "excluded_lines": 0}, "missing_lines": [42, 43, 45, 46, 48, 50, 51, 52, 53, 72, 76, 77, 121, 122, 123, 124, 149, 153, 154, 173, 177, 178, 201, 202, 203, 204], "excluded_lines": [], "functions": {"get_feedback_service": {"executed_lines": [28], "summary": {"covered_lines": 1, "num_statements": 1, "percent_covered": 100.0, "percent_covered_display": "100", "missing_lines": 0, "excluded_lines": 0}, "missing_lines": [], "excluded_lines": []}, "submit_feedback": {"executed_lines": [], "summary": {"covered_lines": 0, "num_statements": 9, "percent_covered": 0.0, "percent_covered_display": "0", "missing_lines": 9, "excluded_lines": 0}, "missing_lines": [42, 43, 45, 46, 48, 50, 51, 52, 53], "excluded_lines": []}, "get_feedback": {"executed_lines": [66, 67, 69, 70, 74, 75], "summary": {"covered_lines": 6, "num_statements": 9, "percent_covered": 66.66666666666667, "percent_covered_display": "67", "missing_lines": 3, "excluded_lines": 0}, "missing_lines": [72, 76, 77], "excluded_lines": []}, "list_feedback": {"executed_lines": [96, 97, 107], "summary": {"covered_lines": 3, "num_statements": 7, "percent_covered": 42.857142857142854, "percent_covered_display": "43", "missing_lines": 4, "excluded_lines": 0}, "missing_lines": [121, 122, 123, 124], "excluded_lines": []}, "update_feedback_status": {"executed_lines": [139, 140, 146, 147, 151, 152], "summary": {"covered_lines": 6, "num_statements": 9, "percent_covered": 66.66666666666667, "percent_covered_display": "67", "missing_lines": 3, "excluded_lines": 0}, "missing_lines": [149, 153, 154], "excluded_lines": []}, "upvote_feedback": {"executed_lines": [167, 168, 170, 171, 175, 176], "summary": {"covered_lines": 6, "num_statements": 9, "percent_covered": 66.66666666666667, "percent_covered_display": "67", "missing_lines": 3, "excluded_lines": 0}, "missing_lines": [173, 177, 178], "excluded_lines": []}, "get_feedback_analytics": {"executed_lines": [193, 194, 199], "summary": {"covered_lines": 3, "num_statements": 7, "percent_covered": 42.857142857142854, "percent_covered_display": "43", "missing_lines": 4, "excluded_lines": 0}, "missing_lines": [201, 202, 203, 204], "excluded_lines": []}, "": {"executed_lines": [1, 5, 6, 8, 10, 11, 23, 26, 31, 32, 56, 57, 80, 81, 127, 128, 157, 158, 181, 182], "summary": {"covered_lines": 19, "num_statements": 19, "percent_covered": 100.0, "percent_covered_display": "100", "missing_lines": 0, "excluded_lines": 0}, "missing_lines": [], "excluded_lines": []}}, "classes": {"": {"executed_lines": [1, 5, 6, 8, 10, 11, 23, 26, 28, 31, 32, 56, 57, 66, 67, 69, 70, 74, 75, 80, 81, 96, 97, 107, 127, 128, 139, 140, 146, 147, 151, 152, 157, 158, 167, 168, 170, 171, 175, 176, 181, 182, 193, 194, 199], "summary": {"covered_lines": 44, "num_statements": 70, "percent_covered": 62.857142857142854, "percent_covered_display": "63", "missing_lines": 26, "excluded_lines": 0}, "missing_lines": [42, 43, 45, 46, 48, 50, 51, 52, 53, 72, 76, 77, 121, 122, 123, 124, 149, 153, 154, 173, 177, 178, 201, 202, 203, 204], "excluded_lines": []}}}, "app/api/v1/health.py": {"executed_lines": [1, 5, 6, 7, 9, 10, 12, 15, 16, 17, 18, 19, 20, 21, 24, 25, 26, 27, 28, 31, 32, 57, 58, 76, 77], "summary": {"covered_lines": 22, "num_statements": 26, "percent_covered": 84.61538461538461, "percent_covered_display": "85", "missing_lines": 4, "excluded_lines": 0}, "missing_lines": [46, 48, 69, 84], "excluded_lines": [], "functions": {"health_check": {"executed_lines": [], "summary": {"covered_lines": 0, "num_statements": 2, "percent_covered": 0.0, "percent_covered_display": "0", "missing_lines": 2, "excluded_lines": 0}, "missing_lines": [46, 48], "excluded_lines": []}, "get_version": {"executed_lines": [], "summary": {"covered_lines": 0, "num_statements": 1, "percent_covered": 0.0, "percent_covered_display": "0", "missing_lines": 1, "excluded_lines": 0}, "missing_lines": [69], "excluded_lines": []}, "ping": {"executed_lines": [], "summary": {"covered_lines": 0, "num_statements": 1, "percent_covered": 0.0, "percent_covered_display": "0", "missing_lines": 1, "excluded_lines": 0}, "missing_lines": [84], "excluded_lines": []}, "": {"executed_lines": [1, 5, 6, 7, 9, 10, 12, 15, 16, 17, 18, 19, 20, 21, 24, 25, 26, 27, 28, 31, 32, 57, 58, 76, 77], "summary": {"covered_lines": 22, "num_statements": 22, "percent_covered": 100.0, "percent_covered_display": "100", "missing_lines": 0, "excluded_lines": 0}, "missing_lines": [], "excluded_lines": []}}, "classes": {"HealthResponse": {"executed_lines": [], "summary": {"covered_lines": 0, "num_statements": 0, "percent_covered": 100.0, "percent_covered_display": "100", "missing_lines": 0, "excluded_lines": 0}, "missing_lines": [], "excluded_lines": []}, "VersionResponse": {"executed_lines": [], "summary": {"covered_lines": 0, "num_statements": 0, "percent_covered": 100.0, "percent_covered_display": "100", "missing_lines": 0, "excluded_lines": 0}, "missing_lines": [], "excluded_lines": []}, "": {"executed_lines": [1, 5, 6, 7, 9, 10, 12, 15, 16, 17, 18, 19, 20, 21, 24, 25, 26, 27, 28, 31, 32, 57, 58, 76, 77], "summary": {"covered_lines": 22, "num_statements": 26, "percent_covered": 84.61538461538461, "percent_covered_display": "85", "missing_lines": 4, "excluded_lines": 0}, "missing_lines": [46, 48, 69, 84], "excluded_lines": []}}}, "app/api/v1/insights.py": {"executed_lines": [1, 5, 6, 7, 9, 11, 12, 26, 29, 31, 34, 35, 50, 51, 53, 86, 87, 90, 91, 106, 107, 109, 139, 140, 143, 144, 160, 161, 170, 171, 174, 175, 187, 189, 190, 194, 227, 228], "summary": {"covered_lines": 37, "num_statements": 72, "percent_covered": 51.388888888888886, "percent_covered_display": "51", "missing_lines": 35, "excluded_lines": 0}, "missing_lines": [57, 58, 60, 61, 63, 64, 67, 68, 71, 73, 75, 113, 114, 116, 117, 119, 120, 122, 123, 125, 127, 129, 168, 198, 200, 207, 208, 209, 211, 218, 219, 220, 222, 223, 225], "excluded_lines": [], "functions": {"get_anomaly_service": {"executed_lines": [31], "summary": {"covered_lines": 1, "num_statements": 1, "percent_covered": 100.0, "percent_covered_display": "100", "missing_lines": 0, "excluded_lines": 0}, "missing_lines": [], "excluded_lines": []}, "list_anomalies": {"executed_lines": [50, 51, 53, 86, 87], "summary": {"covered_lines": 5, "num_statements": 16, "percent_covered": 31.25, "percent_covered_display": "31", "missing_lines": 11, "excluded_lines": 0}, "missing_lines": [57, 58, 60, 61, 63, 64, 67, 68, 71, 73, 75], "excluded_lines": []}, "list_trends": {"executed_lines": [106, 107, 109, 139, 140], "summary": {"covered_lines": 5, "num_statements": 16, "percent_covered": 31.25, "percent_covered_display": "31", "missing_lines": 11, "excluded_lines": 0}, "missing_lines": [113, 114, 116, 117, 119, 120, 122, 123, 125, 127, 129], "excluded_lines": []}, "analyze_metric": {"executed_lines": [160, 161, 170, 171], "summary": {"covered_lines": 4, "num_statements": 5, "percent_covered": 80.0, "percent_covered_display": "80", "missing_lines": 1, "excluded_lines": 0}, "missing_lines": [168], "excluded_lines": []}, "trigger_analysis": {"executed_lines": [187, 189, 190, 194, 227, 228], "summary": {"covered_lines": 6, "num_statements": 18, "percent_covered": 33.333333333333336, "percent_covered_display": "33", "missing_lines": 12, "excluded_lines": 0}, "missing_lines": [198, 200, 207, 208, 209, 211, 218, 219, 220, 222, 223, 225], "excluded_lines": []}, "": {"executed_lines": [1, 5, 6, 7, 9, 11, 12, 26, 29, 34, 35, 90, 91, 143, 144, 174, 175], "summary": {"covered_lines": 16, "num_statements": 16, "percent_covered": 100.0, "percent_covered_display": "100", "missing_lines": 0, "excluded_lines": 0}, "missing_lines": [], "excluded_lines": []}}, "classes": {"": {"executed_lines": [1, 5, 6, 7, 9, 11, 12, 26, 29, 31, 34, 35, 50, 51, 53, 86, 87, 90, 91, 106, 107, 109, 139, 140, 143, 144, 160, 161, 170, 171, 174, 175, 187, 189, 190, 194, 227, 228], "summary": {"covered_lines": 37, "num_statements": 72, "percent_covered": 51.388888888888886, "percent_covered_display": "51", "missing_lines": 35, "excluded_lines": 0}, "missing_lines": [57, 58, 60, 61, 63, 64, 67, 68, 71, 73, 75, 113, 114, 116, 117, 119, 120, 122, 123, 125, 127, 129, 168, 198, 200, 207, 208, 209, 211, 218, 219, 220, 222, 223, 225], "excluded_lines": []}}}, "app/api/v1/integrations.py": {"executed_lines": [1, 5, 6, 8, 9, 11, 12, 13, 14, 23, 25, 28, 33, 39, 91, 96, 125, 130, 155, 160, 180, 185, 213, 218, 244, 249, 276, 281, 318, 322], "summary": {"covered_lines": 29, "num_statements": 50, "percent_covered": 58.0, "percent_covered_display": "58", "missing_lines": 21, "excluded_lines": 0}, "missing_lines": [30, 79, 88, 122, 149, 177, 210, 241, 272, 273, 303, 306, 308, 310, 315, 348, 349, 351, 352, 354, 355], "excluded_lines": [], "functions": {"get_integration_service": {"executed_lines": [], "summary": {"covered_lines": 0, "num_statements": 1, "percent_covered": 0.0, "percent_covered_display": "0", "missing_lines": 1, "excluded_lines": 0}, "missing_lines": [30], "excluded_lines": []}, "connect_integration": {"executed_lines": [], "summary": {"covered_lines": 0, "num_statements": 2, "percent_covered": 0.0, "percent_covered_display": "0", "missing_lines": 2, "excluded_lines": 0}, "missing_lines": [79, 88], "excluded_lines": []}, "get_integration_status": {"executed_lines": [], "summary": {"covered_lines": 0, "num_statements": 1, "percent_covered": 0.0, "percent_covered_display": "0", "missing_lines": 1, "excluded_lines": 0}, "missing_lines": [122], "excluded_lines": []}, "list_integrations": {"executed_lines": [], "summary": {"covered_lines": 0, "num_statements": 1, "percent_covered": 0.0, "percent_covered_display": "0", "missing_lines": 1, "excluded_lines": 0}, "missing_lines": [149], "excluded_lines": []}, "get_integration": {"executed_lines": [], "summary": {"covered_lines": 0, "num_statements": 1, "percent_covered": 0.0, "percent_covered_display": "0", "missing_lines": 1, "excluded_lines": 0}, "missing_lines": [177], "excluded_lines": []}, "check_integration_health": {"executed_lines": [], "summary": {"covered_lines": 0, "num_statements": 1, "percent_covered": 0.0, "percent_covered_display": "0", "missing_lines": 1, "excluded_lines": 0}, "missing_lines": [210], "excluded_lines": []}, "update_integration": {"executed_lines": [], "summary": {"covered_lines": 0, "num_statements": 1, "percent_covered": 0.0, "percent_covered_display": "0", "missing_lines": 1, "excluded_lines": 0}, "missing_lines": [241], "excluded_lines": []}, "disconnect_integration": {"executed_lines": [], "summary": {"covered_lines": 0, "num_statements": 2, "percent_covered": 0.0, "percent_covered_display": "0", "missing_lines": 2, "excluded_lines": 0}, "missing_lines": [272, 273], "excluded_lines": []}, "refresh_integration": {"executed_lines": [], "summary": {"covered_lines": 0, "num_statements": 5, "percent_covered": 0.0, "percent_covered_display": "0", "missing_lines": 5, "excluded_lines": 0}, "missing_lines": [303, 306, 308, 310, 315], "excluded_lines": []}, "get_health_dashboard": {"executed_lines": [], "summary": {"covered_lines": 0, "num_statements": 6, "percent_covered": 0.0, "percent_covered_display": "0", "missing_lines": 6, "excluded_lines": 0}, "missing_lines": [348, 349, 351, 352, 354, 355], "excluded_lines": []}, "": {"executed_lines": [1, 5, 6, 8, 9, 11, 12, 13, 14, 23, 25, 28, 33, 39, 91, 96, 125, 130, 155, 160, 180, 185, 213, 218, 244, 249, 276, 281, 318, 322], "summary": {"covered_lines": 29, "num_statements": 29, "percent_covered": 100.0, "percent_covered_display": "100", "missing_lines": 0, "excluded_lines": 0}, "missing_lines": [], "excluded_lines": []}}, "classes": {"": {"executed_lines": [1, 5, 6, 8, 9, 11, 12, 13, 14, 23, 25, 28, 33, 39, 91, 96, 125, 130, 155, 160, 180, 185, 213, 218, 244, 249, 276, 281, 318, 322], "summary": {"covered_lines": 29, "num_statements": 50, "percent_covered": 58.0, "percent_covered_display": "58", "missing_lines": 21, "excluded_lines": 0}, "missing_lines": [30, 79, 88, 122, 149, 177, 210, 241, 272, 273, 303, 306, 308, 310, 315, 348, 349, 351, 352, 354, 355], "excluded_lines": []}}}, "app/api/v1/kpis.py": {"executed_lines": [1, 5, 6, 7, 9, 10, 12, 13, 23, 26, 31, 32, 59, 60, 137, 138, 155, 156, 200, 201], "summary": {"covered_lines": 19, "num_statements": 74, "percent_covered": 25.675675675675677, "percent_covered_display": "26", "missing_lines": 55, "excluded_lines": 0}, "missing_lines": [28, 43, 44, 48, 49, 51, 53, 55, 56, 74, 76, 80, 81, 83, 86, 96, 97, 98, 99, 108, 109, 110, 115, 117, 118, 120, 131, 132, 133, 134, 147, 148, 149, 151, 152, 166, 168, 172, 173, 178, 181, 187, 194, 195, 196, 197, 210, 211, 215, 216, 218, 220, 221, 222, 223], "excluded_lines": [], "functions": {"get_kpi_service": {"executed_lines": [], "summary": {"covered_lines": 0, "num_statements": 1, "percent_covered": 0.0, "percent_covered_display": "0", "missing_lines": 1, "excluded_lines": 0}, "missing_lines": [28], "excluded_lines": []}, "list_kpis": {"executed_lines": [], "summary": {"covered_lines": 0, "num_statements": 8, "percent_covered": 0.0, "percent_covered_display": "0", "missing_lines": 8, "excluded_lines": 0}, "missing_lines": [43, 44, 48, 49, 51, 53, 55, 56], "excluded_lines": []}, "get_metric_history": {"executed_lines": [], "summary": {"covered_lines": 0, "num_statements": 21, "percent_covered": 0.0, "percent_covered_display": "0", "missing_lines": 21, "excluded_lines": 0}, "missing_lines": [74, 76, 80, 81, 83, 86, 96, 97, 98, 99, 108, 109, 110, 115, 117, 118, 120, 131, 132, 133, 134], "excluded_lines": []}, "get_current_snapshot": {"executed_lines": [], "summary": {"covered_lines": 0, "num_statements": 5, "percent_covered": 0.0, "percent_covered_display": "0", "missing_lines": 5, "excluded_lines": 0}, "missing_lines": [147, 148, 149, 151, 152], "excluded_lines": []}, "trigger_manual_sync": {"executed_lines": [], "summary": {"covered_lines": 0, "num_statements": 11, "percent_covered": 0.0, "percent_covered_display": "0", "missing_lines": 11, "excluded_lines": 0}, "missing_lines": [166, 168, 172, 173, 178, 181, 187, 194, 195, 196, 197], "excluded_lines": []}, "get_sync_status": {"executed_lines": [], "summary": {"covered_lines": 0, "num_statements": 9, "percent_covered": 0.0, "percent_covered_display": "0", "missing_lines": 9, "excluded_lines": 0}, "missing_lines": [210, 211, 215, 216, 218, 220, 221, 222, 223], "excluded_lines": []}, "": {"executed_lines": [1, 5, 6, 7, 9, 10, 12, 13, 23, 26, 31, 32, 59, 60, 137, 138, 155, 156, 200, 201], "summary": {"covered_lines": 19, "num_statements": 19, "percent_covered": 100.0, "percent_covered_display": "100", "missing_lines": 0, "excluded_lines": 0}, "missing_lines": [], "excluded_lines": []}}, "classes": {"": {"executed_lines": [1, 5, 6, 7, 9, 10, 12, 13, 23, 26, 31, 32, 59, 60, 137, 138, 155, 156, 200, 201], "summary": {"covered_lines": 19, "num_statements": 74, "percent_covered": 25.675675675675677, "percent_covered_display": "26", "missing_lines": 55, "excluded_lines": 0}, "missing_lines": [28, 43, 44, 48, 49, 51, 53, 55, 56, 74, 76, 80, 81, 83, 86, 96, 97, 98, 99, 108, 109, 110, 115, 117, 118, 120, 131, 132, 133, 134, 147, 148, 149, 151, 152, 166, 168, 172, 173, 178, 181, 187, 194, 195, 196, 197, 210, 211, 215, 216, 218, 220, 221, 222, 223], "excluded_lines": []}}}, "app/api/v1/loom.py": {"executed_lines": [1, 5, 6, 8, 10, 11, 21, 24, 26, 29, 30, 54, 55, 66, 67, 69, 70, 74, 75, 80, 81, 90, 91, 93, 94, 98, 99, 104, 105], "summary": {"covered_lines": 28, "num_statements": 50, "percent_covered": 56.0, "percent_covered_display": "56", "missing_lines": 22, "excluded_lines": 0}, "missing_lines": [40, 41, 43, 44, 46, 48, 49, 50, 51, 72, 76, 77, 96, 100, 101, 118, 119, 127, 139, 140, 141, 142], "excluded_lines": [], "functions": {"get_loom_service": {"executed_lines": [26], "summary": {"covered_lines": 1, "num_statements": 1, "percent_covered": 100.0, "percent_covered_display": "100", "missing_lines": 0, "excluded_lines": 0}, "missing_lines": [], "excluded_lines": []}, "ingest_video": {"executed_lines": [], "summary": {"covered_lines": 0, "num_statements": 9, "percent_covered": 0.0, "percent_covered_display": "0", "missing_lines": 9, "excluded_lines": 0}, "missing_lines": [40, 41, 43, 44, 46, 48, 49, 50, 51], "excluded_lines": []}, "summarize_video": {"executed_lines": [66, 67, 69, 70, 74, 75], "summary": {"covered_lines": 6, "num_statements": 9, "percent_covered": 66.66666666666667, "percent_covered_display": "67", "missing_lines": 3, "excluded_lines": 0}, "missing_lines": [72, 76, 77], "excluded_lines": []}, "get_video": {"executed_lines": [90, 91, 93, 94, 98, 99], "summary": {"covered_lines": 6, "num_statements": 9, "percent_covered": 66.66666666666667, "percent_covered_display": "67", "missing_lines": 3, "excluded_lines": 0}, "missing_lines": [96, 100, 101], "excluded_lines": []}, "list_videos": {"executed_lines": [], "summary": {"covered_lines": 0, "num_statements": 7, "percent_covered": 0.0, "percent_covered_display": "0", "missing_lines": 7, "excluded_lines": 0}, "missing_lines": [118, 119, 127, 139, 140, 141, 142], "excluded_lines": []}, "": {"executed_lines": [1, 5, 6, 8, 10, 11, 21, 24, 29, 30, 54, 55, 80, 81, 104, 105], "summary": {"covered_lines": 15, "num_statements": 15, "percent_covered": 100.0, "percent_covered_display": "100", "missing_lines": 0, "excluded_lines": 0}, "missing_lines": [], "excluded_lines": []}}, "classes": {"": {"executed_lines": [1, 5, 6, 8, 10, 11, 21, 24, 26, 29, 30, 54, 55, 66, 67, 69, 70, 74, 75, 80, 81, 90, 91, 93, 94, 98, 99, 104, 105], "summary": {"covered_lines": 28, "num_statements": 50, "percent_covered": 56.0, "percent_covered_display": "56", "missing_lines": 22, "excluded_lines": 0}, "missing_lines": [40, 41, 43, 44, 46, 48, 49, 50, 51, 72, 76, 77, 96, 100, 101, 118, 119, 127, 139, 140, 141, 142], "excluded_lines": []}}}, "app/api/v1/meetings.py": {"executed_lines": [1, 5, 6, 7, 8, 10, 11, 13, 17, 18, 19, 20, 21, 22, 25, 26, 30, 32, 35, 37, 40, 41, 54, 55, 56, 59, 62, 68, 69, 75, 76, 82, 83, 93, 99, 100, 109, 111, 119, 120, 121, 124, 125, 133, 134, 135, 138, 139, 140, 142, 143, 146, 149, 159, 161, 170, 171, 177, 178, 183, 184, 185, 196, 197, 203, 204, 209, 210, 211, 224, 225, 230, 231, 232, 245, 246, 251, 252, 253, 254, 256, 266, 267, 273, 274, 282, 283, 286, 289, 292, 300, 302, 314, 315, 324, 325, 328, 337, 350, 352, 353, 362, 365, 368, 376, 377, 378, 384, 385, 388, 396, 397, 398], "summary": {"covered_lines": 112, "num_statements": 146, "percent_covered": 76.71232876712328, "percent_covered_display": "77", "missing_lines": 34, "excluded_lines": 0}, "missing_lines": [90, 172, 173, 174, 187, 191, 192, 194, 198, 199, 200, 213, 217, 219, 220, 221, 234, 238, 240, 241, 242, 268, 269, 270, 309, 310, 311, 343, 344, 345, 355, 359, 403, 404], "excluded_lines": [], "functions": {"get_supabase_client": {"executed_lines": [32], "summary": {"covered_lines": 1, "num_statements": 1, "percent_covered": 100.0, "percent_covered_display": "100", "missing_lines": 0, "excluded_lines": 0}, "missing_lines": [], "excluded_lines": []}, "get_api_keys": {"executed_lines": [37], "summary": {"covered_lines": 1, "num_statements": 1, "percent_covered": 100.0, "percent_covered_display": "100", "missing_lines": 0, "excluded_lines": 0}, "missing_lines": [], "excluded_lines": []}, "ingest_meeting": {"executed_lines": [54, 55, 56, 59, 62, 68, 69, 75, 76, 82, 83, 93, 99, 100, 109, 111, 119, 120, 121], "summary": {"covered_lines": 19, "num_statements": 20, "percent_covered": 95.0, "percent_covered_display": "95", "missing_lines": 1, "excluded_lines": 0}, "missing_lines": [90], "excluded_lines": []}, "summarize_meeting": {"executed_lines": [133, 134, 135, 138, 139, 140, 142, 143, 146, 149, 159, 161, 170, 171], "summary": {"covered_lines": 14, "num_statements": 17, "percent_covered": 82.3529411764706, "percent_covered_display": "82", "missing_lines": 3, "excluded_lines": 0}, "missing_lines": [172, 173, 174], "excluded_lines": []}, "get_meeting_summary": {"executed_lines": [183, 184, 185, 196, 197], "summary": {"covered_lines": 5, "num_statements": 12, "percent_covered": 41.666666666666664, "percent_covered_display": "42", "missing_lines": 7, "excluded_lines": 0}, "missing_lines": [187, 191, 192, 194, 198, 199, 200], "excluded_lines": []}, "get_meeting_action_items": {"executed_lines": [209, 210, 211], "summary": {"covered_lines": 3, "num_statements": 8, "percent_covered": 37.5, "percent_covered_display": "38", "missing_lines": 5, "excluded_lines": 0}, "missing_lines": [213, 217, 219, 220, 221], "excluded_lines": []}, "get_meeting_decisions": {"executed_lines": [230, 231, 232], "summary": {"covered_lines": 3, "num_statements": 8, "percent_covered": 37.5, "percent_covered_display": "38", "missing_lines": 5, "excluded_lines": 0}, "missing_lines": [234, 238, 240, 241, 242], "excluded_lines": []}, "get_meeting_status": {"executed_lines": [251, 252, 253, 254, 256, 266, 267], "summary": {"covered_lines": 7, "num_statements": 10, "percent_covered": 70.0, "percent_covered_display": "70", "missing_lines": 3, "excluded_lines": 0}, "missing_lines": [268, 269, 270], "excluded_lines": []}, "create_tasks_from_meeting": {"executed_lines": [282, 283, 286, 289, 292, 300, 302], "summary": {"covered_lines": 7, "num_statements": 10, "percent_covered": 70.0, "percent_covered_display": "70", "missing_lines": 3, "excluded_lines": 0}, "missing_lines": [309, 310, 311], "excluded_lines": []}, "batch_summarize_meetings": {"executed_lines": [324, 325, 328, 337], "summary": {"covered_lines": 4, "num_statements": 7, "percent_covered": 57.142857142857146, "percent_covered_display": "57", "missing_lines": 3, "excluded_lines": 0}, "missing_lines": [343, 344, 345], "excluded_lines": []}, "_get_meeting": {"executed_lines": [352, 353], "summary": {"covered_lines": 2, "num_statements": 4, "percent_covered": 50.0, "percent_covered_display": "50", "missing_lines": 2, "excluded_lines": 0}, "missing_lines": [355, 359], "excluded_lines": []}, "_get_platform_credentials": {"executed_lines": [365], "summary": {"covered_lines": 1, "num_statements": 1, "percent_covered": 100.0, "percent_covered_display": "100", "missing_lines": 0, "excluded_lines": 0}, "missing_lines": [], "excluded_lines": []}, "_trigger_summarization": {"executed_lines": [376, 377, 378, 384, 385], "summary": {"covered_lines": 5, "num_statements": 5, "percent_covered": 100.0, "percent_covered_display": "100", "missing_lines": 0, "excluded_lines": 0}, "missing_lines": [], "excluded_lines": []}, "_batch_summarize": {"executed_lines": [396, 397, 398], "summary": {"covered_lines": 3, "num_statements": 5, "percent_covered": 60.0, "percent_covered_display": "60", "missing_lines": 2, "excluded_lines": 0}, "missing_lines": [403, 404], "excluded_lines": []}, "": {"executed_lines": [1, 5, 6, 7, 8, 10, 11, 13, 17, 18, 19, 20, 21, 22, 25, 26, 30, 35, 40, 41, 124, 125, 177, 178, 203, 204, 224, 225, 245, 246, 273, 274, 314, 315, 350, 362, 368, 388], "summary": {"covered_lines": 37, "num_statements": 37, "percent_covered": 100.0, "percent_covered_display": "100", "missing_lines": 0, "excluded_lines": 0}, "missing_lines": [], "excluded_lines": []}}, "classes": {"": {"executed_lines": [1, 5, 6, 7, 8, 10, 11, 13, 17, 18, 19, 20, 21, 22, 25, 26, 30, 32, 35, 37, 40, 41, 54, 55, 56, 59, 62, 68, 69, 75, 76, 82, 83, 93, 99, 100, 109, 111, 119, 120, 121, 124, 125, 133, 134, 135, 138, 139, 140, 142, 143, 146, 149, 159, 161, 170, 171, 177, 178, 183, 184, 185, 196, 197, 203, 204, 209, 210, 211, 224, 225, 230, 231, 232, 245, 246, 251, 252, 253, 254, 256, 266, 267, 273, 274, 282, 283, 286, 289, 292, 300, 302, 314, 315, 324, 325, 328, 337, 350, 352, 353, 362, 365, 368, 376, 377, 378, 384, 385, 388, 396, 397, 398], "summary": {"covered_lines": 112, "num_statements": 146, "percent_covered": 76.71232876712328, "percent_covered_display": "77", "missing_lines": 34, "excluded_lines": 0}, "missing_lines": [90, 172, 173, 174, 187, 191, 192, 194, 198, 199, 200, 213, 217, 219, 220, 221, 234, 238, 240, 241, 242, 268, 269, 270, 309, 310, 311, 343, 344, 345, 355, 359, 403, 404], "excluded_lines": []}}}, "app/api/v1/oauth.py": {"executed_lines": [1, 5, 6, 7, 9, 10, 11, 12, 14, 15, 16, 17, 18, 19, 20, 27, 29, 30, 31, 34, 36, 39, 41, 44, 45, 46, 47, 49, 50, 58, 59, 60, 61, 62, 64, 65, 74, 79, 193, 197, 236, 238, 247, 248, 255, 262, 265, 273, 282, 283, 284, 285, 288, 296, 305, 307, 310, 315, 317, 318, 320, 326, 331, 389, 394], "summary": {"covered_lines": 62, "num_statements": 134, "percent_covered": 46.26865671641791, "percent_covered_display": "46", "missing_lines": 72, "excluded_lines": 0}, "missing_lines": [118, 120, 121, 122, 128, 129, 131, 132, 133, 134, 135, 136, 137, 139, 140, 143, 144, 150, 151, 153, 154, 157, 170, 171, 172, 173, 175, 177, 183, 184, 185, 186, 187, 239, 241, 249, 316, 359, 361, 366, 367, 373, 375, 377, 379, 380, 381, 382, 383, 425, 427, 430, 431, 432, 439, 440, 441, 444, 445, 449, 450, 459, 460, 469, 470, 475, 477, 479, 480, 481, 482, 483], "excluded_lines": [], "functions": {"get_oauth_service": {"executed_lines": [36], "summary": {"covered_lines": 1, "num_statements": 1, "percent_covered": 100.0, "percent_covered_display": "100", "missing_lines": 0, "excluded_lines": 0}, "missing_lines": [], "excluded_lines": []}, "get_integration_service": {"executed_lines": [41], "summary": {"covered_lines": 1, "num_statements": 1, "percent_covered": 100.0, "percent_covered_display": "100", "missing_lines": 0, "excluded_lines": 0}, "missing_lines": [], "excluded_lines": []}, "initiate_oauth": {"executed_lines": [], "summary": {"covered_lines": 0, "num_statements": 33, "percent_covered": 0.0, "percent_covered_display": "0", "missing_lines": 33, "excluded_lines": 0}, "missing_lines": [118, 120, 121, 122, 128, 129, 131, 132, 133, 134, 135, 136, 137, 139, 140, 143, 144, 150, 151, 153, 154, 157, 170, 171, 172, 173, 175, 177, 183, 184, 185, 186, 187], "excluded_lines": []}, "oauth_callback": {"executed_lines": [236, 238, 247, 248, 255, 262, 265, 273, 282, 283, 284, 285, 288, 296, 305, 307, 310, 315, 317, 318, 320], "summary": {"covered_lines": 21, "num_statements": 25, "percent_covered": 84.0, "percent_covered_display": "84", "missing_lines": 4, "excluded_lines": 0}, "missing_lines": [239, 241, 249, 316], "excluded_lines": []}, "refresh_oauth_token": {"executed_lines": [], "summary": {"covered_lines": 0, "num_statements": 12, "percent_covered": 0.0, "percent_covered_display": "0", "missing_lines": 12, "excluded_lines": 0}, "missing_lines": [359, 361, 366, 367, 373, 375, 377, 379, 380, 381, 382, 383], "excluded_lines": []}, "revoke_oauth_token": {"executed_lines": [], "summary": {"covered_lines": 0, "num_statements": 23, "percent_covered": 0.0, "percent_covered_display": "0", "missing_lines": 23, "excluded_lines": 0}, "missing_lines": [425, 427, 430, 431, 432, 439, 440, 441, 444, 445, 449, 450, 459, 460, 469, 470, 475, 477, 479, 480, 481, 482, 483], "excluded_lines": []}, "": {"executed_lines": [1, 5, 6, 7, 9, 10, 11, 12, 14, 15, 16, 17, 18, 19, 20, 27, 29, 30, 31, 34, 39, 44, 45, 46, 47, 49, 50, 58, 59, 60, 61, 62, 64, 65, 74, 79, 193, 197, 326, 331, 389, 394], "summary": {"covered_lines": 39, "num_statements": 39, "percent_covered": 100.0, "percent_covered_display": "100", "missing_lines": 0, "excluded_lines": 0}, "missing_lines": [], "excluded_lines": []}}, "classes": {"OAuthInitiateRequest": {"executed_lines": [], "summary": {"covered_lines": 0, "num_statements": 0, "percent_covered": 100.0, "percent_covered_display": "100", "missing_lines": 0, "excluded_lines": 0}, "missing_lines": [], "excluded_lines": []}, "OAuthInitiateRequest.Config": {"executed_lines": [], "summary": {"covered_lines": 0, "num_statements": 0, "percent_covered": 100.0, "percent_covered_display": "100", "missing_lines": 0, "excluded_lines": 0}, "missing_lines": [], "excluded_lines": []}, "OAuthInitiateResponse": {"executed_lines": [], "summary": {"covered_lines": 0, "num_statements": 0, "percent_covered": 100.0, "percent_covered_display": "100", "missing_lines": 0, "excluded_lines": 0}, "missing_lines": [], "excluded_lines": []}, "OAuthInitiateResponse.Config": {"executed_lines": [], "summary": {"covered_lines": 0, "num_statements": 0, "percent_covered": 100.0, "percent_covered_display": "100", "missing_lines": 0, "excluded_lines": 0}, "missing_lines": [], "excluded_lines": []}, "": {"executed_lines": [1, 5, 6, 7, 9, 10, 11, 12, 14, 15, 16, 17, 18, 19, 20, 27, 29, 30, 31, 34, 36, 39, 41, 44, 45, 46, 47, 49, 50, 58, 59, 60, 61, 62, 64, 65, 74, 79, 193, 197, 236, 238, 247, 248, 255, 262, 265, 273, 282, 283, 284, 285, 288, 296, 305, 307, 310, 315, 317, 318, 320, 326, 331, 389, 394], "summary": {"covered_lines": 62, "num_statements": 134, "percent_covered": 46.26865671641791, "percent_covered_display": "46", "missing_lines": 72, "excluded_lines": 0}, "missing_lines": [118, 120, 121, 122, 128, 129, 131, 132, 133, 134, 135, 136, 137, 139, 140, 143, 144, 150, 151, 153, 154, 157, 170, 171, 172, 173, 175, 177, 183, 184, 185, 186, 187, 239, 241, 249, 316, 359, 361, 366, 367, 373, 375, 377, 379, 380, 381, 382, 383, 425, 427, 430, 431, 432, 439, 440, 441, 444, 445, 449, 450, 459, 460, 469, 470, 475, 477, 479, 480, 481, 482, 483], "excluded_lines": []}}}, "app/api/v1/recommendations.py": {"executed_lines": [1, 5, 6, 7, 9, 11, 12, 25, 28, 30, 33, 34, 91, 92, 122, 123, 156, 157], "summary": {"covered_lines": 17, "num_statements": 57, "percent_covered": 29.82456140350877, "percent_covered_display": "30", "missing_lines": 40, "excluded_lines": 0}, "missing_lines": [50, 51, 55, 56, 58, 59, 61, 62, 64, 65, 67, 68, 70, 71, 73, 75, 77, 87, 88, 102, 103, 105, 118, 119, 133, 135, 140, 141, 146, 152, 153, 166, 167, 171, 172, 174, 176, 177, 178, 179], "excluded_lines": [], "functions": {"get_recommendation_service": {"executed_lines": [30], "summary": {"covered_lines": 1, "num_statements": 1, "percent_covered": 100.0, "percent_covered_display": "100", "missing_lines": 0, "excluded_lines": 0}, "missing_lines": [], "excluded_lines": []}, "list_recommendations": {"executed_lines": [], "summary": {"covered_lines": 0, "num_statements": 19, "percent_covered": 0.0, "percent_covered_display": "0", "missing_lines": 19, "excluded_lines": 0}, "missing_lines": [50, 51, 55, 56, 58, 59, 61, 62, 64, 65, 67, 68, 70, 71, 73, 75, 77, 87, 88], "excluded_lines": []}, "generate_recommendations": {"executed_lines": [], "summary": {"covered_lines": 0, "num_statements": 5, "percent_covered": 0.0, "percent_covered_display": "0", "missing_lines": 5, "excluded_lines": 0}, "missing_lines": [102, 103, 105, 118, 119], "excluded_lines": []}, "submit_feedback": {"executed_lines": [], "summary": {"covered_lines": 0, "num_statements": 7, "percent_covered": 0.0, "percent_covered_display": "0", "missing_lines": 7, "excluded_lines": 0}, "missing_lines": [133, 135, 140, 141, 146, 152, 153], "excluded_lines": []}, "get_impact_tracking": {"executed_lines": [], "summary": {"covered_lines": 0, "num_statements": 9, "percent_covered": 0.0, "percent_covered_display": "0", "missing_lines": 9, "excluded_lines": 0}, "missing_lines": [166, 167, 171, 172, 174, 176, 177, 178, 179], "excluded_lines": []}, "": {"executed_lines": [1, 5, 6, 7, 9, 11, 12, 25, 28, 33, 34, 91, 92, 122, 123, 156, 157], "summary": {"covered_lines": 16, "num_statements": 16, "percent_covered": 100.0, "percent_covered_display": "100", "missing_lines": 0, "excluded_lines": 0}, "missing_lines": [], "excluded_lines": []}}, "classes": {"": {"executed_lines": [1, 5, 6, 7, 9, 11, 12, 25, 28, 30, 33, 34, 91, 92, 122, 123, 156, 157], "summary": {"covered_lines": 17, "num_statements": 57, "percent_covered": 29.82456140350877, "percent_covered_display": "30", "missing_lines": 40, "excluded_lines": 0}, "missing_lines": [50, 51, 55, 56, 58, 59, 61, 62, 64, 65, 67, 68, 70, 71, 73, 75, 77, 87, 88, 102, 103, 105, 118, 119, 133, 135, 140, 141, 146, 152, 153, 166, 167, 171, 172, 174, 176, 177, 178, 179], "excluded_lines": []}}}, "app/api/v1/voice.py": {"executed_lines": [1, 5, 6, 8, 10, 11, 22, 25, 27, 30, 31, 41, 42, 44, 45, 49, 50, 55, 56, 80, 81, 94, 95, 102, 105, 108, 126, 127, 137, 139, 145, 147, 148, 152, 153], "summary": {"covered_lines": 34, "num_statements": 55, "percent_covered": 61.81818181818182, "percent_covered_display": "62", "missing_lines": 21, "excluded_lines": 0}, "missing_lines": [47, 51, 52, 66, 67, 69, 70, 72, 74, 75, 76, 77, 103, 106, 120, 121, 122, 123, 150, 154, 155], "excluded_lines": [], "functions": {"get_voice_service": {"executed_lines": [27], "summary": {"covered_lines": 1, "num_statements": 1, "percent_covered": 100.0, "percent_covered_display": "100", "missing_lines": 0, "excluded_lines": 0}, "missing_lines": [], "excluded_lines": []}, "process_voice_command": {"executed_lines": [41, 42, 44, 45, 49, 50], "summary": {"covered_lines": 6, "num_statements": 9, "percent_covered": 66.66666666666667, "percent_covered_display": "67", "missing_lines": 3, "excluded_lines": 0}, "missing_lines": [47, 51, 52], "excluded_lines": []}, "transcribe_audio": {"executed_lines": [], "summary": {"covered_lines": 0, "num_statements": 9, "percent_covered": 0.0, "percent_covered_display": "0", "missing_lines": 9, "excluded_lines": 0}, "missing_lines": [66, 67, 69, 70, 72, 74, 75, 76, 77], "excluded_lines": []}, "get_command_history": {"executed_lines": [94, 95, 102, 105, 108], "summary": {"covered_lines": 5, "num_statements": 11, "percent_covered": 45.45454545454545, "percent_covered_display": "45", "missing_lines": 6, "excluded_lines": 0}, "missing_lines": [103, 106, 120, 121, 122, 123], "excluded_lines": []}, "get_command_detail": {"executed_lines": [137, 139, 145, 147, 148, 152, 153], "summary": {"covered_lines": 7, "num_statements": 10, "percent_covered": 70.0, "percent_covered_display": "70", "missing_lines": 3, "excluded_lines": 0}, "missing_lines": [150, 154, 155], "excluded_lines": []}, "": {"executed_lines": [1, 5, 6, 8, 10, 11, 22, 25, 30, 31, 55, 56, 80, 81, 126, 127], "summary": {"covered_lines": 15, "num_statements": 15, "percent_covered": 100.0, "percent_covered_display": "100", "missing_lines": 0, "excluded_lines": 0}, "missing_lines": [], "excluded_lines": []}}, "classes": {"": {"executed_lines": [1, 5, 6, 8, 10, 11, 22, 25, 27, 30, 31, 41, 42, 44, 45, 49, 50, 55, 56, 80, 81, 94, 95, 102, 105, 108, 126, 127, 137, 139, 145, 147, 148, 152, 153], "summary": {"covered_lines": 34, "num_statements": 55, "percent_covered": 61.81818181818182, "percent_covered_display": "62", "missing_lines": 21, "excluded_lines": 0}, "missing_lines": [47, 51, 52, 66, 67, 69, 70, 72, 74, 75, 76, 77, 103, 106, 120, 121, 122, 123, 150, 154, 155], "excluded_lines": []}}}, "app/api/v1/workspaces.py": {"executed_lines": [1, 5, 6, 8, 9, 11, 12, 13, 14, 20, 22, 25, 30, 36, 58, 63, 89, 94, 122, 127, 152, 157], "summary": {"covered_lines": 21, "num_statements": 30, "percent_covered": 70.0, "percent_covered_display": "70", "missing_lines": 9, "excluded_lines": 0}, "missing_lines": [27, 55, 85, 86, 114, 119, 149, 183, 184], "excluded_lines": [], "functions": {"get_workspace_service": {"executed_lines": [], "summary": {"covered_lines": 0, "num_statements": 1, "percent_covered": 0.0, "percent_covered_display": "0", "missing_lines": 1, "excluded_lines": 0}, "missing_lines": [27], "excluded_lines": []}, "create_workspace": {"executed_lines": [], "summary": {"covered_lines": 0, "num_statements": 1, "percent_covered": 0.0, "percent_covered_display": "0", "missing_lines": 1, "excluded_lines": 0}, "missing_lines": [55], "excluded_lines": []}, "get_workspace": {"executed_lines": [], "summary": {"covered_lines": 0, "num_statements": 2, "percent_covered": 0.0, "percent_covered_display": "0", "missing_lines": 2, "excluded_lines": 0}, "missing_lines": [85, 86], "excluded_lines": []}, "list_workspaces": {"executed_lines": [], "summary": {"covered_lines": 0, "num_statements": 2, "percent_covered": 0.0, "percent_covered_display": "0", "missing_lines": 2, "excluded_lines": 0}, "missing_lines": [114, 119], "excluded_lines": []}, "update_workspace": {"executed_lines": [], "summary": {"covered_lines": 0, "num_statements": 1, "percent_covered": 0.0, "percent_covered_display": "0", "missing_lines": 1, "excluded_lines": 0}, "missing_lines": [149], "excluded_lines": []}, "delete_workspace": {"executed_lines": [], "summary": {"covered_lines": 0, "num_statements": 2, "percent_covered": 0.0, "percent_covered_display": "0", "missing_lines": 2, "excluded_lines": 0}, "missing_lines": [183, 184], "excluded_lines": []}, "": {"executed_lines": [1, 5, 6, 8, 9, 11, 12, 13, 14, 20, 22, 25, 30, 36, 58, 63, 89, 94, 122, 127, 152, 157], "summary": {"covered_lines": 21, "num_statements": 21, "percent_covered": 100.0, "percent_covered_display": "100", "missing_lines": 0, "excluded_lines": 0}, "missing_lines": [], "excluded_lines": []}}, "classes": {"": {"executed_lines": [1, 5, 6, 8, 9, 11, 12, 13, 14, 20, 22, 25, 30, 36, 58, 63, 89, 94, 122, 127, 152, 157], "summary": {"covered_lines": 21, "num_statements": 30, "percent_covered": 70.0, "percent_covered_display": "70", "missing_lines": 9, "excluded_lines": 0}, "missing_lines": [27, 55, 85, 86, 114, 119, 149, 183, 184], "excluded_lines": []}}}, "app/api/webhooks/__init__.py": {"executed_lines": [1], "summary": {"covered_lines": 0, "num_statements": 0, "percent_covered": 100.0, "percent_covered_display": "100", "missing_lines": 0, "excluded_lines": 0}, "missing_lines": [], "excluded_lines": [], "functions": {"": {"executed_lines": [1], "summary": {"covered_lines": 0, "num_statements": 0, "percent_covered": 100.0, "percent_covered_display": "100", "missing_lines": 0, "excluded_lines": 0}, "missing_lines": [], "excluded_lines": []}}, "classes": {"": {"executed_lines": [1], "summary": {"covered_lines": 0, "num_statements": 0, "percent_covered": 100.0, "percent_covered_display": "100", "missing_lines": 0, "excluded_lines": 0}, "missing_lines": [], "excluded_lines": []}}}, "app/api/webhooks/fireflies_webhook.py": {"executed_lines": [1, 5, 6, 7, 8, 9, 11, 13, 16, 17, 20, 21, 23, 24, 25, 26, 28, 30, 31, 36, 37, 38, 39, 41, 43, 44, 45, 48, 49, 50, 53, 60, 66, 67, 68, 70, 71, 72, 74, 75, 76, 78, 79, 82, 85, 87, 90, 91, 97, 98, 100, 101, 104, 107, 108, 110, 111, 113, 115, 116, 120, 122, 124, 125, 126, 127, 128, 131, 132, 133], "summary": {"covered_lines": 68, "num_statements": 68, "percent_covered": 100.0, "percent_covered_display": "100", "missing_lines": 0, "excluded_lines": 0}, "missing_lines": [], "excluded_lines": [], "functions": {"FirefliesWebhookHandler.__init__": {"executed_lines": [24, 25, 26], "summary": {"covered_lines": 3, "num_statements": 3, "percent_covered": 100.0, "percent_covered_display": "100", "missing_lines": 0, "excluded_lines": 0}, "missing_lines": [], "excluded_lines": []}, "FirefliesWebhookHandler.verify_signature": {"executed_lines": [30, 31, 36, 37, 38, 39], "summary": {"covered_lines": 6, "num_statements": 6, "percent_covered": 100.0, "percent_covered_display": "100", "missing_lines": 0, "excluded_lines": 0}, "missing_lines": [], "excluded_lines": []}, "FirefliesWebhookHandler.handle_transcript_ready": {"executed_lines": [43, 44, 45, 48, 49, 50, 53, 60, 66, 67, 68], "summary": {"covered_lines": 11, "num_statements": 11, "percent_covered": 100.0, "percent_covered_display": "100", "missing_lines": 0, "excluded_lines": 0}, "missing_lines": [], "excluded_lines": []}, "FirefliesWebhookHandler._get_workspace_for_fireflies_account": {"executed_lines": [71, 72], "summary": {"covered_lines": 2, "num_statements": 2, "percent_covered": 100.0, "percent_covered_display": "100", "missing_lines": 0, "excluded_lines": 0}, "missing_lines": [], "excluded_lines": []}, "FirefliesWebhookHandler._get_founder_for_workspace": {"executed_lines": [75, 76], "summary": {"covered_lines": 2, "num_statements": 2, "percent_covered": 100.0, "percent_covered_display": "100", "missing_lines": 0, "excluded_lines": 0}, "missing_lines": [], "excluded_lines": []}, "FirefliesWebhookHandler._get_fireflies_credentials": {"executed_lines": [79], "summary": {"covered_lines": 1, "num_statements": 1, "percent_covered": 100.0, "percent_covered_display": "100", "missing_lines": 0, "excluded_lines": 0}, "missing_lines": [], "excluded_lines": []}, "init_webhook_handler": {"executed_lines": [87], "summary": {"covered_lines": 1, "num_statements": 1, "percent_covered": 100.0, "percent_covered_display": "100", "missing_lines": 0, "excluded_lines": 0}, "missing_lines": [], "excluded_lines": []}, "fireflies_webhook": {"executed_lines": [97, 98, 100, 101, 104, 107, 108, 110, 111, 113, 115, 116, 120, 122, 124, 125, 126, 127, 128], "summary": {"covered_lines": 19, "num_statements": 19, "percent_covered": 100.0, "percent_covered_display": "100", "missing_lines": 0, "excluded_lines": 0}, "missing_lines": [], "excluded_lines": []}, "webhook_status": {"executed_lines": [133], "summary": {"covered_lines": 1, "num_statements": 1, "percent_covered": 100.0, "percent_covered_display": "100", "missing_lines": 0, "excluded_lines": 0}, "missing_lines": [], "excluded_lines": []}, "": {"executed_lines": [1, 5, 6, 7, 8, 9, 11, 13, 16, 17, 20, 21, 23, 28, 41, 70, 74, 78, 82, 85, 90, 91, 131, 132], "summary": {"covered_lines": 22, "num_statements": 22, "percent_covered": 100.0, "percent_covered_display": "100", "missing_lines": 0, "excluded_lines": 0}, "missing_lines": [], "excluded_lines": []}}, "classes": {"FirefliesWebhookHandler": {"executed_lines": [24, 25, 26, 30, 31, 36, 37, 38, 39, 43, 44, 45, 48, 49, 50, 53, 60, 66, 67, 68, 71, 72, 75, 76, 79], "summary": {"covered_lines": 25, "num_statements": 25, "percent_covered": 100.0, "percent_covered_display": "100", "missing_lines": 0, "excluded_lines": 0}, "missing_lines": [], "excluded_lines": []}, "": {"executed_lines": [1, 5, 6, 7, 8, 9, 11, 13, 16, 17, 20, 21, 23, 28, 41, 70, 74, 78, 82, 85, 87, 90, 91, 97, 98, 100, 101, 104, 107, 108, 110, 111, 113, 115, 116, 120, 122, 124, 125, 126, 127, 128, 131, 132, 133], "summary": {"covered_lines": 43, "num_statements": 43, "percent_covered": 100.0, "percent_covered_display": "100", "missing_lines": 0, "excluded_lines": 0}, "missing_lines": [], "excluded_lines": []}}}, "app/api/webhooks/otter_webhook.py": {"executed_lines": [1, 5, 6, 7, 8, 9, 11, 13, 16, 17, 20, 21, 23, 24, 25, 26, 28, 30, 31, 36, 37, 38, 39, 41, 43, 44, 45, 47, 48, 49, 51, 58, 64, 65, 66, 68, 69, 70, 72, 73, 74, 76, 77, 80, 83, 85, 88, 89, 95, 96, 98, 99, 101, 104, 105, 107, 108, 110, 112, 113, 117, 119, 121, 122, 123, 124, 125, 128, 129, 130], "summary": {"covered_lines": 68, "num_statements": 68, "percent_covered": 100.0, "percent_covered_display": "100", "missing_lines": 0, "excluded_lines": 0}, "missing_lines": [], "excluded_lines": [], "functions": {"OtterWebhookHandler.__init__": {"executed_lines": [24, 25, 26], "summary": {"covered_lines": 3, "num_statements": 3, "percent_covered": 100.0, "percent_covered_display": "100", "missing_lines": 0, "excluded_lines": 0}, "missing_lines": [], "excluded_lines": []}, "OtterWebhookHandler.verify_signature": {"executed_lines": [30, 31, 36, 37, 38, 39], "summary": {"covered_lines": 6, "num_statements": 6, "percent_covered": 100.0, "percent_covered_display": "100", "missing_lines": 0, "excluded_lines": 0}, "missing_lines": [], "excluded_lines": []}, "OtterWebhookHandler.handle_speech_created": {"executed_lines": [43, 44, 45, 47, 48, 49, 51, 58, 64, 65, 66], "summary": {"covered_lines": 11, "num_statements": 11, "percent_covered": 100.0, "percent_covered_display": "100", "missing_lines": 0, "excluded_li
[...]
3, 34, 35], "summary": {"covered_lines": 7, "num_statements": 7, "percent_covered": 100.0, "percent_covered_display": "100", "missing_lines": 0, "excluded_lines": 0}, "missing_lines": [], "excluded_lines": []}, "DiscordScheduler.start": {"executed_lines": [], "summary": {"covered_lines": 0, "num_statements": 9, "percent_covered": 0.0, "percent_covered_display": "0", "missing_lines": 9, "excluded_lines": 0}, "missing_lines": [39, 40, 42, 43, 44, 46, 47, 48, 49], "excluded_lines": []}, "DiscordScheduler.stop": {"executed_lines": [53, 54], "summary": {"covered_lines": 2, "num_statements": 2, "percent_covered": 100.0, "percent_covered_display": "100", "missing_lines": 0, "excluded_lines": 0}, "missing_lines": [], "excluded_lines": []}, "DiscordScheduler._check_and_send_briefings": {"executed_lines": [61, 64, 65, 68, 73], "summary": {"covered_lines": 5, "num_statements": 9, "percent_covered": 55.55555555555556, "percent_covered_display": "56", "missing_lines": 4, "excluded_lines": 0}, "missing_lines": [69, 70, 74, 75], "excluded_lines": []}, "DiscordScheduler._is_time_to_send_for_schedule": {"executed_lines": [], "summary": {"covered_lines": 0, "num_statements": 8, "percent_covered": 0.0, "percent_covered_display": "0", "missing_lines": 8, "excluded_lines": 0}, "missing_lines": [96, 98, 99, 102, 105, 107, 108, 110], "excluded_lines": []}, "DiscordScheduler._send_briefing_for_schedule": {"executed_lines": [], "summary": {"covered_lines": 0, "num_statements": 15, "percent_covered": 0.0, "percent_covered_display": "0", "missing_lines": 15, "excluded_lines": 0}, "missing_lines": [124, 125, 126, 129, 130, 133, 134, 141, 142, 145, 148, 158, 160, 164, 165], "excluded_lines": []}, "DiscordScheduler._is_time_to_send": {"executed_lines": [181, 182, 184], "summary": {"covered_lines": 3, "num_statements": 3, "percent_covered": 100.0, "percent_covered_display": "100", "missing_lines": 0, "excluded_lines": 0}, "missing_lines": [], "excluded_lines": []}, "DiscordScheduler._send_all_morning_briefings": {"executed_lines": [188, 189, 192, 194, 195, 197, 202, 205, 211, 212, 215, 218, 228, 230, 234, 235], "summary": {"covered_lines": 16, "num_statements": 18, "percent_covered": 88.88888888888889, "percent_covered_display": "89", "missing_lines": 2, "excluded_lines": 0}, "missing_lines": [239, 240], "excluded_lines": []}, "DiscordScheduler._send_all_evening_briefings": {"executed_lines": [244, 245, 248, 250, 251, 253, 258, 261, 267, 274, 284, 286], "summary": {"covered_lines": 12, "num_statements": 18, "percent_covered": 66.66666666666667, "percent_covered_display": "67", "missing_lines": 6, "excluded_lines": 0}, "missing_lines": [268, 271, 290, 291, 295, 296], "excluded_lines": []}, "DiscordScheduler._get_active_schedules": {"executed_lines": [305, 306, 307, 324, 325, 326, 335, 337, 338, 339], "summary": {"covered_lines": 10, "num_statements": 10, "percent_covered": 100.0, "percent_covered_display": "100", "missing_lines": 0, "excluded_lines": 0}, "missing_lines": [], "excluded_lines": []}, "DiscordScheduler._already_sent_today": {"executed_lines": [348, 349, 351, 352, 371, 372, 374, 375, 376], "summary": {"covered_lines": 9, "num_statements": 9, "percent_covered": 100.0, "percent_covered_display": "100", "missing_lines": 0, "excluded_lines": 0}, "missing_lines": [], "excluded_lines": []}, "": {"executed_lines": [1, 6, 7, 8, 9, 10, 12, 13, 14, 15, 16, 17, 18, 21, 22, 25, 26, 28, 37, 51, 56, 77, 112, 169, 186, 242, 298, 341, 380], "summary": {"covered_lines": 27, "num_statements": 27, "percent_covered": 100.0, "percent_covered_display": "100", "missing_lines": 0, "excluded_lines": 0}, "missing_lines": [], "excluded_lines": []}}, "classes": {"DiscordScheduler": {"executed_lines": [29, 30, 31, 32, 33, 34, 35, 53, 54, 61, 64, 65, 68, 73, 181, 182, 184, 188, 189, 192, 194, 195, 197, 202, 205, 211, 212, 215, 218, 228, 230, 234, 235, 244, 245, 248, 250, 251, 253, 258, 261, 267, 274, 284, 286, 305, 306, 307, 324, 325, 326, 335, 337, 338, 339, 348, 349, 351, 352, 371, 372, 374, 375, 376], "summary": {"covered_lines": 64, "num_statements": 108, "percent_covered": 59.25925925925926, "percent_covered_display": "59", "missing_lines": 44, "excluded_lines": 0}, "missing_lines": [39, 40, 42, 43, 44, 46, 47, 48, 49, 69, 70, 74, 75, 96, 98, 99, 102, 105, 107, 108, 110, 124, 125, 126, 129, 130, 133, 134, 141, 142, 145, 148, 158, 160, 164, 165, 239, 240, 268, 271, 290, 291, 295, 296], "excluded_lines": []}, "": {"executed_lines": [1, 6, 7, 8, 9, 10, 12, 13, 14, 15, 16, 17, 18, 21, 22, 25, 26, 28, 37, 51, 56, 77, 112, 169, 186, 242, 298, 341, 380], "summary": {"covered_lines": 27, "num_statements": 27, "percent_covered": 100.0, "percent_covered_display": "100", "missing_lines": 0, "excluded_lines": 0}, "missing_lines": [], "excluded_lines": []}}}, "app/tasks/integration_health.py": {"executed_lines": [1, 5, 6, 7, 8, 9, 11, 12, 14, 15, 18, 21, 24, 31, 32, 35, 38, 41, 44, 45, 47, 53, 54, 55, 60, 61, 64, 69, 70, 71, 74, 77, 79, 80, 81, 83, 86, 87, 88, 89, 92, 95, 96, 101, 102, 105, 114, 115, 118, 128, 129, 130, 135, 139, 140, 141, 142, 145, 155, 156, 159, 162, 165, 167, 168, 170, 171, 172, 176, 181, 184, 187, 189, 190, 191, 192, 193, 195, 196, 201], "summary": {"covered_lines": 79, "num_statements": 85, "percent_covered": 92.94117647058823, "percent_covered_display": "93", "missing_lines": 6, "excluded_lines": 0}, "missing_lines": [132, 206, 208, 209, 210, 211], "excluded_lines": [], "functions": {"run_workspace_health_check": {"executed_lines": [31, 32, 35, 38, 41, 44, 45, 47, 53, 54, 55, 60, 61], "summary": {"covered_lines": 13, "num_statements": 13, "percent_covered": 100.0, "percent_covered_display": "100", "missing_lines": 0, "excluded_lines": 0}, "missing_lines": [], "excluded_lines": []}, "run_all_workspaces_health_check": {"executed_lines": [69, 70, 71, 74, 77, 79, 80, 81, 83, 86, 87, 88, 89, 92, 95, 96, 101, 102], "summary": {"covered_lines": 18, "num_statements": 18, "percent_covered": 100.0, "percent_covered_display": "100", "missing_lines": 0, "excluded_lines": 0}, "missing_lines": [], "excluded_lines": []}, "schedule_health_checks": {"executed_lines": [114, 115, 118, 128, 129, 130], "summary": {"covered_lines": 6, "num_statements": 7, "percent_covered": 85.71428571428571, "percent_covered_display": "86", "missing_lines": 1, "excluded_lines": 0}, "missing_lines": [132], "excluded_lines": []}, "stop_health_checks": {"executed_lines": [139, 140, 141, 142], "summary": {"covered_lines": 4, "num_statements": 4, "percent_covered": 100.0, "percent_covered_display": "100", "missing_lines": 0, "excluded_lines": 0}, "missing_lines": [], "excluded_lines": []}, "run_immediate_health_check_for_workspace": {"executed_lines": [155, 156, 159, 162, 165, 167, 168, 170, 171, 172], "summary": {"covered_lines": 10, "num_statements": 10, "percent_covered": 100.0, "percent_covered_display": "100", "missing_lines": 0, "excluded_lines": 0}, "missing_lines": [], "excluded_lines": []}, "test_health_check_task": {"executed_lines": [181, 184, 187, 189, 190, 191, 192, 193, 195, 196], "summary": {"covered_lines": 10, "num_statements": 10, "percent_covered": 100.0, "percent_covered_display": "100", "missing_lines": 0, "excluded_lines": 0}, "missing_lines": [], "excluded_lines": []}, "init_scheduler": {"executed_lines": [], "summary": {"covered_lines": 0, "num_statements": 5, "percent_covered": 0.0, "percent_covered_display": "0", "missing_lines": 5, "excluded_lines": 0}, "missing_lines": [206, 208, 209, 210, 211], "excluded_lines": []}, "": {"executed_lines": [1, 5, 6, 7, 8, 9, 11, 12, 14, 15, 18, 21, 24, 64, 105, 135, 145, 176, 201], "summary": {"covered_lines": 18, "num_statements": 18, "percent_covered": 100.0, "percent_covered_display": "100", "missing_lines": 0, "excluded_lines": 0}, "missing_lines": [], "excluded_lines": []}}, "classes": {"": {"executed_lines": [1, 5, 6, 7, 8, 9, 11, 12, 14, 15, 18, 21, 24, 31, 32, 35, 38, 41, 44, 45, 47, 53, 54, 55, 60, 61, 64, 69, 70, 71, 74, 77, 79, 80, 81, 83, 86, 87, 88, 89, 92, 95, 96, 101, 102, 105, 114, 115, 118, 128, 129, 130, 135, 139, 140, 141, 142, 145, 155, 156, 159, 162, 165, 167, 168, 170, 171, 172, 176, 181, 184, 187, 189, 190, 191, 192, 193, 195, 196, 201], "summary": {"covered_lines": 79, "num_statements": 85, "percent_covered": 92.94117647058823, "percent_covered_display": "93", "missing_lines": 6, "excluded_lines": 0}, "missing_lines": [132, 206, 208, 209, 210, 211], "excluded_lines": []}}}, "app/tasks/kpi_sync.py": {"executed_lines": [1, 5, 6, 7, 8, 10, 11, 14, 17, 18, 20, 21, 22, 23, 24, 26, 28, 30, 32, 36, 38, 39, 40, 41, 43, 46, 52, 53, 58, 64, 66, 67, 69, 71, 72, 74, 76, 77, 88, 90, 91, 93, 96, 105, 111, 112, 114, 116, 117, 121], "summary": {"covered_lines": 48, "num_statements": 48, "percent_covered": 100.0, "percent_covered_display": "100", "missing_lines": 0, "excluded_lines": 0}, "missing_lines": [], "excluded_lines": [], "functions": {"KPISyncJob.__init__": {"executed_lines": [21, 22, 23, 24], "summary": {"covered_lines": 4, "num_statements": 4, "percent_covered": 100.0, "percent_covered_display": "100", "missing_lines": 0, "excluded_lines": 0}, "missing_lines": [], "excluded_lines": []}, "KPISyncJob.sync_all_workspaces": {"executed_lines": [28, 30, 32, 36, 38, 39, 40, 41, 43, 46, 52, 53, 58, 64, 66, 67, 69, 71, 72], "summary": {"covered_lines": 19, "num_statements": 19, "percent_covered": 100.0, "percent_covered_display": "100", "missing_lines": 0, "excluded_lines": 0}, "missing_lines": [], "excluded_lines": []}, "KPISyncJob._log_sync_event": {"executed_lines": [76, 77, 88, 90, 91], "summary": {"covered_lines": 5, "num_statements": 5, "percent_covered": 100.0, "percent_covered_display": "100", "missing_lines": 0, "excluded_lines": 0}, "missing_lines": [], "excluded_lines": []}, "KPISyncJob.start": {"executed_lines": [96, 105, 111, 112], "summary": {"covered_lines": 4, "num_statements": 4, "percent_covered": 100.0, "percent_covered_display": "100", "missing_lines": 0, "excluded_lines": 0}, "missing_lines": [], "excluded_lines": []}, "KPISyncJob.stop": {"executed_lines": [116, 117], "summary": {"covered_lines": 2, "num_statements": 2, "percent_covered": 100.0, "percent_covered_display": "100", "missing_lines": 0, "excluded_lines": 0}, "missing_lines": [], "excluded_lines": []}, "": {"executed_lines": [1, 5, 6, 7, 8, 10, 11, 14, 17, 18, 20, 26, 74, 93, 114, 121], "summary": {"covered_lines": 14, "num_statements": 14, "percent_covered": 100.0, "percent_covered_display": "100", "missing_lines": 0, "excluded_lines": 0}, "missing_lines": [], "excluded_lines": []}}, "classes": {"KPISyncJob": {"executed_lines": [21, 22, 23, 24, 28, 30, 32, 36, 38, 39, 40, 41, 43, 46, 52, 53, 58, 64, 66, 67, 69, 71, 72, 76, 77, 88, 90, 91, 96, 105, 111, 112, 116, 117], "summary": {"covered_lines": 34, "num_statements": 34, "percent_covered": 100.0, "percent_covered_display": "100", "missing_lines": 0, "excluded_lines": 0}, "missing_lines": [], "excluded_lines": []}, "": {"executed_lines": [1, 5, 6, 7, 8, 10, 11, 14, 17, 18, 20, 26, 74, 93, 114, 121], "summary": {"covered_lines": 14, "num_statements": 14, "percent_covered": 100.0, "percent_covered_display": "100", "missing_lines": 0, "excluded_lines": 0}, "missing_lines": [], "excluded_lines": []}}}, "app/zerodb_client.py": {"executed_lines": [1, 14, 15, 16, 17, 19, 21, 24, 25, 30, 32, 33, 34, 35, 36, 37, 39, 40, 41, 43, 45, 50, 51, 52, 55, 60, 64, 66, 67, 68, 69, 71, 72, 74, 76, 84, 105, 107, 115, 120, 121, 123, 144, 146, 150, 151, 152, 153, 154, 155, 157, 162, 163, 165, 182, 184, 188, 191, 196, 197, 201, 220, 221, 223, 225, 232, 237, 238, 240, 255, 257, 262, 267, 268, 270, 289, 291, 298, 303, 304, 306, 308, 310, 314, 315, 317, 319, 321, 325, 326, 330, 336, 338, 343, 348, 349, 351, 357, 359, 364, 365, 367, 374, 376, 377, 378, 380, 385, 386, 388, 395, 397, 402, 403, 405, 407, 409, 413, 414, 418, 425, 427, 433, 438, 439, 441, 447, 449, 454, 459, 460, 464, 466, 468, 472, 473, 475, 477, 479, 483, 484, 486, 488, 489, 493, 496, 505], "summary": {"covered_lines": 145, "num_statements": 146, "percent_covered": 99.31506849315069, "percent_covered_display": "99", "missing_lines": 1, "excluded_lines": 0}, "missing_lines": [189], "excluded_lines": [], "functions": {"ZeroDBClient.__init__": {"executed_lines": [32, 33, 34, 35, 36, 37, 39, 40, 41, 43], "summary": {"covered_lines": 10, "num_statements": 10, "percent_covered": 100.0, "percent_covered_display": "100", "missing_lines": 0, "excluded_lines": 0}, "missing_lines": [], "excluded_lines": []}, "ZeroDBClient._ensure_authenticated": {"executed_lines": [50, 51, 52, 55, 60, 64, 66, 67, 68, 69, 71, 72], "summary": {"covered_lines": 12, "num_statements": 12, "percent_covered": 100.0, "percent_covered_display": "100", "missing_lines": 0, "excluded_lines": 0}, "missing_lines": [], "excluded_lines": []}, "ZeroDBClient._get_headers": {"executed_lines": [76], "summary": {"covered_lines": 1, "num_statements": 1, "percent_covered": 100.0, "percent_covered_display": "100", "missing_lines": 0, "excluded_lines": 0}, "missing_lines": [], "excluded_lines": []}, "ZeroDBClient.store_memory": {"executed_lines": [105, 107, 115, 120, 121], "summary": {"covered_lines": 5, "num_statements": 5, "percent_covered": 100.0, "percent_covered_display": "100", "missing_lines": 0, "excluded_lines": 0}, "missing_lines": [], "excluded_lines": []}, "ZeroDBClient.search_memory": {"executed_lines": [144, 146, 150, 151, 152, 153, 154, 155, 157, 162, 163], "summary": {"covered_lines": 11, "num_statements": 11, "percent_covered": 100.0, "percent_covered_display": "100", "missing_lines": 0, "excluded_lines": 0}, "missing_lines": [], "excluded_lines": []}, "ZeroDBClient.get_context": {"executed_lines": [182, 184, 188, 191, 196, 197], "summary": {"covered_lines": 6, "num_statements": 7, "percent_covered": 85.71428571428571, "percent_covered_display": "86", "missing_lines": 1, "excluded_lines": 0}, "missing_lines": [189], "excluded_lines": []}, "ZeroDBClient.store_vector": {"executed_lines": [220, 221, 223, 225, 232, 237, 238], "summary": {"covered_lines": 7, "num_statements": 7, "percent_covered": 100.0, "percent_covered_display": "100", "missing_lines": 0, "excluded_lines": 0}, "missing_lines": [], "excluded_lines": []}, "ZeroDBClient.batch_upsert_vectors": {"executed_lines": [255, 257, 262, 267, 268], "summary": {"covered_lines": 5, "num_statements": 5, "percent_covered": 100.0, "percent_covered_display": "100", "missing_lines": 0, "excluded_lines": 0}, "missing_lines": [], "excluded_lines": []}, "ZeroDBClient.search_vectors": {"executed_lines": [289, 291, 298, 303, 304], "summary": {"covered_lines": 5, "num_statements": 5, "percent_covered": 100.0, "percent_covered_display": "100", "missing_lines": 0, "excluded_lines": 0}, "missing_lines": [], "excluded_lines": []}, "ZeroDBClient.delete_vector": {"executed_lines": [308, 310, 314, 315], "summary": {"covered_lines": 4, "num_statements": 4, "percent_covered": 100.0, "percent_covered_display": "100", "missing_lines": 0, "excluded_lines": 0}, "missing_lines": [], "excluded_lines": []}, "ZeroDBClient.get_vector": {"executed_lines": [319, 321, 325, 326], "summary": {"covered_lines": 4, "num_statements": 4, "percent_covered": 100.0, "percent_covered_display": "100", "missing_lines": 0, "excluded_lines": 0}, "missing_lines": [], "excluded_lines": []}, "ZeroDBClient.create_table": {"executed_lines": [336, 338, 343, 348, 349], "summary": {"covered_lines": 5, "num_statements": 5, "percent_covered": 100.0, "percent_covered_display": "100", "missing_lines": 0, "excluded_lines": 0}, "missing_lines": [], "excluded_lines": []}, "ZeroDBClient.insert_row": {"executed_lines": [357, 359, 364, 365], "summary": {"covered_lines": 4, "num_statements": 4, "percent_covered": 100.0, "percent_covered_display": "100", "missing_lines": 0, "excluded_lines": 0}, "missing_lines": [], "excluded_lines": []}, "ZeroDBClient.query_table": {"executed_lines": [374, 376, 377, 378, 380, 385, 386], "summary": {"covered_lines": 7, "num_statements": 7, "percent_covered": 100.0, "percent_covered_display": "100", "missing_lines": 0, "excluded_lines": 0}, "missing_lines": [], "excluded_lines": []}, "ZeroDBClient.update_row": {"executed_lines": [395, 397, 402, 403], "summary": {"covered_lines": 4, "num_statements": 4, "percent_covered": 100.0, "percent_covered_display": "100", "missing_lines": 0, "excluded_lines": 0}, "missing_lines": [], "excluded_lines": []}, "ZeroDBClient.delete_row": {"executed_lines": [407, 409, 413, 414], "summary": {"covered_lines": 4, "num_statements": 4, "percent_covered": 100.0, "percent_covered_display": "100", "missing_lines": 0, "excluded_lines": 0}, "missing_lines": [], "excluded_lines": []}, "ZeroDBClient.publish_event": {"executed_lines": [425, 427, 433, 438, 439], "summary": {"covered_lines": 5, "num_statements": 5, "percent_covered": 100.0, "percent_covered_display": "100", "missing_lines": 0, "excluded_lines": 0}, "missing_lines": [], "excluded_lines": []}, "ZeroDBClient.subscribe_to_events": {"executed_lines": [447, 449, 454, 459, 460], "summary": {"covered_lines": 5, "num_statements": 5, "percent_covered": 100.0, "percent_covered_display": "100", "missing_lines": 0, "excluded_lines": 0}, "missing_lines": [], "excluded_lines": []}, "ZeroDBClient.health_check": {"executed_lines": [466, 468, 472, 473], "summary": {"covered_lines": 4, "num_statements": 4, "percent_covered": 100.0, "percent_covered_display": "100", "missing_lines": 0, "excluded_lines": 0}, "missing_lines": [], "excluded_lines": []}, "ZeroDBClient.get_project_usage": {"executed_lines": [477, 479, 483, 484], "summary": {"covered_lines": 4, "num_statements": 4, "percent_covered": 100.0, "percent_covered_display": "100", "missing_lines": 0, "excluded_lines": 0}, "missing_lines": [], "excluded_lines": []}, "ZeroDBClient.close": {"executed_lines": [488, 489], "summary": {"covered_lines": 2, "num_statements": 2, "percent_covered": 100.0, "percent_covered_display": "100", "missing_lines": 0, "excluded_lines": 0}, "missing_lines": [], "excluded_lines": []}, "get_zerodb": {"executed_lines": [505], "summary": {"covered_lines": 1, "num_statements": 1, "percent_covered": 100.0, "percent_covered_display": "100", "missing_lines": 0, "excluded_lines": 0}, "missing_lines": [], "excluded_lines": []}, "": {"executed_lines": [1, 14, 15, 16, 17, 19, 21, 24, 25, 30, 45, 74, 84, 123, 165, 201, 240, 270, 306, 317, 330, 351, 367, 388, 405, 418, 441, 464, 475, 486, 493, 496], "summary": {"covered_lines": 30, "num_statements": 30, "percent_covered": 100.0, "percent_covered_display": "100", "missing_lines": 0, "excluded_lines": 0}, "missing_lines": [], "excluded_lines": []}}, "classes": {"ZeroDBClient": {"executed_lines": [32, 33, 34, 35, 36, 37, 39, 40, 41, 43, 50, 51, 52, 55, 60, 64, 66, 67, 68, 69, 71, 72, 76, 105, 107, 115, 120, 121, 144, 146, 150, 151, 152, 153, 154, 155, 157, 162, 163, 182, 184, 188, 191, 196, 197, 220, 221, 223, 225, 232, 237, 238, 255, 257, 262, 267, 268, 289, 291, 298, 303, 304, 308, 310, 314, 315, 319, 321, 325, 326, 336, 338, 343, 348, 349, 357, 359, 364, 365, 374, 376, 377, 378, 380, 385, 386, 395, 397, 402, 403, 407, 409, 413, 414, 425, 427, 433, 438, 439, 447, 449, 454, 459, 460, 466, 468, 472, 473, 477, 479, 483, 484, 488, 489], "summary": {"covered_lines": 114, "num_statements": 115, "percent_covered": 99.1304347826087, "percent_covered_display": "99", "missing_lines": 1, "excluded_lines": 0}, "missing_lines": [189], "excluded_lines": []}, "": {"executed_lines": [1, 14, 15, 16, 17, 19, 21, 24, 25, 30, 45, 74, 84, 123, 165, 201, 240, 270, 306, 317, 330, 351, 367, 388, 405, 418, 441, 464, 475, 486, 493, 496, 505], "summary": {"covered_lines": 31, "num_statements": 31, "percent_covered": 100.0, "percent_covered_display": "100", "missing_lines": 0, "excluded_lines": 0}, "missing_lines": [], "excluded_lines": []}}}}, "totals": {"covered_lines": 7224, "num_statements": 8978, "percent_covered": 80.46335486745377, "percent_covered_display": "80", "missing_lines": 1754, "excluded_lines": 0}}